<?xml version="1.0" encoding="UTF-8"?>
<coverage generated="1739883596125" clover="3.2.0">
  <project timestamp="1739883596125" name="All files">
    <metrics statements="260" coveredstatements="258" conditionals="110" coveredconditionals="99" methods="45" coveredmethods="45" elements="415" coveredelements="402" complexity="0" loc="260" ncloc="260" packages="3" files="8" classes="8"/>
    <package name="hooks">
      <metrics statements="160" coveredstatements="159" conditionals="67" coveredconditionals="57" methods="24" coveredmethods="24"/>
      <file name="useAddTradeHistory.ts" path="/Users/jinu/Documents/Project/JeayBit/client/src/hooks/useAddTradeHistory.ts">
        <metrics statements="23" coveredstatements="23" conditionals="6" coveredconditionals="5" methods="4" coveredmethods="4"/>
        <line num="1" count="1" type="stmt"/>
        <line num="2" count="1" type="stmt"/>
        <line num="3" count="1" type="stmt"/>
        <line num="4" count="1" type="stmt"/>
        <line num="5" count="1" type="stmt"/>
        <line num="8" count="1" type="stmt"/>
        <line num="10" count="7" type="stmt"/>
        <line num="11" count="6" type="stmt"/>
        <line num="12" count="6" type="stmt"/>
        <line num="15" count="6" type="stmt"/>
        <line num="24" count="6" type="stmt"/>
        <line num="26" count="6" type="stmt"/>
        <line num="43" count="2" type="cond" truecount="2" falsecount="0"/>
        <line num="44" count="1" type="stmt"/>
        <line num="50" count="1" type="stmt"/>
        <line num="51" count="1" type="stmt"/>
        <line num="52" count="1" type="stmt"/>
        <line num="56" count="1" type="stmt"/>
        <line num="59" count="2" type="stmt"/>
        <line num="61" count="4" type="cond" truecount="2" falsecount="0"/>
        <line num="62" count="1" type="cond" truecount="1" falsecount="1"/>
        <line num="65" count="3" type="stmt"/>
        <line num="70" count="6" type="stmt"/>
      </file>
      <file name="useGetTradeHistory.ts" path="/Users/jinu/Documents/Project/JeayBit/client/src/hooks/useGetTradeHistory.ts">
        <metrics statements="28" coveredstatements="28" conditionals="3" coveredconditionals="3" methods="5" coveredmethods="5"/>
        <line num="1" count="1" type="stmt"/>
        <line num="2" count="1" type="stmt"/>
        <line num="3" count="1" type="stmt"/>
        <line num="4" count="1" type="stmt"/>
        <line num="5" count="1" type="stmt"/>
        <line num="6" count="1" type="stmt"/>
        <line num="8" count="1" type="stmt"/>
        <line num="20" count="5" type="stmt"/>
        <line num="21" count="4" type="stmt"/>
        <line num="22" count="4" type="stmt"/>
        <line num="25" count="10" type="stmt"/>
        <line num="27" count="6" type="stmt"/>
        <line num="32" count="5" type="stmt"/>
        <line num="33" count="5" type="stmt"/>
        <line num="35" count="5" type="stmt"/>
        <line num="38" count="2" type="stmt"/>
        <line num="39" count="2" type="stmt"/>
        <line num="40" count="2" type="stmt"/>
        <line num="43" count="2" type="cond" truecount="2" falsecount="0"/>
        <line num="44" count="1" type="stmt"/>
        <line num="47" count="1" type="stmt"/>
        <line num="51" count="2" type="stmt"/>
        <line num="52" count="2" type="stmt"/>
        <line num="54" count="4" type="stmt"/>
        <line num="60" count="4" type="stmt"/>
        <line num="61" count="4" type="cond" truecount="1" falsecount="0"/>
        <line num="62" count="3" type="stmt"/>
        <line num="66" count="4" type="stmt"/>
      </file>
      <file name="useTradeSection.ts" path="/Users/jinu/Documents/Project/JeayBit/client/src/hooks/useTradeSection.ts">
        <metrics statements="109" coveredstatements="108" conditionals="58" coveredconditionals="49" methods="15" coveredmethods="15"/>
        <line num="1" count="1" type="stmt"/>
        <line num="2" count="1" type="stmt"/>
        <line num="3" count="1" type="stmt"/>
        <line num="4" count="1" type="stmt"/>
        <line num="5" count="1" type="stmt"/>
        <line num="6" count="1" type="stmt"/>
        <line num="7" count="1" type="stmt"/>
        <line num="8" count="1" type="stmt"/>
        <line num="16" count="64" type="stmt"/>
        <line num="17" count="64" type="stmt"/>
        <line num="18" count="64" type="stmt"/>
        <line num="20" count="64" type="stmt"/>
        <line num="21" count="64" type="stmt"/>
        <line num="22" count="64" type="stmt"/>
        <line num="24" count="64" type="stmt"/>
        <line num="25" count="64" type="stmt"/>
        <line num="26" count="64" type="stmt"/>
        <line num="27" count="64" type="stmt"/>
        <line num="28" count="64" type="stmt"/>
        <line num="29" count="64" type="stmt"/>
        <line num="30" count="64" type="stmt"/>
        <line num="31" count="64" type="stmt"/>
        <line num="34" count="64" type="stmt"/>
        <line num="35" count="3" type="stmt"/>
        <line num="36" count="3" type="stmt"/>
        <line num="37" count="3" type="stmt"/>
        <line num="38" count="3" type="stmt"/>
        <line num="39" count="3" type="stmt"/>
        <line num="43" count="64" type="stmt"/>
        <line num="44" count="1" type="stmt"/>
        <line num="45" count="1" type="stmt"/>
        <line num="46" count="1" type="stmt"/>
        <line num="47" count="1" type="stmt"/>
        <line num="48" count="1" type="stmt"/>
        <line num="52" count="64" type="stmt"/>
        <line num="53" count="9" type="stmt"/>
        <line num="54" count="9" type="cond" truecount="2" falsecount="0"/>
        <line num="56" count="9" type="cond" truecount="1" falsecount="0"/>
        <line num="57" count="8" type="stmt"/>
        <line num="58" count="8" type="stmt"/>
        <line num="59" count="8" type="stmt"/>
        <line num="60" count="8" type="stmt"/>
        <line num="65" count="64" type="stmt"/>
        <line num="66" count="11" type="stmt"/>
        <line num="68" count="11" type="stmt"/>
        <line num="69" count="11" type="cond" truecount="0" falsecount="1"/>
        <line num="72" count="11" type="cond" truecount="2" falsecount="0"/>
        <line num="74" count="6" type="stmt"/>
        <line num="77" count="6" type="stmt"/>
        <line num="78" count="6" type="stmt"/>
        <line num="81" count="6" type="stmt"/>
        <line num="83" count="6" type="stmt"/>
        <line num="86" count="6" type="stmt"/>
        <line num="87" count="6" type="stmt"/>
        <line num="90" count="5" type="cond" truecount="1" falsecount="0"/>
        <line num="92" count="5" type="stmt"/>
        <line num="94" count="5" type="cond" truecount="6" falsecount="0"/>
        <line num="97" count="5" type="cond" truecount="3" falsecount="0"/>
        <line num="99" count="4" type="stmt"/>
        <line num="101" count="4" type="stmt"/>
        <line num="104" count="4" type="stmt"/>
        <line num="105" count="4" type="stmt"/>
        <line num="108" count="4" type="stmt"/>
        <line num="110" count="4" type="stmt"/>
        <line num="111" count="4" type="stmt"/>
        <line num="117" count="64" type="stmt"/>
        <line num="118" count="4" type="stmt"/>
        <line num="119" count="4" type="stmt"/>
        <line num="121" count="4" type="cond" truecount="3" falsecount="0"/>
        <line num="122" count="3" type="stmt"/>
        <line num="123" count="3" type="stmt"/>
        <line num="125" count="3" type="stmt"/>
        <line num="128" count="3" type="cond" truecount="2" falsecount="1"/>
        <line num="129" count="0" type="stmt"/>
        <line num="132" count="3" type="stmt"/>
        <line num="133" count="3" type="stmt"/>
        <line num="138" count="64" type="stmt"/>
        <line num="140" count="6" type="cond" truecount="4" falsecount="0"/>
        <line num="142" count="1" type="stmt"/>
        <line num="143" count="1" type="stmt"/>
        <line num="144" count="5" type="cond" truecount="1" falsecount="0"/>
        <line num="146" count="2" type="stmt"/>
        <line num="148" count="2" type="cond" truecount="7" falsecount="0"/>
        <line num="149" count="1" type="stmt"/>
        <line num="150" count="1" type="stmt"/>
        <line num="153" count="1" type="cond" truecount="1" falsecount="0"/>
        <line num="154" count="1" type="stmt"/>
        <line num="155" count="1" type="stmt"/>
        <line num="159" count="3" type="stmt"/>
        <line num="161" count="3" type="stmt"/>
        <line num="174" count="3" type="stmt"/>
        <line num="175" count="3" type="stmt"/>
        <line num="178" count="64" type="stmt"/>
        <line num="179" count="3" type="cond" truecount="2" falsecount="0"/>
        <line num="180" count="1" type="stmt"/>
        <line num="181" count="1" type="stmt"/>
        <line num="184" count="2" type="cond" truecount="4" falsecount="0"/>
        <line num="185" count="1" type="stmt"/>
        <line num="186" count="1" type="stmt"/>
        <line num="190" count="1" type="stmt"/>
        <line num="196" count="64" type="stmt"/>
        <line num="198" count="20" type="stmt"/>
        <line num="199" count="20" type="stmt"/>
        <line num="202" count="20" type="stmt"/>
        <line num="203" count="20" type="stmt"/>
        <line num="205" count="20" type="cond" truecount="3" falsecount="0"/>
        <line num="206" count="20" type="stmt"/>
        <line num="207" count="20" type="stmt"/>
        <line num="211" count="64" type="stmt"/>
      </file>
    </package>
    <package name="utils.format">
      <metrics statements="54" coveredstatements="53" conditionals="24" coveredconditionals="23" methods="4" coveredmethods="4"/>
      <file name="adjustInputValue.ts" path="/Users/jinu/Documents/Project/JeayBit/client/src/utils/format/adjustInputValue.ts">
        <metrics statements="15" coveredstatements="15" conditionals="8" coveredconditionals="8" methods="1" coveredmethods="1"/>
        <line num="2" count="2" type="stmt"/>
        <line num="3" count="45" type="cond" truecount="1" falsecount="0"/>
        <line num="4" count="3" type="stmt"/>
        <line num="8" count="42" type="stmt"/>
        <line num="11" count="42" type="stmt"/>
        <line num="12" count="42" type="cond" truecount="1" falsecount="0"/>
        <line num="13" count="15" type="stmt"/>
        <line num="17" count="42" type="cond" truecount="3" falsecount="0"/>
        <line num="19" count="12" type="cond" truecount="1" falsecount="0"/>
        <line num="20" count="5" type="stmt"/>
        <line num="25" count="42" type="cond" truecount="1" falsecount="0"/>
        <line num="26" count="3" type="stmt"/>
        <line num="30" count="42" type="cond" truecount="1" falsecount="0"/>
        <line num="31" count="4" type="stmt"/>
        <line num="34" count="42" type="stmt"/>
      </file>
      <file name="adjustSize.ts" path="/Users/jinu/Documents/Project/JeayBit/client/src/utils/format/adjustSize.ts">
        <metrics statements="13" coveredstatements="12" conditionals="6" coveredconditionals="5" methods="1" coveredmethods="1"/>
        <line num="2" count="1" type="stmt"/>
        <line num="3" count="12" type="stmt"/>
        <line num="6" count="12" type="stmt"/>
        <line num="9" count="12" type="cond" truecount="2" falsecount="0"/>
        <line num="10" count="2" type="stmt"/>
        <line num="15" count="10" type="cond" truecount="0" falsecount="1"/>
        <line num="16" count="0" type="stmt"/>
        <line num="20" count="10" type="cond" truecount="2" falsecount="0"/>
        <line num="21" count="2" type="stmt"/>
        <line num="24" count="8" type="cond" truecount="1" falsecount="0"/>
        <line num="25" count="4" type="stmt"/>
        <line num="26" count="4" type="stmt"/>
        <line num="30" count="12" type="stmt"/>
      </file>
      <file name="formatWithComas.ts" path="/Users/jinu/Documents/Project/JeayBit/client/src/utils/format/formatWithComas.ts">
        <metrics statements="13" coveredstatements="13" conditionals="4" coveredconditionals="4" methods="1" coveredmethods="1"/>
        <line num="2" count="1" type="stmt"/>
        <line num="3" count="10" type="cond" truecount="1" falsecount="0"/>
        <line num="5" count="8" type="cond" truecount="1" falsecount="0"/>
        <line num="6" count="4" type="stmt"/>
        <line num="7" count="4" type="cond" truecount="1" falsecount="0"/>
        <line num="8" count="2" type="stmt"/>
        <line num="9" count="2" type="stmt"/>
        <line num="11" count="2" type="stmt"/>
        <line num="14" count="4" type="cond" truecount="1" falsecount="0"/>
        <line num="15" count="4" type="stmt"/>
        <line num="17" count="6" type="stmt"/>
        <line num="18" count="6" type="stmt"/>
        <line num="20" count="6" type="stmt"/>
      </file>
      <file name="limitDecimalPlace.ts" path="/Users/jinu/Documents/Project/JeayBit/client/src/utils/format/limitDecimalPlace.ts">
        <metrics statements="13" coveredstatements="13" conditionals="6" coveredconditionals="6" methods="1" coveredmethods="1"/>
        <line num="2" count="2" type="stmt"/>
        <line num="4" count="26" type="cond" truecount="1" falsecount="0"/>
        <line num="5" count="2" type="stmt"/>
        <line num="9" count="24" type="cond" truecount="1" falsecount="0"/>
        <line num="10" count="2" type="stmt"/>
        <line num="14" count="22" type="stmt"/>
        <line num="15" count="22" type="cond" truecount="1" falsecount="0"/>
        <line num="16" count="4" type="stmt"/>
        <line num="19" count="18" type="cond" truecount="2" falsecount="0"/>
        <line num="20" count="18" type="cond" truecount="1" falsecount="0"/>
        <line num="22" count="3" type="stmt"/>
        <line num="23" count="3" type="stmt"/>
        <line num="25" count="15" type="stmt"/>
      </file>
    </package>
    <package name="utils.sort">
      <metrics statements="46" coveredstatements="46" conditionals="19" coveredconditionals="19" methods="17" coveredmethods="17"/>
      <file name="sortData.ts" path="/Users/jinu/Documents/Project/JeayBit/client/src/utils/sort/sortData.ts">
        <metrics statements="46" coveredstatements="46" conditionals="19" coveredconditionals="19" methods="17" coveredmethods="17"/>
        <line num="4" count="1" type="stmt"/>
        <line num="6" count="5" type="stmt"/>
        <line num="7" count="23" type="cond" truecount="2" falsecount="0"/>
        <line num="8" count="15" type="stmt"/>
        <line num="9" count="8" type="cond" truecount="1" falsecount="0"/>
        <line num="10" count="5" type="stmt"/>
        <line num="12" count="3" type="stmt"/>
        <line num="17" count="1" type="stmt"/>
        <line num="18" count="5" type="stmt"/>
        <line num="19" count="15" type="cond" truecount="2" falsecount="0"/>
        <line num="20" count="3" type="stmt"/>
        <line num="21" count="12" type="cond" truecount="1" falsecount="0"/>
        <line num="22" count="9" type="stmt"/>
        <line num="24" count="3" type="stmt"/>
        <line num="29" count="1" type="stmt"/>
        <line num="30" count="34" type="stmt"/>
        <line num="31" count="34" type="stmt"/>
        <line num="32" count="34" type="stmt"/>
        <line num="34" count="7" type="cond" truecount="2" falsecount="0"/>
        <line num="35" count="5" type="stmt"/>
        <line num="36" count="4" type="stmt"/>
        <line num="37" count="4" type="stmt"/>
        <line num="39" count="4" type="stmt"/>
        <line num="40" count="3" type="cond" truecount="1" falsecount="0"/>
        <line num="41" count="2" type="stmt"/>
        <line num="42" count="2" type="stmt"/>
        <line num="43" count="3" type="stmt"/>
        <line num="45" count="2" type="stmt"/>
        <line num="48" count="1" type="stmt"/>
        <line num="52" count="1" type="stmt"/>
        <line num="53" count="5" type="stmt"/>
        <line num="54" count="23" type="cond" truecount="2" falsecount="0"/>
        <line num="55" count="15" type="stmt"/>
        <line num="56" count="8" type="cond" truecount="1" falsecount="0"/>
        <line num="57" count="5" type="stmt"/>
        <line num="59" count="3" type="stmt"/>
        <line num="63" count="1" type="stmt"/>
        <line num="64" count="9" type="cond" truecount="2" falsecount="0"/>
        <line num="65" count="2" type="stmt"/>
        <line num="66" count="7" type="cond" truecount="2" falsecount="0"/>
        <line num="67" count="2" type="stmt"/>
        <line num="68" count="5" type="cond" truecount="2" falsecount="0"/>
        <line num="69" count="2" type="stmt"/>
        <line num="70" count="3" type="cond" truecount="1" falsecount="0"/>
        <line num="71" count="2" type="stmt"/>
        <line num="73" count="1" type="stmt"/>
      </file>
    </package>
  </project>
</coverage>
