{"/Users/jinu/Documents/Project/JeayBit/client/src/hooks/useAddTradeHistory.ts": {"path":"/Users/jinu/Documents/Project/JeayBit/client/src/hooks/useAddTradeHistory.ts","statementMap":{"0":{"start":{"line":1,"column":0},"end":{"line":1,"column":26}},"1":{"start":{"line":2,"column":0},"end":{"line":2,"column":64}},"2":{"start":{"line":3,"column":0},"end":{"line":3,"column":88}},"3":{"start":{"line":4,"column":0},"end":{"line":4,"column":70}},"4":{"start":{"line":5,"column":0},"end":{"line":5,"column":61}},"5":{"start":{"line":8,"column":16},"end":{"line":8,"column":45}},"6":{"start":{"line":10,"column":0},"end":{"line":10,"column":24}},"7":{"start":{"line":11,"column":19},"end":{"line":11,"column":35}},"8":{"start":{"line":12,"column":25},"end":{"line":12,"column":70}},"9":{"start":{"line":12,"column":49},"end":{"line":12,"column":70}},"10":{"start":{"line":15,"column":30},"end":{"line":68,"column":null}},"11":{"start":{"line":24,"column":26},"end":{"line":68,"column":null}},"12":{"start":{"line":26,"column":23},"end":{"line":39,"column":null}},"13":{"start":{"line":26,"column":12},"end":{"line":39,"column":null}},"14":{"start":{"line":43,"column":6},"end":{"line":57,"column":null}},"15":{"start":{"line":44,"column":14},"end":{"line":48,"column":null}},"16":{"start":{"line":50,"column":8},"end":{"line":50,"column":62}},"17":{"start":{"line":51,"column":8},"end":{"line":51,"column":49}},"18":{"start":{"line":52,"column":8},"end":{"line":52,"column":56}},"19":{"start":{"line":56,"column":8},"end":{"line":56,"column":70}},"20":{"start":{"line":59,"column":6},"end":{"line":59,"column":29}},"21":{"start":{"line":61,"column":6},"end":{"line":66,"column":null}},"22":{"start":{"line":62,"column":8},"end":{"line":62,"column":60}},"23":{"start":{"line":65,"column":8},"end":{"line":65,"column":19}},"24":{"start":{"line":70,"column":2},"end":{"line":70,"column":29}}},"fnMap":{"0":{"name":"useAddTradeHistory","decl":{"start":{"line":10,"column":24},"end":{"line":10,"column":42}},"loc":{"start":{"line":10,"column":42},"end":{"line":71,"column":1}}},"1":{"name":"(anonymous_17)","decl":{"start":{"line":12,"column":40},"end":{"line":12,"column":45}},"loc":{"start":{"line":12,"column":45},"end":{"line":12,"column":54}}},"2":{"name":"(anonymous_18)","decl":{"start":{"line":15,"column":30},"end":{"line":15,"column":37}},"loc":{"start":{"line":24,"column":26},"end":{"line":68,"column":null}}},"3":{"name":"(anonymous_19)","decl":{"start":{"line":24,"column":26},"end":{"line":24,"column":null}},"loc":{"start":{"line":24,"column":26},"end":{"line":68,"column":null}}}},"branchMap":{"0":{"loc":{"start":{"line":43,"column":6},"end":{"line":57,"column":null}},"type":"if","locations":[{"start":{"line":43,"column":6},"end":{"line":57,"column":null}},{"start":{"line":55,"column":11},"end":{"line":57,"column":null}}]},"1":{"loc":{"start":{"line":61,"column":6},"end":{"line":66,"column":null}},"type":"if","locations":[{"start":{"line":61,"column":6},"end":{"line":66,"column":null}},{"start":{"line":64,"column":11},"end":{"line":66,"column":null}}]},"2":{"loc":{"start":{"line":62,"column":15},"end":{"line":62,"column":59}},"type":"cond-expr","locations":[{"start":{"line":62,"column":32},"end":{"line":62,"column":53}},{"start":{"line":62,"column":56},"end":{"line":62,"column":59}}]}},"s":{"0":1,"1":1,"2":1,"3":1,"4":1,"5":1,"6":7,"7":6,"8":6,"9":6,"10":6,"11":6,"12":6,"13":6,"14":2,"15":1,"16":1,"17":1,"18":1,"19":1,"20":2,"21":4,"22":1,"23":3,"24":6},"f":{"0":6,"1":6,"2":6,"3":6},"b":{"0":[1,1],"1":[1,3],"2":[0,1]}}
,"/Users/jinu/Documents/Project/JeayBit/client/src/hooks/useGetTradeHistory.ts": {"path":"/Users/jinu/Documents/Project/JeayBit/client/src/hooks/useGetTradeHistory.ts","statementMap":{"0":{"start":{"line":1,"column":0},"end":{"line":1,"column":26}},"1":{"start":{"line":2,"column":0},"end":{"line":2,"column":64}},"2":{"start":{"line":3,"column":0},"end":{"line":3,"column":64}},"3":{"start":{"line":4,"column":0},"end":{"line":4,"column":88}},"4":{"start":{"line":5,"column":0},"end":{"line":5,"column":63}},"5":{"start":{"line":6,"column":0},"end":{"line":6,"column":34}},"6":{"start":{"line":8,"column":16},"end":{"line":8,"column":45}},"7":{"start":{"line":20,"column":0},"end":{"line":20,"column":24}},"8":{"start":{"line":21,"column":19},"end":{"line":21,"column":35}},"9":{"start":{"line":22,"column":15},"end":{"line":22,"column":50}},"10":{"start":{"line":22,"column":39},"end":{"line":22,"column":50}},"11":{"start":{"line":25,"column":26},"end":{"line":58,"column":null}},"12":{"start":{"line":27,"column":23},"end":{"line":29,"column":null}},"13":{"start":{"line":27,"column":12},"end":{"line":29,"column":null}},"14":{"start":{"line":32,"column":12},"end":{"line":32,"column":48}},"15":{"start":{"line":33,"column":12},"end":{"line":33,"column":50}},"16":{"start":{"line":35,"column":12},"end":{"line":35,"column":41}},"17":{"start":{"line":38,"column":6},"end":{"line":49,"column":9}},"18":{"start":{"line":39,"column":21},"end":{"line":39,"column":45}},"19":{"start":{"line":40,"column":30},"end":{"line":40,"column":52}},"20":{"start":{"line":43,"column":8},"end":{"line":48,"column":null}},"21":{"start":{"line":44,"column":10},"end":{"line":44,"column":61}},"22":{"start":{"line":47,"column":10},"end":{"line":47,"column":63}},"23":{"start":{"line":51,"column":6},"end":{"line":51,"column":40}},"24":{"start":{"line":52,"column":6},"end":{"line":52,"column":50}},"25":{"start":{"line":54,"column":6},"end":{"line":56,"column":10}},"26":{"start":{"line":60,"column":2},"end":{"line":64,"column":19}},"27":{"start":{"line":61,"column":4},"end":{"line":63,"column":null}},"28":{"start":{"line":62,"column":6},"end":{"line":62,"column":24}},"29":{"start":{"line":66,"column":2},"end":{"line":66,"column":25}}},"fnMap":{"0":{"name":"useTradeHistory","decl":{"start":{"line":20,"column":24},"end":{"line":20,"column":39}},"loc":{"start":{"line":20,"column":39},"end":{"line":67,"column":1}}},"1":{"name":"(anonymous_17)","decl":{"start":{"line":22,"column":30},"end":{"line":22,"column":35}},"loc":{"start":{"line":22,"column":35},"end":{"line":22,"column":44}}},"2":{"name":"(anonymous_18)","decl":{"start":{"line":25,"column":26},"end":{"line":25,"column":null}},"loc":{"start":{"line":25,"column":26},"end":{"line":58,"column":null}}},"3":{"name":"(anonymous_21)","decl":{"start":{"line":38,"column":27},"end":{"line":38,"column":28}},"loc":{"start":{"line":38,"column":65},"end":{"line":49,"column":7}}},"4":{"name":"(anonymous_22)","decl":{"start":{"line":60,"column":12},"end":{"line":60,"column":null}},"loc":{"start":{"line":60,"column":12},"end":{"line":64,"column":3}}}},"branchMap":{"0":{"loc":{"start":{"line":43,"column":8},"end":{"line":48,"column":null}},"type":"if","locations":[{"start":{"line":43,"column":8},"end":{"line":48,"column":null}},{"start":{"line":46,"column":13},"end":{"line":48,"column":null}}]},"1":{"loc":{"start":{"line":61,"column":4},"end":{"line":63,"column":null}},"type":"if","locations":[{"start":{"line":61,"column":4},"end":{"line":63,"column":null}}]}},"s":{"0":1,"1":1,"2":1,"3":1,"4":1,"5":1,"6":1,"7":5,"8":4,"9":4,"10":4,"11":10,"12":6,"13":6,"14":5,"15":5,"16":5,"17":2,"18":2,"19":2,"20":2,"21":1,"22":1,"23":2,"24":2,"25":4,"26":4,"27":4,"28":3,"29":4},"f":{"0":4,"1":4,"2":12,"3":2,"4":4},"b":{"0":[1,1],"1":[3]}}
,"/Users/jinu/Documents/Project/JeayBit/client/src/hooks/useTradeSection.ts": {"path":"/Users/jinu/Documents/Project/JeayBit/client/src/hooks/useTradeSection.ts","statementMap":{"0":{"start":{"line":1,"column":0},"end":{"line":1,"column":44}},"1":{"start":{"line":2,"column":0},"end":{"line":2,"column":63}},"2":{"start":{"line":3,"column":0},"end":{"line":3,"column":71}},"3":{"start":{"line":4,"column":0},"end":{"line":4,"column":64}},"4":{"start":{"line":5,"column":0},"end":{"line":5,"column":68}},"5":{"start":{"line":6,"column":0},"end":{"line":6,"column":64}},"6":{"start":{"line":7,"column":0},"end":{"line":7,"column":66}},"7":{"start":{"line":8,"column":0},"end":{"line":8,"column":54}},"8":{"start":{"line":16,"column":31},"end":{"line":227,"column":1}},"9":{"start":{"line":16,"column":43},"end":{"line":16,"column":45}},"10":{"start":{"line":16,"column":50},"end":{"line":16,"column":52}},"11":{"start":{"line":16,"column":60},"end":{"line":16,"column":84}},"12":{"start":{"line":17,"column":21},"end":{"line":17,"column":37}},"13":{"start":{"line":18,"column":28},"end":{"line":18,"column":48}},"14":{"start":{"line":20,"column":27},"end":{"line":20,"column":72}},"15":{"start":{"line":20,"column":51},"end":{"line":20,"column":72}},"16":{"start":{"line":21,"column":17},"end":{"line":21,"column":52}},"17":{"start":{"line":21,"column":41},"end":{"line":21,"column":52}},"18":{"start":{"line":22,"column":24},"end":{"line":22,"column":66}},"19":{"start":{"line":22,"column":48},"end":{"line":22,"column":66}},"20":{"start":{"line":24,"column":56},"end":{"line":24,"column":76}},"21":{"start":{"line":24,"column":29},"end":{"line":24,"column":31}},"22":{"start":{"line":24,"column":52},"end":{"line":24,"column":56}},"23":{"start":{"line":25,"column":34},"end":{"line":25,"column":57}},"24":{"start":{"line":25,"column":18},"end":{"line":25,"column":20}},"25":{"start":{"line":25,"column":30},"end":{"line":25,"column":34}},"26":{"start":{"line":26,"column":30},"end":{"line":26,"column":49}},"27":{"start":{"line":26,"column":16},"end":{"line":26,"column":18}},"28":{"start":{"line":26,"column":26},"end":{"line":26,"column":30}},"29":{"start":{"line":27,"column":36},"end":{"line":27,"column":55}},"30":{"start":{"line":27,"column":19},"end":{"line":27,"column":21}},"31":{"start":{"line":27,"column":32},"end":{"line":27,"column":36}},"32":{"start":{"line":28,"column":56},"end":{"line":28,"column":69}},"33":{"start":{"line":28,"column":29},"end":{"line":28,"column":31}},"34":{"start":{"line":28,"column":52},"end":{"line":28,"column":56}},"35":{"start":{"line":29,"column":50},"end":{"line":29,"column":63}},"36":{"start":{"line":29,"column":26},"end":{"line":29,"column":28}},"37":{"start":{"line":29,"column":46},"end":{"line":29,"column":50}},"38":{"start":{"line":30,"column":50},"end":{"line":30,"column":63}},"39":{"start":{"line":30,"column":26},"end":{"line":30,"column":28}},"40":{"start":{"line":30,"column":46},"end":{"line":30,"column":50}},"41":{"start":{"line":31,"column":19},"end":{"line":31,"column":40}},"42":{"start":{"line":34,"column":23},"end":{"line":40,"column":5}},"43":{"start":{"line":35,"column":8},"end":{"line":35,"column":23}},"44":{"start":{"line":36,"column":8},"end":{"line":36,"column":35}},"45":{"start":{"line":37,"column":8},"end":{"line":37,"column":20}},"46":{"start":{"line":38,"column":8},"end":{"line":38,"column":32}},"47":{"start":{"line":39,"column":8},"end":{"line":39,"column":34}},"48":{"start":{"line":43,"column":30},"end":{"line":49,"column":5}},"49":{"start":{"line":44,"column":30},"end":{"line":44,"column":53}},"50":{"start":{"line":45,"column":8},"end":{"line":45,"column":40}},"51":{"start":{"line":46,"column":8},"end":{"line":46,"column":42}},"52":{"start":{"line":47,"column":8},"end":{"line":47,"column":67}},"53":{"start":{"line":48,"column":8},"end":{"line":48,"column":90}},"54":{"start":{"line":52,"column":33},"end":{"line":62,"column":5}},"55":{"start":{"line":53,"column":30},"end":{"line":53,"column":53}},"56":{"start":{"line":54,"column":28},"end":{"line":54,"column":70}},"57":{"start":{"line":56,"column":8},"end":{"line":61,"column":null}},"58":{"start":{"line":57,"column":12},"end":{"line":57,"column":49}},"59":{"start":{"line":58,"column":12},"end":{"line":58,"column":51}},"60":{"start":{"line":59,"column":12},"end":{"line":59,"column":68}},"61":{"start":{"line":60,"column":12},"end":{"line":60,"column":91}},"62":{"start":{"line":65,"column":29},"end":{"line":114,"column":5}},"63":{"start":{"line":66,"column":8},"end":{"line":66,"column":42}},"64":{"start":{"line":68,"column":32},"end":{"line":68,"column":63}},"65":{"start":{"line":69,"column":8},"end":{"line":69,"column":42}},"66":{"start":{"line":69,"column":35},"end":{"line":69,"column":42}},"67":{"start":{"line":72,"column":8},"end":{"line":113,"column":null}},"68":{"start":{"line":74,"column":33},"end":{"line":74,"column":63}},"69":{"start":{"line":77,"column":12},"end":{"line":77,"column":47}},"70":{"start":{"line":78,"column":12},"end":{"line":78,"column":68}},"71":{"start":{"line":81,"column":34},"end":{"line":81,"column":54}},"72":{"start":{"line":83,"column":12},"end":{"line":83,"column":68}},"73":{"start":{"line":86,"column":12},"end":{"line":86,"column":41}},"74":{"start":{"line":87,"column":12},"end":{"line":87,"column":62}},"75":{"start":{"line":90,"column":13},"end":{"line":113,"column":null}},"76":{"start":{"line":92,"column":33},"end":{"line":92,"column":96}},"77":{"start":{"line":92,"column":60},"end":{"line":92,"column":96}},"78":{"start":{"line":94,"column":38},"end":{"line":94,"column":70}},"79":{"start":{"line":97,"column":12},"end":{"line":112,"column":null}},"80":{"start":{"line":99,"column":38},"end":{"line":99,"column":73}},"81":{"start":{"line":101,"column":16},"end":{"line":101,"column":72}},"82":{"start":{"line":104,"column":16},"end":{"line":104,"column":45}},"83":{"start":{"line":105,"column":16},"end":{"line":105,"column":66}},"84":{"start":{"line":108,"column":37},"end":{"line":108,"column":72}},"85":{"start":{"line":110,"column":16},"end":{"line":110,"column":39}},"86":{"start":{"line":111,"column":16},"end":{"line":111,"column":60}},"87":{"start":{"line":117,"column":29},"end":{"line":135,"column":5}},"88":{"start":{"line":118,"column":30},"end":{"line":118,"column":53}},"89":{"start":{"line":119,"column":25},"end":{"line":119,"column":55}},"90":{"start":{"line":121,"column":8},"end":{"line":134,"column":null}},"91":{"start":{"line":122,"column":12},"end":{"line":122,"column":46}},"92":{"start":{"line":123,"column":12},"end":{"line":123,"column":48}},"93":{"start":{"line":125,"column":34},"end":{"line":125,"column":63}},"94":{"start":{"line":128,"column":12},"end":{"line":130,"column":null}},"95":{"start":{"line":129,"column":16},"end":{"line":129,"column":73}},"96":{"start":{"line":132,"column":12},"end":{"line":132,"column":41}},"97":{"start":{"line":133,"column":12},"end":{"line":133,"column":62}},"98":{"start":{"line":138,"column":24},"end":{"line":176,"column":6}},"99":{"start":{"line":138,"column":75},"end":{"line":176,"column":6}},"100":{"start":{"line":140,"column":8},"end":{"line":157,"column":null}},"101":{"start":{"line":142,"column":12},"end":{"line":142,"column":77}},"102":{"start":{"line":143,"column":12},"end":{"line":143,"column":19}},"103":{"start":{"line":144,"column":15},"end":{"line":157,"column":null}},"104":{"start":{"line":146,"column":18},"end":{"line":146,"column":97}},"105":{"start":{"line":146,"column":60},"end":{"line":146,"column":96}},"106":{"start":{"line":148,"column":12},"end":{"line":151,"column":null}},"107":{"start":{"line":149,"column":16},"end":{"line":149,"column":79}},"108":{"start":{"line":150,"column":16},"end":{"line":150,"column":23}},"109":{"start":{"line":153,"column":12},"end":{"line":156,"column":null}},"110":{"start":{"line":154,"column":16},"end":{"line":154,"column":81}},"111":{"start":{"line":155,"column":16},"end":{"line":155,"column":23}},"112":{"start":{"line":159,"column":8},"end":{"line":159,"column":42}},"113":{"start":{"line":161,"column":27},"end":{"line":172,"column":null}},"114":{"start":{"line":161,"column":14},"end":{"line":172,"column":null}},"115":{"start":{"line":174,"column":8},"end":{"line":174,"column":43}},"116":{"start":{"line":175,"column":8},"end":{"line":175,"column":57}},"117":{"start":{"line":178,"column":34},"end":{"line":194,"column":5}},"118":{"start":{"line":179,"column":8},"end":{"line":193,"column":null}},"119":{"start":{"line":180,"column":12},"end":{"line":180,"column":25}},"120":{"start":{"line":181,"column":12},"end":{"line":183,"column":16}},"121":{"start":{"line":184,"column":15},"end":{"line":193,"column":null}},"122":{"start":{"line":185,"column":12},"end":{"line":185,"column":25}},"123":{"start":{"line":186,"column":12},"end":{"line":188,"column":16}},"124":{"start":{"line":190,"column":12},"end":{"line":192,"column":16}},"125":{"start":{"line":196,"column":4},"end":{"line":209,"column":25}},"126":{"start":{"line":198,"column":8},"end":{"line":198,"column":23}},"127":{"start":{"line":199,"column":8},"end":{"line":199,"column":35}},"128":{"start":{"line":202,"column":8},"end":{"line":202,"column":20}},"129":{"start":{"line":203,"column":8},"end":{"line":203,"column":32}},"130":{"start":{"line":205,"column":8},"end":{"line":208,"column":null}},"131":{"start":{"line":206,"column":12},"end":{"line":206,"column":43}},"132":{"start":{"line":207,"column":12},"end":{"line":207,"column":61}},"133":{"start":{"line":211,"column":4},"end":{"line":226,"column":6}},"134":{"start":{"line":16,"column":13},"end":{"line":16,"column":31}}},"fnMap":{"0":{"name":"(anonymous_14)","decl":{"start":{"line":16,"column":31},"end":{"line":16,"column":32}},"loc":{"start":{"line":16,"column":84},"end":{"line":227,"column":1}}},"1":{"name":"(anonymous_15)","decl":{"start":{"line":20,"column":42},"end":{"line":20,"column":47}},"loc":{"start":{"line":20,"column":47},"end":{"line":20,"column":56}}},"2":{"name":"(anonymous_16)","decl":{"start":{"line":21,"column":32},"end":{"line":21,"column":37}},"loc":{"start":{"line":21,"column":37},"end":{"line":21,"column":46}}},"3":{"name":"(anonymous_17)","decl":{"start":{"line":22,"column":39},"end":{"line":22,"column":44}},"loc":{"start":{"line":22,"column":44},"end":{"line":22,"column":53}}},"4":{"name":"(anonymous_18)","decl":{"start":{"line":34,"column":23},"end":{"line":34,"column":null}},"loc":{"start":{"line":34,"column":23},"end":{"line":40,"column":5}}},"5":{"name":"(anonymous_19)","decl":{"start":{"line":43,"column":30},"end":{"line":43,"column":31}},"loc":{"start":{"line":43,"column":44},"end":{"line":49,"column":5}}},"6":{"name":"(anonymous_20)","decl":{"start":{"line":52,"column":33},"end":{"line":52,"column":34}},"loc":{"start":{"line":52,"column":47},"end":{"line":62,"column":5}}},"7":{"name":"(anonymous_21)","decl":{"start":{"line":65,"column":29},"end":{"line":65,"column":30}},"loc":{"start":{"line":65,"column":48},"end":{"line":114,"column":5}}},"8":{"name":"(anonymous_22)","decl":{"start":{"line":92,"column":50},"end":{"line":92,"column":56}},"loc":{"start":{"line":92,"column":56},"end":{"line":92,"column":66}}},"9":{"name":"(anonymous_23)","decl":{"start":{"line":117,"column":29},"end":{"line":117,"column":30}},"loc":{"start":{"line":117,"column":43},"end":{"line":135,"column":5}}},"10":{"name":"(anonymous_24)","decl":{"start":{"line":138,"column":24},"end":{"line":138,"column":31}},"loc":{"start":{"line":138,"column":75},"end":{"line":176,"column":6}}},"11":{"name":"(anonymous_25)","decl":{"start":{"line":138,"column":75},"end":{"line":138,"column":null}},"loc":{"start":{"line":138,"column":75},"end":{"line":176,"column":6}}},"12":{"name":"(anonymous_27)","decl":{"start":{"line":146,"column":50},"end":{"line":146,"column":56}},"loc":{"start":{"line":146,"column":56},"end":{"line":146,"column":66}}},"13":{"name":"(anonymous_28)","decl":{"start":{"line":178,"column":34},"end":{"line":178,"column":35}},"loc":{"start":{"line":178,"column":77},"end":{"line":194,"column":5}}},"14":{"name":"(anonymous_29)","decl":{"start":{"line":196,"column":14},"end":{"line":196,"column":null}},"loc":{"start":{"line":196,"column":14},"end":{"line":209,"column":5}}}},"branchMap":{"0":{"loc":{"start":{"line":54,"column":29},"end":{"line":54,"column":62}},"type":"binary-expr","locations":[{"start":{"line":54,"column":29},"end":{"line":54,"column":56}},{"start":{"line":54,"column":60},"end":{"line":54,"column":62}}]},"1":{"loc":{"start":{"line":56,"column":8},"end":{"line":61,"column":null}},"type":"if","locations":[{"start":{"line":56,"column":8},"end":{"line":61,"column":null}}]},"2":{"loc":{"start":{"line":69,"column":8},"end":{"line":69,"column":42}},"type":"if","locations":[{"start":{"line":69,"column":8},"end":{"line":69,"column":42}}]},"3":{"loc":{"start":{"line":72,"column":8},"end":{"line":113,"column":null}},"type":"if","locations":[{"start":{"line":72,"column":8},"end":{"line":113,"column":null}},{"start":{"line":90,"column":13},"end":{"line":113,"column":null}}]},"4":{"loc":{"start":{"line":90,"column":13},"end":{"line":113,"column":null}},"type":"if","locations":[{"start":{"line":90,"column":13},"end":{"line":113,"column":null}}]},"5":{"loc":{"start":{"line":94,"column":38},"end":{"line":94,"column":70}},"type":"binary-expr","locations":[{"start":{"line":94,"column":38},"end":{"line":94,"column":65}},{"start":{"line":94,"column":69},"end":{"line":94,"column":70}}]},"6":{"loc":{"start":{"line":94,"column":38},"end":{"line":94,"column":65}},"type":"cond-expr","locations":[{"start":{"line":94,"column":50},"end":{"line":94,"column":52}},{"start":{"line":94,"column":38},"end":{"line":94,"column":65}}]},"7":{"loc":{"start":{"line":94,"column":38},"end":{"line":94,"column":52}},"type":"binary-expr","locations":[{"start":{"line":94,"column":38},"end":{"line":94,"column":52}},{"start":{"line":94,"column":38},"end":{"line":94,"column":52}}]},"8":{"loc":{"start":{"line":97,"column":12},"end":{"line":112,"column":null}},"type":"if","locations":[{"start":{"line":97,"column":12},"end":{"line":112,"column":null}}]},"9":{"loc":{"start":{"line":97,"column":16},"end":{"line":97,"column":52}},"type":"binary-expr","locations":[{"start":{"line":97,"column":16},"end":{"line":97,"column":27}},{"start":{"line":97,"column":31},"end":{"line":97,"column":52}}]},"10":{"loc":{"start":{"line":121,"column":8},"end":{"line":134,"column":null}},"type":"if","locations":[{"start":{"line":121,"column":8},"end":{"line":134,"column":null}}]},"11":{"loc":{"start":{"line":121,"column":12},"end":{"line":121,"column":29}},"type":"binary-expr","locations":[{"start":{"line":121,"column":12},"end":{"line":121,"column":17}},{"start":{"line":121,"column":21},"end":{"line":121,"column":29}}]},"12":{"loc":{"start":{"line":128,"column":12},"end":{"line":130,"column":null}},"type":"if","locations":[{"start":{"line":128,"column":12},"end":{"line":130,"column":null}}]},"13":{"loc":{"start":{"line":128,"column":17},"end":{"line":128,"column":63}},"type":"binary-expr","locations":[{"start":{"line":128,"column":17},"end":{"line":128,"column":57}},{"start":{"line":128,"column":61},"end":{"line":128,"column":63}}]},"14":{"loc":{"start":{"line":140,"column":8},"end":{"line":157,"column":null}},"type":"if","locations":[{"start":{"line":140,"column":8},"end":{"line":157,"column":null}},{"start":{"line":144,"column":15},"end":{"line":157,"column":null}}]},"15":{"loc":{"start":{"line":140,"column":12},"end":{"line":140,"column":55}},"type":"binary-expr","locations":[{"start":{"line":140,"column":12},"end":{"line":140,"column":31}},{"start":{"line":140,"column":35},"end":{"line":140,"column":55}}]},"16":{"loc":{"start":{"line":144,"column":15},"end":{"line":157,"column":null}},"type":"if","locations":[{"start":{"line":144,"column":15},"end":{"line":157,"column":null}}]},"17":{"loc":{"start":{"line":148,"column":12},"end":{"line":151,"column":null}},"type":"if","locations":[{"start":{"line":148,"column":12},"end":{"line":151,"column":null}}]},"18":{"loc":{"start":{"line":148,"column":16},"end":{"line":148,"column":74}},"type":"binary-expr","locations":[{"start":{"line":148,"column":16},"end":{"line":148,"column":42}},{"start":{"line":148,"column":42},"end":{"line":148,"column":74}}]},"19":{"loc":{"start":{"line":148,"column":17},"end":{"line":148,"column":38}},"type":"cond-expr","locations":[{"start":{"line":148,"column":29},"end":{"line":148,"column":31}},{"start":{"line":148,"column":17},"end":{"line":148,"column":38}}]},"20":{"loc":{"start":{"line":148,"column":17},"end":{"line":148,"column":31}},"type":"binary-expr","locations":[{"start":{"line":148,"column":17},"end":{"line":148,"column":31}},{"start":{"line":148,"column":17},"end":{"line":148,"column":31}}]},"21":{"loc":{"start":{"line":153,"column":12},"end":{"line":156,"column":null}},"type":"if","locations":[{"start":{"line":153,"column":12},"end":{"line":156,"column":null}}]},"22":{"loc":{"start":{"line":164,"column":12},"end":{"line":164,"column":45}},"type":"cond-expr","locations":[{"start":{"line":164,"column":34},"end":{"line":164,"column":38}},{"start":{"line":164,"column":41},"end":{"line":164,"column":45}}]},"23":{"loc":{"start":{"line":169,"column":12},"end":{"line":169,"column":84}},"type":"cond-expr","locations":[{"start":{"line":169,"column":68},"end":{"line":169,"column":73}},{"start":{"line":169,"column":76},"end":{"line":169,"column":84}}]},"24":{"loc":{"start":{"line":169,"column":12},"end":{"line":169,"column":65}},"type":"binary-expr","locations":[{"start":{"line":169,"column":12},"end":{"line":169,"column":41}},{"start":{"line":169,"column":45},"end":{"line":169,"column":65}}]},"25":{"loc":{"start":{"line":179,"column":8},"end":{"line":193,"column":null}},"type":"if","locations":[{"start":{"line":179,"column":8},"end":{"line":193,"column":null}},{"start":{"line":184,"column":15},"end":{"line":193,"column":null}}]},"26":{"loc":{"start":{"line":182,"column":38},"end":{"line":182,"column":71}},"type":"cond-expr","locations":[{"start":{"line":182,"column":60},"end":{"line":182,"column":64}},{"start":{"line":182,"column":67},"end":{"line":182,"column":71}}]},"27":{"loc":{"start":{"line":184,"column":15},"end":{"line":193,"column":null}},"type":"if","locations":[{"start":{"line":184,"column":15},"end":{"line":193,"column":null}},{"start":{"line":189,"column":15},"end":{"line":193,"column":null}}]},"28":{"loc":{"start":{"line":184,"column":19},"end":{"line":184,"column":55}},"type":"binary-expr","locations":[{"start":{"line":184,"column":19},"end":{"line":184,"column":37}},{"start":{"line":184,"column":41},"end":{"line":184,"column":55}}]},"29":{"loc":{"start":{"line":187,"column":28},"end":{"line":187,"column":61}},"type":"cond-expr","locations":[{"start":{"line":187,"column":50},"end":{"line":187,"column":54}},{"start":{"line":187,"column":57},"end":{"line":187,"column":61}}]},"30":{"loc":{"start":{"line":187,"column":94},"end":{"line":187,"column":127}},"type":"cond-expr","locations":[{"start":{"line":187,"column":116},"end":{"line":187,"column":120}},{"start":{"line":187,"column":123},"end":{"line":187,"column":127}}]},"31":{"loc":{"start":{"line":191,"column":31},"end":{"line":191,"column":64}},"type":"cond-expr","locations":[{"start":{"line":191,"column":53},"end":{"line":191,"column":57}},{"start":{"line":191,"column":60},"end":{"line":191,"column":64}}]},"32":{"loc":{"start":{"line":205,"column":8},"end":{"line":208,"column":null}},"type":"if","locations":[{"start":{"line":205,"column":8},"end":{"line":208,"column":null}}]},"33":{"loc":{"start":{"line":205,"column":12},"end":{"line":205,"column":50}},"type":"binary-expr","locations":[{"start":{"line":205,"column":12},"end":{"line":205,"column":26}},{"start":{"line":205,"column":30},"end":{"line":205,"column":50}}]}},"s":{"0":1,"1":1,"2":1,"3":1,"4":1,"5":1,"6":1,"7":1,"8":1,"9":64,"10":64,"11":64,"12":64,"13":64,"14":64,"15":64,"16":64,"17":64,"18":64,"19":64,"20":64,"21":64,"22":64,"23":64,"24":64,"25":64,"26":64,"27":64,"28":64,"29":64,"30":64,"31":64,"32":64,"33":64,"34":64,"35":64,"36":64,"37":64,"38":64,"39":64,"40":64,"41":64,"42":64,"43":3,"44":3,"45":3,"46":3,"47":3,"48":64,"49":1,"50":1,"51":1,"52":1,"53":1,"54":64,"55":9,"56":9,"57":9,"58":8,"59":8,"60":8,"61":8,"62":64,"63":11,"64":11,"65":11,"66":0,"67":11,"68":6,"69":6,"70":6,"71":6,"72":6,"73":6,"74":6,"75":5,"76":5,"77":4,"78":5,"79":5,"80":4,"81":4,"82":4,"83":4,"84":4,"85":4,"86":4,"87":64,"88":4,"89":4,"90":4,"91":3,"92":3,"93":3,"94":3,"95":0,"96":3,"97":3,"98":64,"99":6,"100":6,"101":1,"102":1,"103":5,"104":2,"105":1,"106":2,"107":1,"108":1,"109":1,"110":1,"111":1,"112":3,"113":3,"114":3,"115":3,"116":3,"117":64,"118":3,"119":1,"120":1,"121":2,"122":1,"123":1,"124":1,"125":64,"126":20,"127":20,"128":20,"129":20,"130":20,"131":20,"132":20,"133":64,"134":1},"f":{"0":64,"1":64,"2":64,"3":64,"4":3,"5":1,"6":9,"7":11,"8":4,"9":4,"10":6,"11":6,"12":1,"13":3,"14":20},"b":{"0":[9,5],"1":[8],"2":[0],"3":[6,5],"4":[5],"5":[5,1],"6":[1,4],"7":[5,5],"8":[4],"9":[5,5],"10":[3],"11":[4,3],"12":[0],"13":[3,2],"14":[1,5],"15":[6,4],"16":[2],"17":[1],"18":[2,1],"19":[1,1],"20":[2,2],"21":[1],"22":[3,0],"23":[0,3],"24":[3,0],"25":[1,2],"26":[1,0],"27":[1,1],"28":[2,1],"29":[1,0],"30":[1,0],"31":[1,0],"32":[20],"33":[20,20]}}
,"/Users/jinu/Documents/Project/JeayBit/client/src/utils/format/adjustInputValue.ts": {"path":"/Users/jinu/Documents/Project/JeayBit/client/src/utils/format/adjustInputValue.ts","statementMap":{"0":{"start":{"line":3,"column":4},"end":{"line":5,"column":null}},"1":{"start":{"line":4,"column":8},"end":{"line":4,"column":19}},"2":{"start":{"line":8,"column":4},"end":{"line":8,"column":42}},"3":{"start":{"line":11,"column":18},"end":{"line":11,"column":34}},"4":{"start":{"line":12,"column":4},"end":{"line":14,"column":null}},"5":{"start":{"line":13,"column":8},"end":{"line":13,"column":57}},"6":{"start":{"line":17,"column":4},"end":{"line":22,"column":null}},"7":{"start":{"line":19,"column":8},"end":{"line":21,"column":null}},"8":{"start":{"line":20,"column":12},"end":{"line":20,"column":45}},"9":{"start":{"line":25,"column":4},"end":{"line":27,"column":null}},"10":{"start":{"line":26,"column":8},"end":{"line":26,"column":28}},"11":{"start":{"line":30,"column":4},"end":{"line":32,"column":null}},"12":{"start":{"line":31,"column":8},"end":{"line":31,"column":20}},"13":{"start":{"line":34,"column":4},"end":{"line":34,"column":17}},"14":{"start":{"line":2,"column":0},"end":{"line":2,"column":24}}},"fnMap":{"0":{"name":"adjustInputValue","decl":{"start":{"line":2,"column":24},"end":{"line":2,"column":40}},"loc":{"start":{"line":2,"column":54},"end":{"line":35,"column":1}}}},"branchMap":{"0":{"loc":{"start":{"line":3,"column":4},"end":{"line":5,"column":null}},"type":"if","locations":[{"start":{"line":3,"column":4},"end":{"line":5,"column":null}}]},"1":{"loc":{"start":{"line":12,"column":4},"end":{"line":14,"column":null}},"type":"if","locations":[{"start":{"line":12,"column":4},"end":{"line":14,"column":null}}]},"2":{"loc":{"start":{"line":17,"column":4},"end":{"line":22,"column":null}},"type":"if","locations":[{"start":{"line":17,"column":4},"end":{"line":22,"column":null}}]},"3":{"loc":{"start":{"line":17,"column":8},"end":{"line":17,"column":44}},"type":"binary-expr","locations":[{"start":{"line":17,"column":8},"end":{"line":17,"column":24}},{"start":{"line":17,"column":28},"end":{"line":17,"column":44}}]},"4":{"loc":{"start":{"line":19,"column":8},"end":{"line":21,"column":null}},"type":"if","locations":[{"start":{"line":19,"column":8},"end":{"line":21,"column":null}}]},"5":{"loc":{"start":{"line":25,"column":4},"end":{"line":27,"column":null}},"type":"if","locations":[{"start":{"line":25,"column":4},"end":{"line":27,"column":null}}]},"6":{"loc":{"start":{"line":30,"column":4},"end":{"line":32,"column":null}},"type":"if","locations":[{"start":{"line":30,"column":4},"end":{"line":32,"column":null}}]}},"s":{"0":45,"1":3,"2":42,"3":42,"4":42,"5":15,"6":42,"7":12,"8":5,"9":42,"10":3,"11":42,"12":4,"13":42,"14":2},"f":{"0":45},"b":{"0":[3],"1":[15],"2":[12],"3":[42,16],"4":[5],"5":[3],"6":[4]}}
,"/Users/jinu/Documents/Project/JeayBit/client/src/utils/format/adjustSize.ts": {"path":"/Users/jinu/Documents/Project/JeayBit/client/src/utils/format/adjustSize.ts","statementMap":{"0":{"start":{"line":3,"column":21},"end":{"line":3,"column":33}},"1":{"start":{"line":6,"column":26},"end":{"line":6,"column":60}},"2":{"start":{"line":9,"column":4},"end":{"line":28,"column":null}},"3":{"start":{"line":10,"column":8},"end":{"line":10,"column":63}},"4":{"start":{"line":15,"column":8},"end":{"line":17,"column":null}},"5":{"start":{"line":16,"column":12},"end":{"line":16,"column":49}},"6":{"start":{"line":20,"column":8},"end":{"line":27,"column":null}},"7":{"start":{"line":21,"column":12},"end":{"line":21,"column":53}},"8":{"start":{"line":24,"column":13},"end":{"line":27,"column":null}},"9":{"start":{"line":25,"column":39},"end":{"line":25,"column":60}},"10":{"start":{"line":25,"column":26},"end":{"line":25,"column":28}},"11":{"start":{"line":25,"column":35},"end":{"line":25,"column":39}},"12":{"start":{"line":26,"column":12},"end":{"line":26,"column":65}},"13":{"start":{"line":30,"column":4},"end":{"line":30,"column":22}},"14":{"start":{"line":2,"column":0},"end":{"line":2,"column":24}}},"fnMap":{"0":{"name":"adjustSize","decl":{"start":{"line":2,"column":24},"end":{"line":2,"column":34}},"loc":{"start":{"line":2,"column":47},"end":{"line":31,"column":1}}}},"branchMap":{"0":{"loc":{"start":{"line":9,"column":4},"end":{"line":28,"column":null}},"type":"if","locations":[{"start":{"line":9,"column":4},"end":{"line":28,"column":null}},{"start":{"line":13,"column":9},"end":{"line":28,"column":null}}]},"1":{"loc":{"start":{"line":15,"column":8},"end":{"line":17,"column":null}},"type":"if","locations":[{"start":{"line":15,"column":8},"end":{"line":17,"column":null}}]},"2":{"loc":{"start":{"line":20,"column":8},"end":{"line":27,"column":null}},"type":"if","locations":[{"start":{"line":20,"column":8},"end":{"line":27,"column":null}},{"start":{"line":24,"column":13},"end":{"line":27,"column":null}}]},"3":{"loc":{"start":{"line":24,"column":13},"end":{"line":27,"column":null}},"type":"if","locations":[{"start":{"line":24,"column":13},"end":{"line":27,"column":null}}]}},"s":{"0":12,"1":12,"2":12,"3":2,"4":10,"5":0,"6":10,"7":2,"8":8,"9":4,"10":4,"11":4,"12":4,"13":12,"14":1},"f":{"0":12},"b":{"0":[2,10],"1":[0],"2":[2,8],"3":[4]}}
,"/Users/jinu/Documents/Project/JeayBit/client/src/utils/format/formatWithComas.ts": {"path":"/Users/jinu/Documents/Project/JeayBit/client/src/utils/format/formatWithComas.ts","statementMap":{"0":{"start":{"line":3,"column":4},"end":{"line":16,"column":null}},"1":{"start":{"line":5,"column":8},"end":{"line":12,"column":null}},"2":{"start":{"line":6,"column":29},"end":{"line":6,"column":42}},"3":{"start":{"line":7,"column":12},"end":{"line":10,"column":null}},"4":{"start":{"line":8,"column":43},"end":{"line":8,"column":62}},"5":{"start":{"line":8,"column":30},"end":{"line":8,"column":32}},"6":{"start":{"line":8,"column":39},"end":{"line":8,"column":43}},"7":{"start":{"line":9,"column":16},"end":{"line":9,"column":63}},"8":{"start":{"line":11,"column":12},"end":{"line":11,"column":28}},"9":{"start":{"line":14,"column":8},"end":{"line":14,"column":44}},"10":{"start":{"line":14,"column":18},"end":{"line":14,"column":44}},"11":{"start":{"line":15,"column":8},"end":{"line":15,"column":30}},"12":{"start":{"line":17,"column":18},"end":{"line":17,"column":34}},"13":{"start":{"line":18,"column":4},"end":{"line":18,"column":62}},"14":{"start":{"line":20,"column":4},"end":{"line":20,"column":27}},"15":{"start":{"line":2,"column":0},"end":{"line":2,"column":24}}},"fnMap":{"0":{"name":"formatWithComas","decl":{"start":{"line":2,"column":24},"end":{"line":2,"column":39}},"loc":{"start":{"line":2,"column":78},"end":{"line":21,"column":1}}}},"branchMap":{"0":{"loc":{"start":{"line":3,"column":4},"end":{"line":16,"column":null}},"type":"if","locations":[{"start":{"line":3,"column":4},"end":{"line":16,"column":null}}]},"1":{"loc":{"start":{"line":5,"column":8},"end":{"line":12,"column":null}},"type":"if","locations":[{"start":{"line":5,"column":8},"end":{"line":12,"column":null}}]},"2":{"loc":{"start":{"line":7,"column":12},"end":{"line":10,"column":null}},"type":"if","locations":[{"start":{"line":7,"column":12},"end":{"line":10,"column":null}}]},"3":{"loc":{"start":{"line":14,"column":8},"end":{"line":14,"column":44}},"type":"if","locations":[{"start":{"line":14,"column":8},"end":{"line":14,"column":44}}]}},"s":{"0":10,"1":8,"2":4,"3":4,"4":2,"5":2,"6":2,"7":2,"8":2,"9":4,"10":1,"11":4,"12":6,"13":6,"14":6,"15":1},"f":{"0":10},"b":{"0":[8],"1":[4],"2":[2],"3":[1]}}
,"/Users/jinu/Documents/Project/JeayBit/client/src/utils/format/limitDecimalPlace.ts": {"path":"/Users/jinu/Documents/Project/JeayBit/client/src/utils/format/limitDecimalPlace.ts","statementMap":{"0":{"start":{"line":4,"column":4},"end":{"line":6,"column":null}},"1":{"start":{"line":5,"column":8},"end":{"line":5,"column":21}},"2":{"start":{"line":9,"column":4},"end":{"line":11,"column":null}},"3":{"start":{"line":10,"column":8},"end":{"line":10,"column":33}},"4":{"start":{"line":14,"column":21},"end":{"line":14,"column":42}},"5":{"start":{"line":15,"column":4},"end":{"line":17,"column":null}},"6":{"start":{"line":16,"column":8},"end":{"line":16,"column":17}},"7":{"start":{"line":19,"column":25},"end":{"line":19,"column":61}},"8":{"start":{"line":20,"column":4},"end":{"line":24,"column":null}},"9":{"start":{"line":22,"column":27},"end":{"line":22,"column":47}},"10":{"start":{"line":23,"column":8},"end":{"line":23,"column":59}},"11":{"start":{"line":25,"column":4},"end":{"line":25,"column":17}},"12":{"start":{"line":2,"column":0},"end":{"line":2,"column":24}}},"fnMap":{"0":{"name":"limitDecimalPlace","decl":{"start":{"line":2,"column":24},"end":{"line":2,"column":41}},"loc":{"start":{"line":2,"column":71},"end":{"line":26,"column":1}}}},"branchMap":{"0":{"loc":{"start":{"line":4,"column":4},"end":{"line":6,"column":null}},"type":"if","locations":[{"start":{"line":4,"column":4},"end":{"line":6,"column":null}}]},"1":{"loc":{"start":{"line":9,"column":4},"end":{"line":11,"column":null}},"type":"if","locations":[{"start":{"line":9,"column":4},"end":{"line":11,"column":null}}]},"2":{"loc":{"start":{"line":15,"column":4},"end":{"line":17,"column":null}},"type":"if","locations":[{"start":{"line":15,"column":4},"end":{"line":17,"column":null}}]},"3":{"loc":{"start":{"line":19,"column":25},"end":{"line":19,"column":61}},"type":"binary-expr","locations":[{"start":{"line":19,"column":25},"end":{"line":19,"column":55}},{"start":{"line":19,"column":59},"end":{"line":19,"column":61}}]},"4":{"loc":{"start":{"line":20,"column":4},"end":{"line":24,"column":null}},"type":"if","locations":[{"start":{"line":20,"column":4},"end":{"line":24,"column":null}}]}},"s":{"0":26,"1":2,"2":24,"3":2,"4":22,"5":22,"6":4,"7":18,"8":18,"9":3,"10":3,"11":15,"12":2},"f":{"0":26},"b":{"0":[2],"1":[2],"2":[4],"3":[18,3],"4":[3]}}
}
