{"/Users/jinu/Documents/Project/JeayBit/client/src/api/axios.ts": {"path":"/Users/jinu/Documents/Project/JeayBit/client/src/api/axios.ts","statementMap":{"0":{"start":{"line":1,"column":0},"end":{"line":1,"column":26}},"1":{"start":{"line":2,"column":0},"end":{"line":2,"column":51}},"2":{"start":{"line":5,"column":17},"end":{"line":5,"column":39}},"3":{"start":{"line":7,"column":0},"end":{"line":7,"column":24}}},"fnMap":{},"branchMap":{},"s":{"0":0,"1":0,"2":0,"3":0},"f":{},"b":{}}
,"/Users/jinu/Documents/Project/JeayBit/client/src/components/App.tsx": {"path":"/Users/jinu/Documents/Project/JeayBit/client/src/components/App.tsx","statementMap":{"0":{"start":{"line":1,"column":0},"end":{"line":1,"column":39}},"1":{"start":{"line":2,"column":0},"end":{"line":2,"column":35}},"2":{"start":{"line":3,"column":0},"end":{"line":3,"column":33}},"3":{"start":{"line":4,"column":0},"end":{"line":4,"column":32}},"4":{"start":{"line":6,"column":0},"end":{"line":6,"column":29}},"5":{"start":{"line":9,"column":2},"end":{"line":15,"column":4}},"6":{"start":{"line":8,"column":0},"end":{"line":8,"column":24}}},"fnMap":{"0":{"name":"App","decl":{"start":{"line":8,"column":24},"end":{"line":8,"column":27}},"loc":{"start":{"line":8,"column":27},"end":{"line":16,"column":1}}}},"branchMap":{},"s":{"0":0,"1":0,"2":0,"3":0,"4":0,"5":0,"6":0},"f":{"0":0},"b":{}}
,"/Users/jinu/Documents/Project/JeayBit/client/src/components/auth/Login.tsx": {"path":"/Users/jinu/Documents/Project/JeayBit/client/src/components/auth/Login.tsx","statementMap":{"0":{"start":{"line":1,"column":0},"end":{"line":1,"column":47}},"1":{"start":{"line":2,"column":0},"end":{"line":2,"column":41}},"2":{"start":{"line":3,"column":0},"end":{"line":3,"column":26}},"3":{"start":{"line":4,"column":0},"end":{"line":4,"column":51}},"4":{"start":{"line":5,"column":0},"end":{"line":5,"column":43}},"5":{"start":{"line":6,"column":0},"end":{"line":6,"column":49}},"6":{"start":{"line":7,"column":0},"end":{"line":7,"column":46}},"7":{"start":{"line":8,"column":0},"end":{"line":8,"column":63}},"8":{"start":{"line":9,"column":0},"end":{"line":9,"column":44}},"9":{"start":{"line":10,"column":0},"end":{"line":10,"column":61}},"10":{"start":{"line":11,"column":0},"end":{"line":11,"column":66}},"11":{"start":{"line":12,"column":0},"end":{"line":12,"column":44}},"12":{"start":{"line":13,"column":0},"end":{"line":13,"column":38}},"13":{"start":{"line":14,"column":0},"end":{"line":14,"column":56}},"14":{"start":{"line":15,"column":0},"end":{"line":15,"column":44}},"15":{"start":{"line":16,"column":0},"end":{"line":16,"column":58}},"16":{"start":{"line":18,"column":16},"end":{"line":18,"column":45}},"17":{"start":{"line":20,"column":0},"end":{"line":20,"column":24}},"18":{"start":{"line":21,"column":19},"end":{"line":21,"column":35}},"19":{"start":{"line":22,"column":19},"end":{"line":22,"column":32}},"20":{"start":{"line":24,"column":40},"end":{"line":24,"column":60}},"21":{"start":{"line":24,"column":20},"end":{"line":24,"column":22}},"22":{"start":{"line":24,"column":36},"end":{"line":24,"column":40}},"23":{"start":{"line":25,"column":48},"end":{"line":25,"column":72}},"24":{"start":{"line":25,"column":24},"end":{"line":25,"column":26}},"25":{"start":{"line":25,"column":44},"end":{"line":25,"column":48}},"26":{"start":{"line":27,"column":28},"end":{"line":27,"column":48}},"27":{"start":{"line":27,"column":14},"end":{"line":27,"column":16}},"28":{"start":{"line":27,"column":24},"end":{"line":27,"column":28}},"29":{"start":{"line":28,"column":42},"end":{"line":28,"column":66}},"30":{"start":{"line":28,"column":21},"end":{"line":28,"column":23}},"31":{"start":{"line":28,"column":38},"end":{"line":28,"column":42}},"32":{"start":{"line":30,"column":34},"end":{"line":30,"column":54}},"33":{"start":{"line":30,"column":17},"end":{"line":30,"column":19}},"34":{"start":{"line":30,"column":30},"end":{"line":30,"column":34}},"35":{"start":{"line":31,"column":48},"end":{"line":31,"column":72}},"36":{"start":{"line":31,"column":24},"end":{"line":31,"column":26}},"37":{"start":{"line":31,"column":44},"end":{"line":31,"column":48}},"38":{"start":{"line":33,"column":40},"end":{"line":33,"column":64}},"39":{"start":{"line":33,"column":20},"end":{"line":33,"column":22}},"40":{"start":{"line":33,"column":36},"end":{"line":33,"column":40}},"41":{"start":{"line":34,"column":44},"end":{"line":34,"column":68}},"42":{"start":{"line":34,"column":22},"end":{"line":34,"column":24}},"43":{"start":{"line":34,"column":40},"end":{"line":34,"column":44}},"44":{"start":{"line":36,"column":24},"end":{"line":36,"column":51}},"45":{"start":{"line":38,"column":22},"end":{"line":91,"column":4}},"46":{"start":{"line":38,"column":68},"end":{"line":91,"column":4}},"47":{"start":{"line":39,"column":4},"end":{"line":39,"column":27}},"48":{"start":{"line":40,"column":4},"end":{"line":40,"column":25}},"49":{"start":{"line":43,"column":4},"end":{"line":51,"column":null}},"50":{"start":{"line":44,"column":6},"end":{"line":46,"column":null}},"51":{"start":{"line":45,"column":8},"end":{"line":45,"column":30}},"52":{"start":{"line":47,"column":6},"end":{"line":49,"column":null}},"53":{"start":{"line":48,"column":8},"end":{"line":48,"column":33}},"54":{"start":{"line":50,"column":6},"end":{"line":50,"column":13}},"55":{"start":{"line":53,"column":4},"end":{"line":53,"column":45}},"56":{"start":{"line":56,"column":6},"end":{"line":56,"column":29}},"57":{"start":{"line":57,"column":6},"end":{"line":57,"column":32}},"58":{"start":{"line":59,"column":12},"end":{"line":59,"column":39}},"59":{"start":{"line":60,"column":23},"end":{"line":62,"column":null}},"60":{"start":{"line":60,"column":12},"end":{"line":62,"column":null}},"61":{"start":{"line":64,"column":6},"end":{"line":67,"column":null}},"62":{"start":{"line":68,"column":6},"end":{"line":68,"column":30}},"63":{"start":{"line":69,"column":6},"end":{"line":69,"column":28}},"64":{"start":{"line":71,"column":6},"end":{"line":71,"column":20}},"65":{"start":{"line":73,"column":6},"end":{"line":87,"column":null}},"66":{"start":{"line":74,"column":8},"end":{"line":77,"column":null}},"67":{"start":{"line":75,"column":10},"end":{"line":75,"column":32}},"68":{"start":{"line":76,"column":10},"end":{"line":76,"column":35}},"69":{"start":{"line":78,"column":8},"end":{"line":80,"column":null}},"70":{"start":{"line":79,"column":10},"end":{"line":79,"column":32}},"71":{"start":{"line":81,"column":8},"end":{"line":83,"column":null}},"72":{"start":{"line":82,"column":10},"end":{"line":82,"column":35}},"73":{"start":{"line":84,"column":8},"end":{"line":86,"column":null}},"74":{"start":{"line":85,"column":10},"end":{"line":85,"column":33}},"75":{"start":{"line":89,"column":6},"end":{"line":89,"column":40}},"76":{"start":{"line":93,"column":2},"end":{"line":156,"column":null}},"77":{"start":{"line":109,"column":31},"end":{"line":112,"column":null}},"78":{"start":{"line":113,"column":29},"end":{"line":113,"column":null}},"79":{"start":{"line":126,"column":31},"end":{"line":129,"column":null}},"80":{"start":{"line":130,"column":29},"end":{"line":130,"column":null}},"81":{"start":{"line":132,"column":37},"end":{"line":132,"column":null}}},"fnMap":{"0":{"name":"Login","decl":{"start":{"line":20,"column":24},"end":{"line":20,"column":29}},"loc":{"start":{"line":20,"column":29},"end":{"line":157,"column":1}}},"1":{"name":"(anonymous_17)","decl":{"start":{"line":38,"column":22},"end":{"line":38,"column":29}},"loc":{"start":{"line":38,"column":68},"end":{"line":91,"column":4}}},"2":{"name":"(anonymous_18)","decl":{"start":{"line":38,"column":68},"end":{"line":38,"column":null}},"loc":{"start":{"line":38,"column":68},"end":{"line":91,"column":4}}},"3":{"name":"(anonymous_20)","decl":{"start":{"line":109,"column":24},"end":{"line":109,"column":25}},"loc":{"start":{"line":109,"column":26},"end":{"line":109,"column":46}}},"4":{"name":"(anonymous_21)","decl":{"start":{"line":113,"column":23},"end":{"line":113,"column":29}},"loc":{"start":{"line":113,"column":23},"end":{"line":113,"column":43}}},"5":{"name":"(anonymous_22)","decl":{"start":{"line":126,"column":24},"end":{"line":126,"column":25}},"loc":{"start":{"line":126,"column":26},"end":{"line":126,"column":46}}},"6":{"name":"(anonymous_23)","decl":{"start":{"line":130,"column":23},"end":{"line":130,"column":29}},"loc":{"start":{"line":130,"column":23},"end":{"line":130,"column":43}}},"7":{"name":"(anonymous_24)","decl":{"start":{"line":132,"column":31},"end":{"line":132,"column":37}},"loc":{"start":{"line":132,"column":31},"end":{"line":132,"column":55}}}},"branchMap":{"0":{"loc":{"start":{"line":43,"column":4},"end":{"line":51,"column":null}},"type":"if","locations":[{"start":{"line":43,"column":4},"end":{"line":51,"column":null}}]},"1":{"loc":{"start":{"line":43,"column":8},"end":{"line":43,"column":27}},"type":"binary-expr","locations":[{"start":{"line":43,"column":8},"end":{"line":43,"column":14}},{"start":{"line":43,"column":18},"end":{"line":43,"column":27}}]},"2":{"loc":{"start":{"line":44,"column":6},"end":{"line":46,"column":null}},"type":"if","locations":[{"start":{"line":44,"column":6},"end":{"line":46,"column":null}}]},"3":{"loc":{"start":{"line":47,"column":6},"end":{"line":49,"column":null}},"type":"if","locations":[{"start":{"line":47,"column":6},"end":{"line":49,"column":null}}]},"4":{"loc":{"start":{"line":53,"column":4},"end":{"line":53,"column":44}},"type":"cond-expr","locations":[{"start":{"line":53,"column":25},"end":{"line":53,"column":27}},{"start":{"line":53,"column":25},"end":{"line":53,"column":44}}]},"5":{"loc":{"start":{"line":53,"column":4},"end":{"line":53,"column":27}},"type":"binary-expr","locations":[{"start":{"line":53,"column":4},"end":{"line":53,"column":27}},{"start":{"line":53,"column":25},"end":{"line":53,"column":27}}]},"6":{"loc":{"start":{"line":73,"column":6},"end":{"line":87,"column":null}},"type":"if","locations":[{"start":{"line":73,"column":6},"end":{"line":87,"column":null}}]},"7":{"loc":{"start":{"line":73,"column":10},"end":{"line":73,"column":53}},"type":"binary-expr","locations":[{"start":{"line":73,"column":10},"end":{"line":73,"column":35}},{"start":{"line":73,"column":39},"end":{"line":73,"column":53}}]},"8":{"loc":{"start":{"line":74,"column":8},"end":{"line":77,"column":null}},"type":"if","locations":[{"start":{"line":74,"column":8},"end":{"line":77,"column":null}}]},"9":{"loc":{"start":{"line":78,"column":8},"end":{"line":80,"column":null}},"type":"if","locations":[{"start":{"line":78,"column":8},"end":{"line":80,"column":null}}]},"10":{"loc":{"start":{"line":81,"column":8},"end":{"line":83,"column":null}},"type":"if","locations":[{"start":{"line":81,"column":8},"end":{"line":83,"column":null}}]},"11":{"loc":{"start":{"line":84,"column":8},"end":{"line":86,"column":null}},"type":"if","locations":[{"start":{"line":84,"column":8},"end":{"line":86,"column":null}}]},"12":{"loc":{"start":{"line":89,"column":6},"end":{"line":89,"column":39}},"type":"cond-expr","locations":[{"start":{"line":89,"column":27},"end":{"line":89,"column":29}},{"start":{"line":89,"column":27},"end":{"line":89,"column":39}}]},"13":{"loc":{"start":{"line":89,"column":6},"end":{"line":89,"column":29}},"type":"binary-expr","locations":[{"start":{"line":89,"column":6},"end":{"line":89,"column":29}},{"start":{"line":89,"column":27},"end":{"line":89,"column":29}}]}},"s":{"0":0,"1":0,"2":0,"3":0,"4":0,"5":0,"6":0,"7":0,"8":0,"9":0,"10":0,"11":0,"12":0,"13":0,"14":0,"15":0,"16":0,"17":0,"18":0,"19":0,"20":0,"21":0,"22":0,"23":0,"24":0,"25":0,"26":0,"27":0,"28":0,"29":0,"30":0,"31":0,"32":0,"33":0,"34":0,"35":0,"36":0,"37":0,"38":0,"39":0,"40":0,"41":0,"42":0,"43":0,"44":0,"45":0,"46":0,"47":0,"48":0,"49":0,"50":0,"51":0,"52":0,"53":0,"54":0,"55":0,"56":0,"57":0,"58":0,"59":0,"60":0,"61":0,"62":0,"63":0,"64":0,"65":0,"66":0,"67":0,"68":0,"69":0,"70":0,"71":0,"72":0,"73":0,"74":0,"75":0,"76":0,"77":0,"78":0,"79":0,"80":0,"81":0},"f":{"0":0,"1":0,"2":0,"3":0,"4":0,"5":0,"6":0,"7":0},"b":{"0":[0],"1":[0,0],"2":[0],"3":[0],"4":[0,0],"5":[0,0],"6":[0],"7":[0,0],"8":[0],"9":[0],"10":[0],"11":[0],"12":[0,0],"13":[0,0]}}
,"/Users/jinu/Documents/Project/JeayBit/client/src/components/auth/SignUp.tsx": {"path":"/Users/jinu/Documents/Project/JeayBit/client/src/components/auth/SignUp.tsx","statementMap":{"0":{"start":{"line":1,"column":0},"end":{"line":1,"column":41}},"1":{"start":{"line":2,"column":0},"end":{"line":2,"column":26}},"2":{"start":{"line":3,"column":0},"end":{"line":3,"column":46}},"3":{"start":{"line":4,"column":0},"end":{"line":4,"column":49}},"4":{"start":{"line":5,"column":0},"end":{"line":5,"column":43}},"5":{"start":{"line":6,"column":0},"end":{"line":6,"column":63}},"6":{"start":{"line":7,"column":0},"end":{"line":7,"column":66}},"7":{"start":{"line":8,"column":0},"end":{"line":8,"column":44}},"8":{"start":{"line":9,"column":0},"end":{"line":9,"column":44}},"9":{"start":{"line":10,"column":0},"end":{"line":10,"column":38}},"10":{"start":{"line":11,"column":0},"end":{"line":11,"column":56}},"11":{"start":{"line":12,"column":0},"end":{"line":12,"column":44}},"12":{"start":{"line":13,"column":0},"end":{"line":13,"column":51}},"13":{"start":{"line":14,"column":0},"end":{"line":14,"column":66}},"14":{"start":{"line":15,"column":0},"end":{"line":15,"column":44}},"15":{"start":{"line":16,"column":0},"end":{"line":16,"column":58}},"16":{"start":{"line":18,"column":16},"end":{"line":18,"column":45}},"17":{"start":{"line":19,"column":21},"end":{"line":19,"column":71}},"18":{"start":{"line":20,"column":24},"end":{"line":20,"column":66}},"19":{"start":{"line":22,"column":0},"end":{"line":22,"column":24}},"20":{"start":{"line":23,"column":19},"end":{"line":23,"column":35}},"21":{"start":{"line":25,"column":24},"end":{"line":25,"column":51}},"22":{"start":{"line":27,"column":40},"end":{"line":27,"column":60}},"23":{"start":{"line":27,"column":20},"end":{"line":27,"column":22}},"24":{"start":{"line":27,"column":36},"end":{"line":27,"column":40}},"25":{"start":{"line":29,"column":26},"end":{"line":29,"column":46}},"26":{"start":{"line":29,"column":13},"end":{"line":29,"column":15}},"27":{"start":{"line":29,"column":22},"end":{"line":29,"column":26}},"28":{"start":{"line":30,"column":40},"end":{"line":30,"column":64}},"29":{"start":{"line":30,"column":20},"end":{"line":30,"column":22}},"30":{"start":{"line":30,"column":36},"end":{"line":30,"column":40}},"31":{"start":{"line":32,"column":28},"end":{"line":32,"column":48}},"32":{"start":{"line":32,"column":14},"end":{"line":32,"column":16}},"33":{"start":{"line":32,"column":24},"end":{"line":32,"column":28}},"34":{"start":{"line":33,"column":42},"end":{"line":33,"column":66}},"35":{"start":{"line":33,"column":21},"end":{"line":33,"column":23}},"36":{"start":{"line":33,"column":38},"end":{"line":33,"column":42}},"37":{"start":{"line":34,"column":50},"end":{"line":34,"column":74}},"38":{"start":{"line":34,"column":25},"end":{"line":34,"column":27}},"39":{"start":{"line":34,"column":46},"end":{"line":34,"column":50}},"40":{"start":{"line":35,"column":42},"end":{"line":35,"column":66}},"41":{"start":{"line":35,"column":21},"end":{"line":35,"column":23}},"42":{"start":{"line":35,"column":38},"end":{"line":35,"column":42}},"43":{"start":{"line":37,"column":34},"end":{"line":37,"column":54}},"44":{"start":{"line":37,"column":17},"end":{"line":37,"column":19}},"45":{"start":{"line":37,"column":30},"end":{"line":37,"column":34}},"46":{"start":{"line":38,"column":48},"end":{"line":38,"column":72}},"47":{"start":{"line":38,"column":24},"end":{"line":38,"column":26}},"48":{"start":{"line":38,"column":44},"end":{"line":38,"column":48}},"49":{"start":{"line":39,"column":48},"end":{"line":39,"column":72}},"50":{"start":{"line":39,"column":24},"end":{"line":39,"column":26}},"51":{"start":{"line":39,"column":44},"end":{"line":39,"column":48}},"52":{"start":{"line":40,"column":48},"end":{"line":40,"column":72}},"53":{"start":{"line":40,"column":24},"end":{"line":40,"column":26}},"54":{"start":{"line":40,"column":44},"end":{"line":40,"column":48}},"55":{"start":{"line":42,"column":44},"end":{"line":42,"column":68}},"56":{"start":{"line":42,"column":22},"end":{"line":42,"column":24}},"57":{"start":{"line":42,"column":40},"end":{"line":42,"column":44}},"58":{"start":{"line":43,"column":40},"end":{"line":43,"column":64}},"59":{"start":{"line":43,"column":20},"end":{"line":43,"column":22}},"60":{"start":{"line":43,"column":36},"end":{"line":43,"column":40}},"61":{"start":{"line":44,"column":40},"end":{"line":44,"column":64}},"62":{"start":{"line":44,"column":20},"end":{"line":44,"column":22}},"63":{"start":{"line":44,"column":36},"end":{"line":44,"column":40}},"64":{"start":{"line":46,"column":62},"end":{"line":46,"column":86}},"65":{"start":{"line":46,"column":31},"end":{"line":46,"column":33}},"66":{"start":{"line":46,"column":58},"end":{"line":46,"column":62}},"67":{"start":{"line":47,"column":36},"end":{"line":47,"column":60}},"68":{"start":{"line":47,"column":18},"end":{"line":47,"column":20}},"69":{"start":{"line":47,"column":32},"end":{"line":47,"column":36}},"70":{"start":{"line":49,"column":23},"end":{"line":114,"column":null}},"71":{"start":{"line":49,"column":69},"end":{"line":114,"column":null}},"72":{"start":{"line":50,"column":4},"end":{"line":50,"column":27}},"73":{"start":{"line":51,"column":4},"end":{"line":51,"column":25}},"74":{"start":{"line":54,"column":4},"end":{"line":64,"column":null}},"75":{"start":{"line":55,"column":6},"end":{"line":57,"column":null}},"76":{"start":{"line":56,"column":8},"end":{"line":56,"column":30}},"77":{"start":{"line":58,"column":6},"end":{"line":60,"column":null}},"78":{"start":{"line":59,"column":8},"end":{"line":59,"column":33}},"79":{"start":{"line":61,"column":6},"end":{"line":63,"column":null}},"80":{"start":{"line":62,"column":8},"end":{"line":62,"column":29}},"81":{"start":{"line":67,"column":4},"end":{"line":72,"column":null}},"82":{"start":{"line":68,"column":6},"end":{"line":68,"column":29}},"83":{"start":{"line":71,"column":6},"end":{"line":71,"column":28}},"84":{"start":{"line":75,"column":4},"end":{"line":80,"column":null}},"85":{"start":{"line":76,"column":6},"end":{"line":76,"column":32}},"86":{"start":{"line":79,"column":6},"end":{"line":79,"column":31}},"87":{"start":{"line":83,"column":4},"end":{"line":94,"column":null}},"88":{"start":{"line":84,"column":6},"end":{"line":84,"column":38}},"89":{"start":{"line":87,"column":6},"end":{"line":87,"column":39}},"90":{"start":{"line":90,"column":6},"end":{"line":90,"column":25}},"91":{"start":{"line":91,"column":6},"end":{"line":93,"column":15}},"92":{"start":{"line":92,"column":8},"end":{"line":92,"column":28}},"93":{"start":{"line":102,"column":4},"end":{"line":113,"column":null}},"94":{"start":{"line":112,"column":6},"end":{"line":112,"column":15}},"95":{"start":{"line":116,"column":17},"end":{"line":170,"column":null}},"96":{"start":{"line":117,"column":10},"end":{"line":121,"column":null}},"97":{"start":{"line":123,"column":4},"end":{"line":125,"column":null}},"98":{"start":{"line":124,"column":6},"end":{"line":124,"column":46}},"99":{"start":{"line":128,"column":6},"end":{"line":128,"column":28}},"100":{"start":{"line":129,"column":6},"end":{"line":129,"column":29}},"101":{"start":{"line":130,"column":6},"end":{"line":130,"column":32}},"102":{"start":{"line":132,"column":6},"end":{"line":134,"column":9}},"103":{"start":{"line":136,"column":6},"end":{"line":136,"column":30}},"104":{"start":{"line":137,"column":6},"end":{"line":137,"column":28}},"105":{"start":{"line":138,"column":6},"end":{"line":138,"column":27}},"106":{"start":{"line":140,"column":6},"end":{"line":144,"column":null}},"107":{"start":{"line":146,"column":6},"end":{"line":164,"column":null}},"108":{"start":{"line":147,"column":8},"end":{"line":151,"column":null}},"109":{"start":{"line":148,"column":10},"end":{"line":148,"column":31}},"110":{"start":{"line":149,"column":10},"end":{"line":149,"column":32}},"111":{"start":{"line":150,"column":10},"end":{"line":150,"column":35}},"112":{"start":{"line":152,"column":8},"end":{"line":154,"column":null}},"113":{"start":{"line":153,"column":10},"end":{"line":153,"column":33}},"114":{"start":{"line":155,"column":8},"end":{"line":157,"column":null}},"115":{"start":{"line":156,"column":10},"end":{"line":156,"column":32}},"116":{"start":{"line":158,"column":8},"end":{"line":160,"column":null}},"117":{"start":{"line":159,"column":10},"end":{"line":159,"column":35}},"118":{"start":{"line":161,"column":8},"end":{"line":163,"column":null}},"119":{"start":{"line":162,"column":10},"end":{"line":162,"column":36}},"120":{"start":{"line":166,"column":6},"end":{"line":168,"column":null}},"121":{"start":{"line":167,"column":8},"end":{"line":167,"column":41}},"122":{"start":{"line":172,"column":2},"end":{"line":266,"column":null}},"123":{"start":{"line":188,"column":31},"end":{"line":191,"column":null}},"124":{"start":{"line":192,"column":29},"end":{"line":192,"column":null}},"125":{"start":{"line":204,"column":31},"end":{"line":210,"column":null}},"126":{"start":{"line":211,"column":29},"end":{"line":211,"column":null}},"127":{"start":{"line":228,"column":31},"end":{"line":233,"column":null}},"128":{"start":{"line":234,"column":29},"end":{"line":234,"column":null}},"129":{"start":{"line":236,"column":37},"end":{"line":236,"column":null}}},"fnMap":{"0":{"name":"SignUp","decl":{"start":{"line":22,"column":24},"end":{"line":22,"column":30}},"loc":{"start":{"line":22,"column":30},"end":{"line":267,"column":1}}},"1":{"name":"(anonymous_17)","decl":{"start":{"line":49,"column":23},"end":{"line":49,"column":30}},"loc":{"start":{"line":49,"column":69},"end":{"line":114,"column":null}}},"2":{"name":"(anonymous_18)","decl":{"start":{"line":49,"column":69},"end":{"line":49,"column":null}},"loc":{"start":{"line":49,"column":69},"end":{"line":114,"column":null}}},"3":{"name":"(anonymous_20)","decl":{"start":{"line":91,"column":17},"end":{"line":91,"column":null}},"loc":{"start":{"line":91,"column":17},"end":{"line":93,"column":7}}},"4":{"name":"(anonymous_21)","decl":{"start":{"line":116,"column":17},"end":{"line":116,"column":null}},"loc":{"start":{"line":116,"column":17},"end":{"line":170,"column":null}}},"5":{"name":"(anonymous_24)","decl":{"start":{"line":188,"column":24},"end":{"line":188,"column":25}},"loc":{"start":{"line":188,"column":26},"end":{"line":188,"column":46}}},"6":{"name":"(anonymous_25)","decl":{"start":{"line":192,"column":23},"end":{"line":192,"column":29}},"loc":{"start":{"line":192,"column":23},"end":{"line":192,"column":43}}},"7":{"name":"(anonymous_26)","decl":{"start":{"line":204,"column":24},"end":{"line":204,"column":25}},"loc":{"start":{"line":204,"column":26},"end":{"line":204,"column":46}}},"8":{"name":"(anonymous_27)","decl":{"start":{"line":211,"column":23},"end":{"line":211,"column":29}},"loc":{"start":{"line":211,"column":23},"end":{"line":211,"column":43}}},"9":{"name":"(anonymous_28)","decl":{"start":{"line":228,"column":24},"end":{"line":228,"column":25}},"loc":{"start":{"line":228,"column":26},"end":{"line":228,"column":46}}},"10":{"name":"(anonymous_29)","decl":{"start":{"line":234,"column":23},"end":{"line":234,"column":29}},"loc":{"start":{"line":234,"column":23},"end":{"line":234,"column":43}}},"11":{"name":"(anonymous_30)","decl":{"start":{"line":236,"column":31},"end":{"line":236,"column":37}},"loc":{"start":{"line":236,"column":31},"end":{"line":236,"column":55}}}},"branchMap":{"0":{"loc":{"start":{"line":54,"column":4},"end":{"line":64,"column":null}},"type":"if","locations":[{"start":{"line":54,"column":4},"end":{"line":64,"column":null}}]},"1":{"loc":{"start":{"line":54,"column":8},"end":{"line":54,"column":36}},"type":"binary-expr","locations":[{"start":{"line":54,"column":8},"end":{"line":54,"column":14}},{"start":{"line":54,"column":18},"end":{"line":54,"column":27}},{"start":{"line":54,"column":31},"end":{"line":54,"column":36}}]},"2":{"loc":{"start":{"line":55,"column":6},"end":{"line":57,"column":null}},"type":"if","locations":[{"start":{"line":55,"column":6},"end":{"line":57,"column":null}}]},"3":{"loc":{"start":{"line":58,"column":6},"end":{"line":60,"column":null}},"type":"if","locations":[{"start":{"line":58,"column":6},"end":{"line":60,"column":null}}]},"4":{"loc":{"start":{"line":61,"column":6},"end":{"line":63,"column":null}},"type":"if","locations":[{"start":{"line":61,"column":6},"end":{"line":63,"column":null}}]},"5":{"loc":{"start":{"line":67,"column":4},"end":{"line":72,"column":null}},"type":"if","locations":[{"start":{"line":67,"column":4},"end":{"line":72,"column":null}},{"start":{"line":70,"column":9},"end":{"line":72,"column":null}}]},"6":{"loc":{"start":{"line":75,"column":4},"end":{"line":80,"column":null}},"type":"if","locations":[{"start":{"line":75,"column":4},"end":{"line":80,"column":null}},{"start":{"line":78,"column":9},"end":{"line":80,"column":null}}]},"7":{"loc":{"start":{"line":83,"column":4},"end":{"line":94,"column":null}},"type":"if","locations":[{"start":{"line":83,"column":4},"end":{"line":94,"column":null}},{"start":{"line":86,"column":9},"end":{"line":94,"column":null}}]},"8":{"loc":{"start":{"line":102,"column":4},"end":{"line":113,"column":null}},"type":"if","locations":[{"start":{"line":102,"column":4},"end":{"line":113,"column":null}}]},"9":{"loc":{"start":{"line":102,"column":8},"end":{"line":111,"column":28}},"type":"binary-expr","locations":[{"start":{"line":102,"column":8},"end":{"line":102,"column":12}},{"start":{"line":103,"column":6},"end":{"line":103,"column":18}},{"start":{"line":104,"column":6},"end":{"line":104,"column":11}},{"start":{"line":105,"column":6},"end":{"line":105,"column":19}},{"start":{"line":106,"column":6},"end":{"line":106,"column":23}},{"start":{"line":107,"column":6},"end":{"line":107,"column":19}},{"start":{"line":108,"column":6},"end":{"line":108,"column":14}},{"start":{"line":109,"column":6},"end":{"line":109,"column":22}},{"start":{"line":110,"column":6},"end":{"line":110,"column":22}},{"start":{"line":111,"column":6},"end":{"line":111,"column":28}}]},"10":{"loc":{"start":{"line":123,"column":4},"end":{"line":125,"column":null}},"type":"if","locations":[{"start":{"line":123,"column":4},"end":{"line":125,"column":null}}]},"11":{"loc":{"start":{"line":146,"column":6},"end":{"line":164,"column":null}},"type":"if","locations":[{"start":{"line":146,"column":6},"end":{"line":164,"column":null}}]},"12":{"loc":{"start":{"line":146,"column":10},"end":{"line":146,"column":53}},"type":"binary-expr","locations":[{"start":{"line":146,"column":10},"end":{"line":146,"column":35}},{"start":{"line":146,"column":39},"end":{"line":146,"column":53}}]},"13":{"loc":{"start":{"line":147,"column":8},"end":{"line":151,"column":null}},"type":"if","locations":[{"start":{"line":147,"column":8},"end":{"line":151,"column":null}}]},"14":{"loc":{"start":{"line":152,"column":8},"end":{"line":154,"column":null}},"type":"if","locations":[{"start":{"line":152,"column":8},"end":{"line":154,"column":null}}]},"15":{"loc":{"start":{"line":155,"column":8},"end":{"line":157,"column":null}},"type":"if","locations":[{"start":{"line":155,"column":8},"end":{"line":157,"column":null}}]},"16":{"loc":{"start":{"line":158,"column":8},"end":{"line":160,"column":null}},"type":"if","locations":[{"start":{"line":158,"column":8},"end":{"line":160,"column":null}}]},"17":{"loc":{"start":{"line":161,"column":8},"end":{"line":163,"column":null}},"type":"if","locations":[{"start":{"line":161,"column":8},"end":{"line":163,"column":null}}]},"18":{"loc":{"start":{"line":166,"column":6},"end":{"line":168,"column":null}},"type":"if","locations":[{"start":{"line":166,"column":6},"end":{"line":168,"column":null}}]},"19":{"loc":{"start":{"line":216,"column":23},"end":{"line":216,"column":71}},"type":"binary-expr","locations":[{"start":{"line":216,"column":23},"end":{"line":216,"column":35}},{"start":{"line":216,"column":39},"end":{"line":216,"column":55}},{"start":{"line":216,"column":59},"end":{"line":216,"column":71}}]},"20":{"loc":{"start":{"line":217,"column":21},"end":{"line":219,"column":31}},"type":"cond-expr","locations":[{"start":{"line":217,"column":36},"end":{"line":217,"column":53}},{"start":{"line":218,"column":16},"end":{"line":219,"column":31}}]},"21":{"loc":{"start":{"line":218,"column":16},"end":{"line":219,"column":31}},"type":"cond-expr","locations":[{"start":{"line":218,"column":35},"end":{"line":218,"column":51}},{"start":{"line":219,"column":18},"end":{"line":219,"column":31}}]},"22":{"loc":{"start":{"line":221,"column":25},"end":{"line":221,"column":57}},"type":"binary-expr","locations":[{"start":{"line":221,"column":25},"end":{"line":221,"column":37}},{"start":{"line":221,"column":41},"end":{"line":221,"column":57}}]}},"s":{"0":0,"1":0,"2":0,"3":0,"4":0,"5":0,"6":0,"7":0,"8":0,"9":0,"10":0,"11":0,"12":0,"13":0,"14":0,"15":0,"16":0,"17":0,"18":0,"19":0,"20":0,"21":0,"22":0,"23":0,"24":0,"25":0,"26":0,"27":0,"28":0,"29":0,"30":0,"31":0,"32":0,"33":0,"34":0,"35":0,"36":0,"37":0,"38":0,"39":0,"40":0,"41":0,"42":0,"43":0,"44":0,"45":0,"46":0,"47":0,"48":0,"49":0,"50":0,"51":0,"52":0,"53":0,"54":0,"55":0,"56":0,"57":0,"58":0,"59":0,"60":0,"61":0,"62":0,"63":0,"64":0,"65":0,"66":0,"67":0,"68":0,"69":0,"70":0,"71":0,"72":0,"73":0,"74":0,"75":0,"76":0,"77":0,"78":0,"79":0,"80":0,"81":0,"82":0,"83":0,"84":0,"85":0,"86":0,"87":0,"88":0,"89":0,"90":0,"91":0,"92":0,"93":0,"94":0,"95":0,"96":0,"97":0,"98":0,"99":0,"100":0,"101":0,"102":0,"103":0,"104":0,"105":0,"106":0,"107":0,"108":0,"109":0,"110":0,"111":0,"112":0,"113":0,"114":0,"115":0,"116":0,"117":0,"118":0,"119":0,"120":0,"121":0,"122":0,"123":0,"124":0,"125":0,"126":0,"127":0,"128":0,"129":0},"f":{"0":0,"1":0,"2":0,"3":0,"4":0,"5":0,"6":0,"7":0,"8":0,"9":0,"10":0,"11":0},"b":{"0":[0],"1":[0,0,0],"2":[0],"3":[0],"4":[0],"5":[0,0],"6":[0,0],"7":[0,0],"8":[0],"9":[0,0,0,0,0,0,0,0,0,0],"10":[0],"11":[0],"12":[0,0],"13":[0],"14":[0],"15":[0],"16":[0],"17":[0],"18":[0],"19":[0,0,0],"20":[0,0],"21":[0,0],"22":[0,0]}}
,"/Users/jinu/Documents/Project/JeayBit/client/src/components/auth/child/AuthButton.tsx": {"path":"/Users/jinu/Documents/Project/JeayBit/client/src/components/auth/child/AuthButton.tsx","statementMap":{"0":{"start":{"line":1,"column":0},"end":{"line":1,"column":45}},"1":{"start":{"line":3,"column":42},"end":{"line":3,"column":63}},"2":{"start":{"line":4,"column":4},"end":{"line":8,"column":null}},"3":{"start":{"line":3,"column":0},"end":{"line":3,"column":24}}},"fnMap":{"0":{"name":"AuthButton","decl":{"start":{"line":3,"column":24},"end":{"line":3,"column":34}},"loc":{"start":{"line":3,"column":63},"end":{"line":9,"column":1}}}},"branchMap":{},"s":{"0":0,"1":0,"2":0,"3":0},"f":{"0":0},"b":{}}
,"/Users/jinu/Documents/Project/JeayBit/client/src/components/auth/child/AuthHeader.tsx": {"path":"/Users/jinu/Documents/Project/JeayBit/client/src/components/auth/child/AuthHeader.tsx","statementMap":{"0":{"start":{"line":1,"column":0},"end":{"line":1,"column":44}},"1":{"start":{"line":3,"column":41},"end":{"line":3,"column":43}},"2":{"start":{"line":3,"column":51},"end":{"line":3,"column":87}},"3":{"start":{"line":4,"column":4},"end":{"line":9,"column":null}},"4":{"start":{"line":3,"column":0},"end":{"line":3,"column":24}}},"fnMap":{"0":{"name":"AuthHeader","decl":{"start":{"line":3,"column":24},"end":{"line":3,"column":34}},"loc":{"start":{"line":3,"column":87},"end":{"line":10,"column":1}}}},"branchMap":{},"s":{"0":0,"1":0,"2":0,"3":0,"4":0},"f":{"0":0},"b":{}}
,"/Users/jinu/Documents/Project/JeayBit/client/src/components/auth/child/AuthNavigateLabel.tsx": {"path":"/Users/jinu/Documents/Project/JeayBit/client/src/components/auth/child/AuthNavigateLabel.tsx","statementMap":{"0":{"start":{"line":1,"column":0},"end":{"line":1,"column":47}},"1":{"start":{"line":9,"column":49},"end":{"line":9,"column":51}},"2":{"start":{"line":9,"column":65},"end":{"line":9,"column":67}},"3":{"start":{"line":9,"column":83},"end":{"line":9,"column":109}},"4":{"start":{"line":10,"column":21},"end":{"line":10,"column":34}},"5":{"start":{"line":12,"column":4},"end":{"line":21,"column":null}},"6":{"start":{"line":17,"column":31},"end":{"line":17,"column":null}},"7":{"start":{"line":9,"column":0},"end":{"line":9,"column":24}}},"fnMap":{"0":{"name":"AuthNavigateLabel","decl":{"start":{"line":9,"column":24},"end":{"line":9,"column":41}},"loc":{"start":{"line":9,"column":109},"end":{"line":22,"column":1}}},"1":{"name":"(anonymous_3)","decl":{"start":{"line":17,"column":25},"end":{"line":17,"column":31}},"loc":{"start":{"line":17,"column":25},"end":{"line":17,"column":39}}}},"branchMap":{},"s":{"0":0,"1":0,"2":0,"3":0,"4":0,"5":0,"6":0,"7":0},"f":{"0":0,"1":0},"b":{}}
,"/Users/jinu/Documents/Project/JeayBit/client/src/components/auth/child/Divider.tsx": {"path":"/Users/jinu/Documents/Project/JeayBit/client/src/components/auth/child/Divider.tsx","statementMap":{"0":{"start":{"line":1,"column":0},"end":{"line":1,"column":41}},"1":{"start":{"line":4,"column":4},"end":{"line":8,"column":null}},"2":{"start":{"line":3,"column":0},"end":{"line":3,"column":24}}},"fnMap":{"0":{"name":"Divider","decl":{"start":{"line":3,"column":24},"end":{"line":3,"column":31}},"loc":{"start":{"line":3,"column":31},"end":{"line":9,"column":1}}}},"branchMap":{},"s":{"0":0,"1":0,"2":0},"f":{"0":0},"b":{}}
,"/Users/jinu/Documents/Project/JeayBit/client/src/components/auth/child/KakaoCallback.tsx": {"path":"/Users/jinu/Documents/Project/JeayBit/client/src/components/auth/child/KakaoCallback.tsx","statementMap":{"0":{"start":{"line":1,"column":0},"end":{"line":1,"column":44}},"1":{"start":{"line":2,"column":0},"end":{"line":2,"column":26}},"2":{"start":{"line":3,"column":0},"end":{"line":3,"column":64}},"3":{"start":{"line":4,"column":0},"end":{"line":4,"column":54}},"4":{"start":{"line":5,"column":0},"end":{"line":5,"column":47}},"5":{"start":{"line":6,"column":0},"end":{"line":6,"column":69}},"6":{"start":{"line":7,"column":0},"end":{"line":7,"column":67}},"7":{"start":{"line":9,"column":16},"end":{"line":9,"column":45}},"8":{"start":{"line":12,"column":0},"end":{"line":12,"column":24}},"9":{"start":{"line":13,"column":21},"end":{"line":13,"column":37}},"10":{"start":{"line":14,"column":21},"end":{"line":14,"column":34}},"11":{"start":{"line":16,"column":38},"end":{"line":16,"column":52}},"12":{"start":{"line":16,"column":20},"end":{"line":16,"column":22}},"13":{"start":{"line":16,"column":34},"end":{"line":16,"column":38}},"14":{"start":{"line":18,"column":4},"end":{"line":51,"column":29}},"15":{"start":{"line":19,"column":26},"end":{"line":48,"column":10}},"16":{"start":{"line":20,"column":18},"end":{"line":20,"column":80}},"17":{"start":{"line":22,"column":16},"end":{"line":22,"column":20}},"18":{"start":{"line":24,"column":20},"end":{"line":24,"column":39}},"19":{"start":{"line":27,"column":37},"end":{"line":29,"column":null}},"20":{"start":{"line":27,"column":26},"end":{"line":29,"column":null}},"21":{"start":{"line":32,"column":20},"end":{"line":35,"column":24}},"22":{"start":{"line":37,"column":20},"end":{"line":37,"column":34}},"23":{"start":{"line":39,"column":20},"end":{"line":39,"column":39}},"24":{"start":{"line":40,"column":20},"end":{"line":43,"column":24}},"25":{"start":{"line":45,"column":20},"end":{"line":45,"column":40}},"26":{"start":{"line":50,"column":8},"end":{"line":50,"column":20}},"27":{"start":{"line":53,"column":4},"end":{"line":55,"column":null}},"28":{"start":{"line":55,"column":30},"end":{"line":55,"column":53}}},"fnMap":{"0":{"name":"KakaoCallback","decl":{"start":{"line":12,"column":24},"end":{"line":12,"column":37}},"loc":{"start":{"line":12,"column":37},"end":{"line":56,"column":1}}},"1":{"name":"(anonymous_15)","decl":{"start":{"line":18,"column":14},"end":{"line":18,"column":null}},"loc":{"start":{"line":18,"column":14},"end":{"line":51,"column":5}}},"2":{"name":"(anonymous_16)","decl":{"start":{"line":19,"column":26},"end":{"line":19,"column":null}},"loc":{"start":{"line":19,"column":26},"end":{"line":48,"column":10}}},"3":{"name":"(anonymous_19)","decl":{"start":{"line":55,"column":24},"end":{"line":55,"column":30}},"loc":{"start":{"line":55,"column":24},"end":{"line":55,"column":42}}}},"branchMap":{"0":{"loc":{"start":{"line":22,"column":16},"end":{"line":22,"column":20}},"type":"if","locations":[{"start":{"line":22,"column":16},"end":{"line":22,"column":20}}]}},"s":{"0":0,"1":0,"2":0,"3":0,"4":0,"5":0,"6":0,"7":0,"8":0,"9":0,"10":0,"11":0,"12":0,"13":0,"14":0,"15":0,"16":0,"17":0,"18":0,"19":0,"20":0,"21":0,"22":0,"23":0,"24":0,"25":0,"26":0,"27":0,"28":0},"f":{"0":0,"1":0,"2":0,"3":0},"b":{"0":[0]}}
,"/Users/jinu/Documents/Project/JeayBit/client/src/components/auth/child/KakaoLoginButton.tsx": {"path":"/Users/jinu/Documents/Project/JeayBit/client/src/components/auth/child/KakaoLoginButton.tsx","statementMap":{"0":{"start":{"line":1,"column":0},"end":{"line":1,"column":63}},"1":{"start":{"line":2,"column":0},"end":{"line":2,"column":56}},"2":{"start":{"line":3,"column":0},"end":{"line":3,"column":50}},"3":{"start":{"line":6,"column":4},"end":{"line":15,"column":null}},"4":{"start":{"line":5,"column":0},"end":{"line":5,"column":24}}},"fnMap":{"0":{"name":"KakaoLoginButton","decl":{"start":{"line":5,"column":24},"end":{"line":5,"column":40}},"loc":{"start":{"line":5,"column":40},"end":{"line":16,"column":1}}}},"branchMap":{},"s":{"0":0,"1":0,"2":0,"3":0,"4":0},"f":{"0":0},"b":{}}
,"/Users/jinu/Documents/Project/JeayBit/client/src/components/auth/child/PICheckbox.tsx": {"path":"/Users/jinu/Documents/Project/JeayBit/client/src/components/auth/child/PICheckbox.tsx","statementMap":{"0":{"start":{"line":1,"column":0},"end":{"line":1,"column":33}},"1":{"start":{"line":2,"column":0},"end":{"line":2,"column":58}},"2":{"start":{"line":11,"column":59},"end":{"line":11,"column":61}},"3":{"start":{"line":11,"column":86},"end":{"line":11,"column":88}},"4":{"start":{"line":11,"column":97},"end":{"line":11,"column":99}},"5":{"start":{"line":11,"column":110},"end":{"line":11,"column":129}},"6":{"start":{"line":12,"column":46},"end":{"line":12,"column":70}},"7":{"start":{"line":12,"column":24},"end":{"line":12,"column":26}},"8":{"start":{"line":12,"column":42},"end":{"line":12,"column":46}},"9":{"start":{"line":13,"column":4},"end":{"line":37,"column":null}},"10":{"start":{"line":19,"column":36},"end":{"line":19,"column":null}},"11":{"start":{"line":23,"column":39},"end":{"line":23,"column":null}},"12":{"start":{"line":11,"column":0},"end":{"line":11,"column":24}}},"fnMap":{"0":{"name":"PICheckbox","decl":{"start":{"line":11,"column":24},"end":{"line":11,"column":34}},"loc":{"start":{"line":11,"column":129},"end":{"line":38,"column":1}}},"1":{"name":"(anonymous_4)","decl":{"start":{"line":19,"column":30},"end":{"line":19,"column":36}},"loc":{"start":{"line":19,"column":30},"end":{"line":19,"column":61}}},"2":{"name":"(anonymous_5)","decl":{"start":{"line":23,"column":33},"end":{"line":23,"column":39}},"loc":{"start":{"line":23,"column":33},"end":{"line":23,"column":55}}}},"branchMap":{"0":{"loc":{"start":{"line":24,"column":38},"end":{"line":24,"column":60}},"type":"binary-expr","locations":[{"start":{"line":24,"column":38},"end":{"line":24,"column":47}},{"start":{"line":24,"column":51},"end":{"line":24,"column":60}}]},"1":{"loc":{"start":{"line":26,"column":38},"end":{"line":26,"column":94}},"type":"cond-expr","locations":[{"start":{"line":26,"column":79},"end":{"line":26,"column":84}},{"start":{"line":26,"column":87},"end":{"line":26,"column":94}}]},"2":{"loc":{"start":{"line":26,"column":38},"end":{"line":26,"column":76}},"type":"binary-expr","locations":[{"start":{"line":26,"column":38},"end":{"line":26,"column":49}},{"start":{"line":26,"column":53},"end":{"line":26,"column":76}}]}},"s":{"0":0,"1":0,"2":0,"3":0,"4":0,"5":0,"6":0,"7":0,"8":0,"9":0,"10":0,"11":0,"12":0},"f":{"0":0,"1":0,"2":0},"b":{"0":[0,0],"1":[0,0],"2":[0,0]}}
,"/Users/jinu/Documents/Project/JeayBit/client/src/components/chart/Chart.tsx": {"path":"/Users/jinu/Documents/Project/JeayBit/client/src/components/chart/Chart.tsx","statementMap":{"0":{"start":{"line":1,"column":0},"end":{"line":1,"column":51}},"1":{"start":{"line":2,"column":0},"end":{"line":2,"column":42}},"2":{"start":{"line":3,"column":0},"end":{"line":3,"column":46}},"3":{"start":{"line":4,"column":0},"end":{"line":4,"column":59}},"4":{"start":{"line":5,"column":0},"end":{"line":5,"column":37}},"5":{"start":{"line":8,"column":26},"end":{"line":8,"column":70}},"6":{"start":{"line":8,"column":50},"end":{"line":8,"column":70}},"7":{"start":{"line":9,"column":28},"end":{"line":9,"column":74}},"8":{"start":{"line":9,"column":52},"end":{"line":9,"column":74}},"9":{"start":{"line":10,"column":25},"end":{"line":10,"column":68}},"10":{"start":{"line":10,"column":49},"end":{"line":10,"column":68}},"11":{"start":{"line":12,"column":4},"end":{"line":24,"column":null}},"12":{"start":{"line":7,"column":0},"end":{"line":7,"column":24}}},"fnMap":{"0":{"name":"Chart","decl":{"start":{"line":7,"column":24},"end":{"line":7,"column":29}},"loc":{"start":{"line":7,"column":29},"end":{"line":25,"column":1}}},"1":{"name":"(anonymous_4)","decl":{"start":{"line":8,"column":41},"end":{"line":8,"column":46}},"loc":{"start":{"line":8,"column":46},"end":{"line":8,"column":55}}},"2":{"name":"(anonymous_5)","decl":{"start":{"line":9,"column":43},"end":{"line":9,"column":48}},"loc":{"start":{"line":9,"column":48},"end":{"line":9,"column":57}}},"3":{"name":"(anonymous_6)","decl":{"start":{"line":10,"column":40},"end":{"line":10,"column":45}},"loc":{"start":{"line":10,"column":45},"end":{"line":10,"column":54}}}},"branchMap":{"0":{"loc":{"start":{"line":17,"column":16},"end":{"line":21,"column":36}},"type":"cond-expr","locations":[{"start":{"line":18,"column":20},"end":{"line":18,"column":33}},{"start":{"line":19,"column":20},"end":{"line":21,"column":36}}]},"1":{"loc":{"start":{"line":17,"column":16},"end":{"line":17,"column":81}},"type":"binary-expr","locations":[{"start":{"line":17,"column":17},"end":{"line":17,"column":37}},{"start":{"line":17,"column":41},"end":{"line":17,"column":63}},{"start":{"line":17,"column":68},"end":{"line":17,"column":81}}]}},"s":{"0":0,"1":0,"2":0,"3":0,"4":0,"5":0,"6":0,"7":0,"8":0,"9":0,"10":0,"11":0,"12":0},"f":{"0":0,"1":0,"2":0,"3":0},"b":{"0":[0,0],"1":[0,0,0]}}
,"/Users/jinu/Documents/Project/JeayBit/client/src/components/chart/child/ApexChart.tsx": {"path":"/Users/jinu/Documents/Project/JeayBit/client/src/components/chart/child/ApexChart.tsx","statementMap":{"0":{"start":{"line":1,"column":0},"end":{"line":1,"column":44}},"1":{"start":{"line":2,"column":0},"end":{"line":2,"column":37}},"2":{"start":{"line":3,"column":0},"end":{"line":3,"column":37}},"3":{"start":{"line":4,"column":0},"end":{"line":4,"column":54}},"4":{"start":{"line":5,"column":0},"end":{"line":5,"column":68}},"5":{"start":{"line":15,"column":24},"end":{"line":15,"column":68}},"6":{"start":{"line":15,"column":48},"end":{"line":15,"column":68}},"7":{"start":{"line":16,"column":26},"end":{"line":16,"column":72}},"8":{"start":{"line":16,"column":50},"end":{"line":16,"column":72}},"9":{"start":{"line":17,"column":24},"end":{"line":17,"column":68}},"10":{"start":{"line":17,"column":48},"end":{"line":17,"column":68}},"11":{"start":{"line":18,"column":24},"end":{"line":18,"column":68}},"12":{"start":{"line":18,"column":48},"end":{"line":18,"column":68}},"13":{"start":{"line":20,"column":30},"end":{"line":20,"column":93}},"14":{"start":{"line":20,"column":15},"end":{"line":20,"column":17}},"15":{"start":{"line":20,"column":26},"end":{"line":20,"column":30}},"16":{"start":{"line":21,"column":48},"end":{"line":21,"column":98}},"17":{"start":{"line":21,"column":24},"end":{"line":21,"column":26}},"18":{"start":{"line":21,"column":44},"end":{"line":21,"column":48}},"19":{"start":{"line":22,"column":30},"end":{"line":24,"column":4}},"20":{"start":{"line":22,"column":15},"end":{"line":22,"column":17}},"21":{"start":{"line":22,"column":26},"end":{"line":22,"column":30}},"22":{"start":{"line":26,"column":25},"end":{"line":32,"column":3}},"23":{"start":{"line":27,"column":21},"end":{"line":30,"column":6}},"24":{"start":{"line":31,"column":4},"end":{"line":31,"column":33}},"25":{"start":{"line":34,"column":42},"end":{"line":192,"column":4}},"26":{"start":{"line":67,"column":50},"end":{"line":67,"column":52}},"27":{"start":{"line":67,"column":57},"end":{"line":67,"column":64}},"28":{"start":{"line":68,"column":10},"end":{"line":76,"column":null}},"29":{"start":{"line":69,"column":12},"end":{"line":75,"column":15}},"30":{"start":{"line":78,"column":52},"end":{"line":78,"column":54}},"31":{"start":{"line":78,"column":59},"end":{"line":78,"column":66}},"32":{"start":{"line":79,"column":10},"end":{"line":87,"column":null}},"33":{"start":{"line":80,"column":12},"end":{"line":86,"column":15}},"34":{"start":{"line":90,"column":10},"end":{"line":90,"column":35}},"35":{"start":{"line":91,"column":24},"end":{"line":91,"column":63}},"36":{"start":{"line":92,"column":10},"end":{"line":120,"column":null}},"37":{"start":{"line":93,"column":12},"end":{"line":119,"column":28}},"38":{"start":{"line":103,"column":20},"end":{"line":103,"column":50}},"39":{"start":{"line":129,"column":24},"end":{"line":129,"column":59}},"40":{"start":{"line":130,"column":10},"end":{"line":130,"column":23}},"41":{"start":{"line":137,"column":10},"end":{"line":137,"column":61}},"42":{"start":{"line":144,"column":10},"end":{"line":144,"column":40}},"43":{"start":{"line":171,"column":37},"end":{"line":171,"column":39}},"44":{"start":{"line":171,"column":53},"end":{"line":171,"column":55}},"45":{"start":{"line":171,"column":56},"end":{"line":171,"column":115}},"46":{"start":{"line":172,"column":8},"end":{"line":172,"column":64}},"47":{"start":{"line":172,"column":57},"end":{"line":172,"column":64}},"48":{"start":{"line":173,"column":18},"end":{"line":173,"column":70}},"49":{"start":{"line":174,"column":18},"end":{"line":174,"column":70}},"50":{"start":{"line":175,"column":18},"end":{"line":175,"column":70}},"51":{"start":{"line":176,"column":18},"end":{"line":176,"column":70}},"52":{"start":{"line":178,"column":8},"end":{"line":189,"column":10}},"53":{"start":{"line":34,"column":21},"end":{"line":34,"column":23}},"54":{"start":{"line":34,"column":38},"end":{"line":34,"column":42}},"55":{"start":{"line":195,"column":23},"end":{"line":215,"column":3}},"56":{"start":{"line":196,"column":20},"end":{"line":196,"column":53}},"57":{"start":{"line":198,"column":4},"end":{"line":214,"column":null}},"58":{"start":{"line":201,"column":8},"end":{"line":201,"column":39}},"59":{"start":{"line":203,"column":8},"end":{"line":203,"column":42}},"60":{"start":{"line":206,"column":8},"end":{"line":206,"column":null}},"61":{"start":{"line":211,"column":8},"end":{"line":211,"column":null}},"62":{"start":{"line":213,"column":8},"end":{"line":213,"column":51}},"63":{"start":{"line":217,"column":2},"end":{"line":260,"column":69}},"64":{"start":{"line":219,"column":29},"end":{"line":219,"column":50}},"65":{"start":{"line":219,"column":49},"end":{"line":227,"column":7}},"66":{"start":{"line":229,"column":43},"end":{"line":229,"column":45}},"67":{"start":{"line":232,"column":4},"end":{"line":239,"column":null}},"68":{"start":{"line":233,"column":6},"end":{"line":233,"column":31}},"69":{"start":{"line":234,"column":6},"end":{"line":234,"column":51}},"70":{"start":{"line":236,"column":9},"end":{"line":239,"column":null}},"71":{"start":{"line":237,"column":6},"end":{"line":237,"column":31}},"72":{"start":{"line":238,"column":6},"end":{"line":238,"column":49}},"73":{"start":{"line":242,"column":18},"end":{"line":242,"column":57}},"74":{"start":{"line":243,"column":4},"end":{"line":259,"column":null}},"75":{"start":{"line":245,"column":6},"end":{"line":245,"column":44}},"76":{"start":{"line":248,"column":6},"end":{"line":255,"column":null}},"77":{"start":{"line":249,"column":8},"end":{"line":254,"column":25}},"78":{"start":{"line":258,"column":6},"end":{"line":258,"column":28}},"79":{"start":{"line":262,"column":2},"end":{"line":286,"column":15}},"80":{"start":{"line":264,"column":30},"end":{"line":279,"column":5}},"81":{"start":{"line":265,"column":27},"end":{"line":265,"column":66}},"82":{"start":{"line":266,"column":6},"end":{"line":278,"column":null}},"83":{"start":{"line":268,"column":32},"end":{"line":268,"column":72}},"84":{"start":{"line":269,"column":8},"end":{"line":277,"column":null}},"85":{"start":{"line":271,"column":24},"end":{"line":271,"column":63}},"86":{"start":{"line":272,"column":10},"end":{"line":276,"column":13}},"87":{"start":{"line":282,"column":4},"end":{"line":282,"column":57}},"88":{"start":{"line":283,"column":4},"end":{"line":283,"column":24}},"89":{"start":{"line":285,"column":4},"end":{"line":285,"column":73}},"90":{"start":{"line":285,"column":17},"end":{"line":285,"column":73}},"91":{"start":{"line":288,"column":2},"end":{"line":294,"column":4}},"92":{"start":{"line":14,"column":0},"end":{"line":14,"column":24}}},"fnMap":{"0":{"name":"ApexChart","decl":{"start":{"line":14,"column":24},"end":{"line":14,"column":33}},"loc":{"start":{"line":14,"column":33},"end":{"line":295,"column":1}}},"1":{"name":"(anonymous_2)","decl":{"start":{"line":15,"column":39},"end":{"line":15,"column":44}},"loc":{"start":{"line":15,"column":44},"end":{"line":15,"column":53}}},"2":{"name":"(anonymous_3)","decl":{"start":{"line":16,"column":41},"end":{"line":16,"column":46}},"loc":{"start":{"line":16,"column":46},"end":{"line":16,"column":55}}},"3":{"name":"(anonymous_4)","decl":{"start":{"line":17,"column":39},"end":{"line":17,"column":44}},"loc":{"start":{"line":17,"column":44},"end":{"line":17,"column":53}}},"4":{"name":"(anonymous_5)","decl":{"start":{"line":18,"column":39},"end":{"line":18,"column":44}},"loc":{"start":{"line":18,"column":44},"end":{"line":18,"column":53}}},"5":{"name":"(anonymous_6)","decl":{"start":{"line":26,"column":25},"end":{"line":26,"column":26}},"loc":{"start":{"line":26,"column":61},"end":{"line":32,"column":3}}},"6":{"name":"(anonymous_7)","decl":{"start":{"line":67,"column":16},"end":{"line":67,"column":17}},"loc":{"start":{"line":67,"column":64},"end":{"line":77,"column":9}}},"7":{"name":"(anonymous_8)","decl":{"start":{"line":78,"column":18},"end":{"line":78,"column":19}},"loc":{"start":{"line":78,"column":66},"end":{"line":88,"column":9}}},"8":{"name":"(anonymous_9)","decl":{"start":{"line":89,"column":25},"end":{"line":89,"column":null}},"loc":{"start":{"line":89,"column":25},"end":{"line":121,"column":9}}},"9":{"name":"(anonymous_10)","decl":{"start":{"line":102,"column":29},"end":{"line":102,"column":39}},"loc":{"start":{"line":102,"column":52},"end":{"line":104,"column":19}}},"10":{"name":"(anonymous_11)","decl":{"start":{"line":128,"column":19},"end":{"line":128,"column":29}},"loc":{"start":{"line":128,"column":42},"end":{"line":131,"column":9}}},"11":{"name":"(anonymous_12)","decl":{"start":{"line":136,"column":19},"end":{"line":136,"column":29}},"loc":{"start":{"line":136,"column":42},"end":{"line":138,"column":9}}},"12":{"name":"(anonymous_13)","decl":{"start":{"line":143,"column":19},"end":{"line":143,"column":29}},"loc":{"start":{"line":143,"column":42},"end":{"line":145,"column":9}}},"13":{"name":"(anonymous_14)","decl":{"start":{"line":171,"column":14},"end":{"line":171,"column":24}},"loc":{"start":{"line":171,"column":115},"end":{"line":190,"column":7}}},"14":{"name":"(anonymous_15)","decl":{"start":{"line":195,"column":23},"end":{"line":195,"column":24}},"loc":{"start":{"line":195,"column":56},"end":{"line":215,"column":3}}},"15":{"name":"(anonymous_16)","decl":{"start":{"line":217,"column":12},"end":{"line":217,"column":null}},"loc":{"start":{"line":217,"column":12},"end":{"line":260,"column":3}}},"16":{"name":"(anonymous_17)","decl":{"start":{"line":219,"column":29},"end":{"line":219,"column":30}},"loc":{"start":{"line":219,"column":44},"end":{"line":219,"column":50}}},"17":{"name":"(anonymous_18)","decl":{"start":{"line":262,"column":12},"end":{"line":262,"column":null}},"loc":{"start":{"line":262,"column":12},"end":{"line":286,"column":3}}},"18":{"name":"(anonymous_19)","decl":{"start":{"line":264,"column":30},"end":{"line":264,"column":null}},"loc":{"start":{"line":264,"column":30},"end":{"line":279,"column":5}}},"19":{"name":"(anonymous_20)","decl":{"start":{"line":285,"column":11},"end":{"line":285,"column":17}},"loc":{"start":{"line":285,"column":11},"end":{"line":285,"column":23}}}},"branchMap":{"0":{"loc":{"start":{"line":20,"column":47},"end":{"line":20,"column":92}},"type":"cond-expr","locations":[{"start":{"line":20,"column":63},"end":{"line":20,"column":76}},{"start":{"line":20,"column":79},"end":{"line":20,"column":92}}]},"1":{"loc":{"start":{"line":29,"column":13},"end":{"line":29,"column":63}},"type":"cond-expr","locations":[{"start":{"line":29,"column":27},"end":{"line":29,"column":38}},{"start":{"line":29,"column":41},"end":{"line":29,"column":63}}]},"2":{"loc":{"start":{"line":29,"column":41},"end":{"line":29,"column":63}},"type":"cond-expr","locations":[{"start":{"line":29,"column":56},"end":{"line":29,"column":58}},{"start":{"line":29,"column":41},"end":{"line":29,"column":63}}]},"3":{"loc":{"start":{"line":29,"column":41},"end":{"line":29,"column":58}},"type":"binary-expr","locations":[{"start":{"line":29,"column":41},"end":{"line":29,"column":58}},{"start":{"line":29,"column":41},"end":{"line":29,"column":58}}]},"4":{"loc":{"start":{"line":68,"column":10},"end":{"line":76,"column":null}},"type":"if","locations":[{"start":{"line":68,"column":10},"end":{"line":76,"column":null}}]},"5":{"loc":{"start":{"line":79,"column":10},"end":{"line":87,"column":null}},"type":"if","locations":[{"start":{"line":79,"column":10},"end":{"line":87,"column":null}}]},"6":{"loc":{"start":{"line":92,"column":10},"end":{"line":120,"column":null}},"type":"if","locations":[{"start":{"line":92,"column":10},"end":{"line":120,"column":null}}]},"7":{"loc":{"start":{"line":172,"column":8},"end":{"line":172,"column":64}},"type":"if","locations":[{"start":{"line":172,"column":8},"end":{"line":172,"column":64}}]},"8":{"loc":{"start":{"line":172,"column":12},"end":{"line":172,"column":55}},"type":"binary-expr","locations":[{"start":{"line":172,"column":12},"end":{"line":172,"column":30}},{"start":{"line":172,"column":34},"end":{"line":172,"column":55}}]},"9":{"loc":{"start":{"line":198,"column":4},"end":{"line":214,"column":null}},"type":"switch","locations":[{"start":{"line":199,"column":6},"end":{"line":199,"column":16}},{"start":{"line":200,"column":6},"end":{"line":201,"column":39}},{"start":{"line":202,"column":6},"end":{"line":203,"column":42}},{"start":{"line":204,"column":6},"end":{"line":204,"column":17}},{"start":{"line":205,"column":6},"end":{"line":206,"column":null}},{"start":{"line":207,"column":6},"end":{"line":207,"column":16}},{"start":{"line":208,"column":6},"end":{"line":208,"column":16}},{"start":{"line":209,"column":6},"end":{"line":209,"column":17}},{"start":{"line":210,"column":6},"end":{"line":211,"column":null}},{"start":{"line":212,"column":6},"end":{"line":213,"column":51}}]},"10":{"loc":{"start":{"line":232,"column":4},"end":{"line":239,"column":null}},"type":"if","locations":[{"start":{"line":232,"column":4},"end":{"line":239,"column":null}},{"start":{"line":236,"column":9},"end":{"line":239,"column":null}}]},"11":{"loc":{"start":{"line":236,"column":9},"end":{"line":239,"column":null}},"type":"if","locations":[{"start":{"line":236,"column":9},"end":{"line":239,"column":null}}]},"12":{"loc":{"start":{"line":243,"column":4},"end":{"line":259,"column":null}},"type":"if","locations":[{"start":{"line":243,"column":4},"end":{"line":259,"column":null}},{"start":{"line":257,"column":9},"end":{"line":259,"column":null}}]},"13":{"loc":{"start":{"line":248,"column":6},"end":{"line":255,"column":null}},"type":"if","locations":[{"start":{"line":248,"column":6},"end":{"line":255,"column":null}}]},"14":{"loc":{"start":{"line":266,"column":6},"end":{"line":278,"column":null}},"type":"if","locations":[{"start":{"line":266,"column":6},"end":{"line":278,"column":null}}]},"15":{"loc":{"start":{"line":268,"column":32},"end":{"line":268,"column":72}},"type":"cond-expr","locations":[{"start":{"line":268,"column":58},"end":{"line":268,"column":60}},{"start":{"line":268,"column":58},"end":{"line":268,"column":72}}]},"16":{"loc":{"start":{"line":268,"column":32},"end":{"line":268,"column":60}},"type":"binary-expr","locations":[{"start":{"line":268,"column":32},"end":{"line":268,"column":60}},{"start":{"line":268,"column":58},"end":{"line":268,"column":60}}]},"17":{"loc":{"start":{"line":269,"column":8},"end":{"line":277,"column":null}},"type":"if","locations":[{"start":{"line":269,"column":8},"end":{"line":277,"column":null}}]},"18":{"loc":{"start":{"line":272,"column":10},"end":{"line":276,"column":12}},"type":"cond-expr","locations":[{"start":{"line":272,"column":15},"end":{"line":272,"column":17}},{"start":{"line":272,"column":10},"end":{"line":276,"column":12}}]},"19":{"loc":{"start":{"line":272,"column":10},"end":{"line":272,"column":17}},"type":"binary-expr","locations":[{"start":{"line":272,"column":10},"end":{"line":272,"column":17}},{"start":{"line":272,"column":10},"end":{"line":272,"column":17}}]}},"s":{"0":0,"1":0,"2":0,"3":0,"4":0,"5":0,"6":0,"7":0,"8":0,"9":0,"10":0,"11":0,"12":0,"13":0,"14":0,"15":0,"16":0,"17":0,"18":0,"19":0,"20":0,"21":0,"22":0,"23":0,"24":0,"25":0,"26":0,"27":0,"28":0,"29":0,"30":0,"31":0,"32":0,"33":0,"34":0,"35":0,"36":0,"37":0,"38":0,"39":0,"40":0,"41":0,"42":0,"43":0,"44":0,"45":0,"46":0,"47":0,"48":0,"49":0,"50":0,"51":0,"52":0,"53":0,"54":0,"55":0,"56":0,"57":0,"58":0,"59":0,"60":0,"61":0,"62":0,"63":0,"64":0,"65":0,"66":0,"67":0,"68":0,"69":0,"70":0,"71":0,"72":0,"73":0,"74":0,"75":0,"76":0,"77":0,"78":0,"79":0,"80":0,"81":0,"82":0,"83":0,"84":0,"85":0,"86":0,"87":0,"88":0,"89":0,"90":0,"91":0,"92":0},"f":{"0":0,"1":0,"2":0,"3":0,"4":0,"5":0,"6":0,"7":0,"8":0,"9":0,"10":0,"11":0,"12":0,"13":0,"14":0,"15":0,"16":0,"17":0,"18":0,"19":0},"b":{"0":[0,0],"1":[0,0],"2":[0,0],"3":[0,0],"4":[0],"5":[0],"6":[0],"7":[0],"8":[0,0],"9":[0,0,0,0,0,0,0,0,0,0],"10":[0,0],"11":[0],"12":[0,0],"13":[0],"14":[0],"15":[0,0],"16":[0,0],"17":[0],"18":[0,0],"19":[0,0]}}
,"/Users/jinu/Documents/Project/JeayBit/client/src/components/chart/child/ChartHeader.tsx": {"path":"/Users/jinu/Documents/Project/JeayBit/client/src/components/chart/child/ChartHeader.tsx","statementMap":{"0":{"start":{"line":1,"column":0},"end":{"line":1,"column":70}},"1":{"start":{"line":2,"column":0},"end":{"line":2,"column":52}},"2":{"start":{"line":3,"column":0},"end":{"line":3,"column":88}},"3":{"start":{"line":4,"column":0},"end":{"line":4,"column":75}},"4":{"start":{"line":5,"column":0},"end":{"line":5,"column":60}},"5":{"start":{"line":7,"column":0},"end":{"line":7,"column":24}},"6":{"start":{"line":8,"column":21},"end":{"line":8,"column":37}},"7":{"start":{"line":10,"column":55},"end":{"line":10,"column":73}},"8":{"start":{"line":10,"column":31},"end":{"line":10,"column":33}},"9":{"start":{"line":10,"column":50},"end":{"line":10,"column":55}},"10":{"start":{"line":12,"column":26},"end":{"line":12,"column":70}},"11":{"start":{"line":12,"column":50},"end":{"line":12,"column":70}},"12":{"start":{"line":13,"column":26},"end":{"line":13,"column":70}},"13":{"start":{"line":13,"column":50},"end":{"line":13,"column":70}},"14":{"start":{"line":14,"column":26},"end":{"line":14,"column":70}},"15":{"start":{"line":14,"column":50},"end":{"line":14,"column":70}},"16":{"start":{"line":15,"column":26},"end":{"line":15,"column":70}},"17":{"start":{"line":15,"column":50},"end":{"line":15,"column":70}},"18":{"start":{"line":16,"column":27},"end":{"line":16,"column":72}},"19":{"start":{"line":16,"column":51},"end":{"line":16,"column":72}},"20":{"start":{"line":18,"column":48},"end":{"line":18,"column":63}},"21":{"start":{"line":18,"column":25},"end":{"line":18,"column":27}},"22":{"start":{"line":18,"column":44},"end":{"line":18,"column":48}},"23":{"start":{"line":19,"column":24},"end":{"line":19,"column":54}},"24":{"start":{"line":21,"column":31},"end":{"line":23,"column":5}},"25":{"start":{"line":22,"column":8},"end":{"line":22,"column":42}},"26":{"start":{"line":25,"column":31},"end":{"line":29,"column":5}},"27":{"start":{"line":26,"column":8},"end":{"line":26,"column":42}},"28":{"start":{"line":27,"column":8},"end":{"line":27,"column":39}},"29":{"start":{"line":28,"column":8},"end":{"line":28,"column":33}},"30":{"start":{"line":31,"column":25},"end":{"line":42,"column":6}},"31":{"start":{"line":32,"column":8},"end":{"line":32,"column":40}},"32":{"start":{"line":34,"column":16},"end":{"line":34,"column":29}},"33":{"start":{"line":35,"column":16},"end":{"line":35,"column":80}},"34":{"start":{"line":36,"column":23},"end":{"line":36,"column":36}},"35":{"start":{"line":37,"column":16},"end":{"line":37,"column":78}},"36":{"start":{"line":40,"column":12},"end":{"line":40,"column":45}},"37":{"start":{"line":44,"column":4},"end":{"line":46,"column":62}},"38":{"start":{"line":45,"column":8},"end":{"line":45,"column":23}},"39":{"start":{"line":49,"column":4},"end":{"line":59,"column":22}},"40":{"start":{"line":50,"column":35},"end":{"line":54,"column":9}},"41":{"start":{"line":51,"column":12},"end":{"line":53,"column":null}},"42":{"start":{"line":52,"column":16},"end":{"line":52,"column":41}},"43":{"start":{"line":55,"column":8},"end":{"line":55,"column":67}},"44":{"start":{"line":56,"column":8},"end":{"line":58,"column":10}},"45":{"start":{"line":57,"column":12},"end":{"line":57,"column":74}},"46":{"start":{"line":61,"column":4},"end":{"line":101,"column":6}},"47":{"start":{"line":65,"column":51},"end":{"line":72,"column":22}},"48":{"start":{"line":68,"column":43},"end":{"line":68,"column":null}},"49":{"start":{"line":77,"column":39},"end":{"line":77,"column":null}},"50":{"start":{"line":80,"column":63},"end":{"line":80,"column":null}},"51":{"start":{"line":88,"column":59},"end":{"line":95,"column":30}},"52":{"start":{"line":91,"column":51},"end":{"line":91,"column":null}}},"fnMap":{"0":{"name":"ChartHeader","decl":{"start":{"line":7,"column":24},"end":{"line":7,"column":35}},"loc":{"start":{"line":7,"column":35},"end":{"line":102,"column":1}}},"1":{"name":"(anonymous_17)","decl":{"start":{"line":12,"column":41},"end":{"line":12,"column":46}},"loc":{"start":{"line":12,"column":46},"end":{"line":12,"column":55}}},"2":{"name":"(anonymous_18)","decl":{"start":{"line":13,"column":41},"end":{"line":13,"column":46}},"loc":{"start":{"line":13,"column":46},"end":{"line":13,"column":55}}},"3":{"name":"(anonymous_19)","decl":{"start":{"line":14,"column":41},"end":{"line":14,"column":46}},"loc":{"start":{"line":14,"column":46},"end":{"line":14,"column":55}}},"4":{"name":"(anonymous_20)","decl":{"start":{"line":15,"column":41},"end":{"line":15,"column":46}},"loc":{"start":{"line":15,"column":46},"end":{"line":15,"column":55}}},"5":{"name":"(anonymous_21)","decl":{"start":{"line":16,"column":42},"end":{"line":16,"column":47}},"loc":{"start":{"line":16,"column":47},"end":{"line":16,"column":56}}},"6":{"name":"(anonymous_22)","decl":{"start":{"line":21,"column":31},"end":{"line":21,"column":32}},"loc":{"start":{"line":21,"column":45},"end":{"line":23,"column":5}}},"7":{"name":"(anonymous_23)","decl":{"start":{"line":25,"column":31},"end":{"line":25,"column":32}},"loc":{"start":{"line":25,"column":45},"end":{"line":29,"column":5}}},"8":{"name":"(anonymous_24)","decl":{"start":{"line":31,"column":25},"end":{"line":31,"column":null}},"loc":{"start":{"line":31,"column":25},"end":{"line":42,"column":6}}},"9":{"name":"(anonymous_27)","decl":{"start":{"line":44,"column":14},"end":{"line":44,"column":null}},"loc":{"start":{"line":44,"column":14},"end":{"line":46,"column":5}}},"10":{"name":"(anonymous_28)","decl":{"start":{"line":49,"column":14},"end":{"line":49,"column":null}},"loc":{"start":{"line":49,"column":14},"end":{"line":59,"column":5}}},"11":{"name":"(anonymous_29)","decl":{"start":{"line":50,"column":35},"end":{"line":50,"column":36}},"loc":{"start":{"line":50,"column":53},"end":{"line":54,"column":9}}},"12":{"name":"(anonymous_30)","decl":{"start":{"line":56,"column":15},"end":{"line":56,"column":null}},"loc":{"start":{"line":56,"column":15},"end":{"line":58,"column":9}}},"13":{"name":"(anonymous_31)","decl":{"start":{"line":65,"column":38},"end":{"line":65,"column":39}},"loc":{"start":{"line":65,"column":46},"end":{"line":65,"column":null}}},"14":{"name":"(anonymous_32)","decl":{"start":{"line":68,"column":37},"end":{"line":68,"column":43}},"loc":{"start":{"line":68,"column":37},"end":{"line":68,"column":61}}},"15":{"name":"(anonymous_33)","decl":{"start":{"line":77,"column":33},"end":{"line":77,"column":39}},"loc":{"start":{"line":77,"column":33},"end":{"line":77,"column":56}}},"16":{"name":"(anonymous_34)","decl":{"start":{"line":80,"column":57},"end":{"line":80,"column":63}},"loc":{"start":{"line":80,"column":57},"end":{"line":80,"column":80}}},"17":{"name":"(anonymous_35)","decl":{"start":{"line":88,"column":46},"end":{"line":88,"column":47}},"loc":{"start":{"line":88,"column":54},"end":{"line":88,"column":null}}},"18":{"name":"(anonymous_36)","decl":{"start":{"line":91,"column":45},"end":{"line":91,"column":51}},"loc":{"start":{"line":91,"column":45},"end":{"line":91,"column":69}}}},"branchMap":{"0":{"loc":{"start":{"line":34,"column":16},"end":{"line":34,"column":29}},"type":"if","locations":[{"start":{"line":34,"column":16},"end":{"line":34,"column":29}}]},"1":{"loc":{"start":{"line":34,"column":16},"end":{"line":34,"column":54}},"type":"binary-expr","locations":[{"start":{"line":34,"column":16},"end":{"line":34,"column":29}},{"start":{"line":34,"column":33},"end":{"line":34,"column":54}}]},"2":{"loc":{"start":{"line":36,"column":23},"end":{"line":36,"column":36}},"type":"if","locations":[{"start":{"line":36,"column":23},"end":{"line":36,"column":36}}]},"3":{"loc":{"start":{"line":36,"column":23},"end":{"line":36,"column":79}},"type":"binary-expr","locations":[{"start":{"line":36,"column":23},"end":{"line":36,"column":36}},{"start":{"line":36,"column":40},"end":{"line":36,"column":54}},{"start":{"line":36,"column":58},"end":{"line":36,"column":79}}]},"4":{"loc":{"start":{"line":51,"column":12},"end":{"line":53,"column":null}},"type":"if","locations":[{"start":{"line":51,"column":12},"end":{"line":53,"column":null}}]},"5":{"loc":{"start":{"line":51,"column":16},"end":{"line":51,"column":90}},"type":"binary-expr","locations":[{"start":{"line":51,"column":16},"end":{"line":51,"column":35}},{"start":{"line":51,"column":39},"end":{"line":51,"column":90}}]},"6":{"loc":{"start":{"line":69,"column":55},"end":{"line":69,"column":108}},"type":"cond-expr","locations":[{"start":{"line":69,"column":80},"end":{"line":69,"column":103}},{"start":{"line":69,"column":106},"end":{"line":69,"column":108}}]},"7":{"loc":{"start":{"line":76,"column":52},"end":{"line":76,"column":97}},"type":"cond-expr","locations":[{"start":{"line":76,"column":68},"end":{"line":76,"column":70}},{"start":{"line":76,"column":73},"end":{"line":76,"column":97}}]},"8":{"loc":{"start":{"line":86,"column":46},"end":{"line":86,"column":74}},"type":"cond-expr","locations":[{"start":{"line":86,"column":63},"end":{"line":86,"column":69}},{"start":{"line":86,"column":72},"end":{"line":86,"column":74}}]}},"s":{"0":0,"1":0,"2":0,"3":0,"4":0,"5":0,"6":0,"7":0,"8":0,"9":0,"10":0,"11":0,"12":0,"13":0,"14":0,"15":0,"16":0,"17":0,"18":0,"19":0,"20":0,"21":0,"22":0,"23":0,"24":0,"25":0,"26":0,"27":0,"28":0,"29":0,"30":0,"31":0,"32":0,"33":0,"34":0,"35":0,"36":0,"37":0,"38":0,"39":0,"40":0,"41":0,"42":0,"43":0,"44":0,"45":0,"46":0,"47":0,"48":0,"49":0,"50":0,"51":0,"52":0},"f":{"0":0,"1":0,"2":0,"3":0,"4":0,"5":0,"6":0,"7":0,"8":0,"9":0,"10":0,"11":0,"12":0,"13":0,"14":0,"15":0,"16":0,"17":0,"18":0},"b":{"0":[0],"1":[0,0],"2":[0],"3":[0,0,0],"4":[0],"5":[0,0],"6":[0,0],"7":[0,0],"8":[0,0]}}
,"/Users/jinu/Documents/Project/JeayBit/client/src/components/common/BackButton.tsx": {"path":"/Users/jinu/Documents/Project/JeayBit/client/src/components/common/BackButton.tsx","statementMap":{"0":{"start":{"line":1,"column":0},"end":{"line":1,"column":47}},"1":{"start":{"line":2,"column":0},"end":{"line":2,"column":78}},"2":{"start":{"line":3,"column":0},"end":{"line":3,"column":45}},"3":{"start":{"line":5,"column":46},"end":{"line":5,"column":71}},"4":{"start":{"line":6,"column":21},"end":{"line":6,"column":34}},"5":{"start":{"line":8,"column":4},"end":{"line":16,"column":null}},"6":{"start":{"line":10,"column":27},"end":{"line":10,"column":null}},"7":{"start":{"line":5,"column":0},"end":{"line":5,"column":24}}},"fnMap":{"0":{"name":"BackButton","decl":{"start":{"line":5,"column":24},"end":{"line":5,"column":34}},"loc":{"start":{"line":5,"column":71},"end":{"line":17,"column":1}}},"1":{"name":"(anonymous_3)","decl":{"start":{"line":10,"column":21},"end":{"line":10,"column":27}},"loc":{"start":{"line":10,"column":21},"end":{"line":10,"column":35}}}},"branchMap":{},"s":{"0":0,"1":0,"2":0,"3":0,"4":0,"5":0,"6":0,"7":0},"f":{"0":0,"1":0},"b":{}}
,"/Users/jinu/Documents/Project/JeayBit/client/src/components/common/CommonButton.tsx": {"path":"/Users/jinu/Documents/Project/JeayBit/client/src/components/common/CommonButton.tsx","statementMap":{"0":{"start":{"line":1,"column":0},"end":{"line":1,"column":46}},"1":{"start":{"line":10,"column":44},"end":{"line":10,"column":46}},"2":{"start":{"line":10,"column":53},"end":{"line":10,"column":55}},"3":{"start":{"line":10,"column":63},"end":{"line":10,"column":65}},"4":{"start":{"line":10,"column":65},"end":{"line":10,"column":69}},"5":{"start":{"line":10,"column":69},"end":{"line":10,"column":101}},"6":{"start":{"line":11,"column":4},"end":{"line":18,"column":null}},"7":{"start":{"line":10,"column":0},"end":{"line":10,"column":24}}},"fnMap":{"0":{"name":"CommonButton","decl":{"start":{"line":10,"column":24},"end":{"line":10,"column":36}},"loc":{"start":{"line":10,"column":101},"end":{"line":19,"column":1}}}},"branchMap":{"0":{"loc":{"start":{"line":10,"column":69},"end":{"line":10,"column":101}},"type":"cond-expr","locations":[{"start":{"line":10,"column":72},"end":{"line":10,"column":80}},{"start":{"line":10,"column":80},"end":{"line":10,"column":101}}]}},"s":{"0":0,"1":0,"2":0,"3":0,"4":0,"5":0,"6":0,"7":0},"f":{"0":0},"b":{"0":[0,0]}}
,"/Users/jinu/Documents/Project/JeayBit/client/src/components/common/HomeButton.tsx": {"path":"/Users/jinu/Documents/Project/JeayBit/client/src/components/common/HomeButton.tsx","statementMap":{"0":{"start":{"line":1,"column":0},"end":{"line":1,"column":47}},"1":{"start":{"line":2,"column":0},"end":{"line":2,"column":78}},"2":{"start":{"line":3,"column":0},"end":{"line":3,"column":45}},"3":{"start":{"line":5,"column":46},"end":{"line":5,"column":71}},"4":{"start":{"line":6,"column":21},"end":{"line":6,"column":34}},"5":{"start":{"line":8,"column":4},"end":{"line":16,"column":null}},"6":{"start":{"line":10,"column":27},"end":{"line":10,"column":null}},"7":{"start":{"line":5,"column":0},"end":{"line":5,"column":24}}},"fnMap":{"0":{"name":"HomeButton","decl":{"start":{"line":5,"column":24},"end":{"line":5,"column":34}},"loc":{"start":{"line":5,"column":71},"end":{"line":17,"column":1}}},"1":{"name":"(anonymous_3)","decl":{"start":{"line":10,"column":21},"end":{"line":10,"column":27}},"loc":{"start":{"line":10,"column":21},"end":{"line":10,"column":35}}}},"branchMap":{},"s":{"0":0,"1":0,"2":0,"3":0,"4":0,"5":0,"6":0,"7":0},"f":{"0":0,"1":0},"b":{}}
,"/Users/jinu/Documents/Project/JeayBit/client/src/components/common/NavBar.tsx": {"path":"/Users/jinu/Documents/Project/JeayBit/client/src/components/common/NavBar.tsx","statementMap":{"0":{"start":{"line":1,"column":0},"end":{"line":1,"column":40}},"1":{"start":{"line":16,"column":9},"end":{"line":16,"column":null}},"2":{"start":{"line":17,"column":14},"end":{"line":17,"column":null}},"3":{"start":{"line":18,"column":15},"end":{"line":18,"column":null}},"4":{"start":{"line":19,"column":4},"end":{"line":19,"column":8}},"5":{"start":{"line":19,"column":8},"end":{"line":19,"column":null}},"6":{"start":{"line":21,"column":4},"end":{"line":37,"column":6}},"7":{"start":{"line":24,"column":36},"end":{"line":35,"column":18}},"8":{"start":{"line":29,"column":39},"end":{"line":29,"column":null}},"9":{"start":{"line":15,"column":0},"end":{"line":15,"column":24}}},"fnMap":{"0":{"name":"NavBar","decl":{"start":{"line":15,"column":24},"end":{"line":15,"column":30}},"loc":{"start":{"line":20,"column":14},"end":{"line":38,"column":1}}},"1":{"name":"(anonymous_3)","decl":{"start":{"line":24,"column":26},"end":{"line":24,"column":27}},"loc":{"start":{"line":24,"column":31},"end":{"line":24,"column":null}}},"2":{"name":"(anonymous_4)","decl":{"start":{"line":29,"column":33},"end":{"line":29,"column":39}},"loc":{"start":{"line":29,"column":33},"end":{"line":29,"column":50}}}},"branchMap":{"0":{"loc":{"start":{"line":19,"column":8},"end":{"line":19,"column":null}},"type":"cond-expr","locations":[{"start":{"line":19,"column":11},"end":{"line":19,"column":18}},{"start":{"line":19,"column":18},"end":{"line":19,"column":null}}]},"1":{"loc":{"start":{"line":28,"column":30},"end":{"line":28,"column":71}},"type":"cond-expr","locations":[{"start":{"line":28,"column":58},"end":{"line":28,"column":66}},{"start":{"line":28,"column":69},"end":{"line":28,"column":71}}]},"2":{"loc":{"start":{"line":31,"column":35},"end":{"line":31,"column":85}},"type":"cond-expr","locations":[{"start":{"line":31,"column":63},"end":{"line":31,"column":73}},{"start":{"line":31,"column":76},"end":{"line":31,"column":85}}]}},"s":{"0":0,"1":0,"2":0,"3":0,"4":0,"5":0,"6":0,"7":0,"8":0,"9":0},"f":{"0":0,"1":0,"2":0},"b":{"0":[0,0],"1":[0,0],"2":[0,0]}}
,"/Users/jinu/Documents/Project/JeayBit/client/src/components/common/ShortcutsButton.tsx": {"path":"/Users/jinu/Documents/Project/JeayBit/client/src/components/common/ShortcutsButton.tsx","statementMap":{"0":{"start":{"line":1,"column":0},"end":{"line":1,"column":74}},"1":{"start":{"line":2,"column":0},"end":{"line":2,"column":49}},"2":{"start":{"line":3,"column":0},"end":{"line":3,"column":75}},"3":{"start":{"line":12,"column":48},"end":{"line":12,"column":50}},"4":{"start":{"line":12,"column":61},"end":{"line":12,"column":63}},"5":{"start":{"line":12,"column":72},"end":{"line":12,"column":96}},"6":{"start":{"line":13,"column":32},"end":{"line":13,"column":53}},"7":{"start":{"line":15,"column":4},"end":{"line":24,"column":6}},"8":{"start":{"line":17,"column":30},"end":{"line":17,"column":57}},"9":{"start":{"line":12,"column":0},"end":{"line":12,"column":24}}},"fnMap":{"0":{"name":"ShortcutsButton","decl":{"start":{"line":12,"column":24},"end":{"line":12,"column":39}},"loc":{"start":{"line":12,"column":96},"end":{"line":25,"column":1}}},"1":{"name":"(anonymous_4)","decl":{"start":{"line":17,"column":21},"end":{"line":17,"column":22}},"loc":{"start":{"line":17,"column":23},"end":{"line":17,"column":58}}}},"branchMap":{"0":{"loc":{"start":{"line":22,"column":22},"end":{"line":22,"column":57}},"type":"cond-expr","locations":[{"start":{"line":22,"column":36},"end":{"line":22,"column":45}},{"start":{"line":22,"column":48},"end":{"line":22,"column":57}}]}},"s":{"0":0,"1":0,"2":0,"3":0,"4":0,"5":0,"6":0,"7":0,"8":0,"9":0},"f":{"0":0,"1":0},"b":{"0":[0,0]}}
,"/Users/jinu/Documents/Project/JeayBit/client/src/components/crypto-info/CryptoDetail.tsx": {"path":"/Users/jinu/Documents/Project/JeayBit/client/src/components/crypto-info/CryptoDetail.tsx","statementMap":{"0":{"start":{"line":1,"column":0},"end":{"line":1,"column":51}},"1":{"start":{"line":2,"column":0},"end":{"line":2,"column":46}},"2":{"start":{"line":3,"column":0},"end":{"line":3,"column":65}},"3":{"start":{"line":4,"column":0},"end":{"line":4,"column":44}},"4":{"start":{"line":5,"column":0},"end":{"line":5,"column":38}},"5":{"start":{"line":6,"column":0},"end":{"line":6,"column":50}},"6":{"start":{"line":7,"column":0},"end":{"line":7,"column":51}},"7":{"start":{"line":10,"column":27},"end":{"line":10,"column":72}},"8":{"start":{"line":10,"column":51},"end":{"line":10,"column":72}},"9":{"start":{"line":12,"column":27},"end":{"line":13,"column":null}},"10":{"start":{"line":16,"column":4},"end":{"line":42,"column":6}},"11":{"start":{"line":9,"column":0},"end":{"line":9,"column":24}}},"fnMap":{"0":{"name":"CryptoDetail","decl":{"start":{"line":9,"column":24},"end":{"line":9,"column":36}},"loc":{"start":{"line":9,"column":36},"end":{"line":43,"column":1}}},"1":{"name":"(anonymous_4)","decl":{"start":{"line":10,"column":42},"end":{"line":10,"column":47}},"loc":{"start":{"line":10,"column":47},"end":{"line":10,"column":56}}}},"branchMap":{"0":{"loc":{"start":{"line":12,"column":53},"end":{"line":13,"column":58}},"type":"cond-expr","locations":[{"start":{"line":12,"column":88},"end":{"line":12,"column":94}},{"start":{"line":13,"column":8},"end":{"line":13,"column":58}}]},"1":{"loc":{"start":{"line":13,"column":8},"end":{"line":13,"column":58}},"type":"cond-expr","locations":[{"start":{"line":13,"column":43},"end":{"line":13,"column":49}},{"start":{"line":13,"column":52},"end":{"line":13,"column":58}}]},"2":{"loc":{"start":{"line":19,"column":16},"end":{"line":38,"column":null}},"type":"cond-expr","locations":[{"start":{"line":20,"column":20},"end":{"line":34,"column":null}},{"start":{"line":36,"column":20},"end":{"line":38,"column":null}}]}},"s":{"0":0,"1":0,"2":0,"3":0,"4":0,"5":0,"6":0,"7":0,"8":0,"9":0,"10":0,"11":0},"f":{"0":0,"1":0},"b":{"0":[0,0],"1":[0,0],"2":[0,0]}}
,"/Users/jinu/Documents/Project/JeayBit/client/src/components/crypto-info/CryptoHeader.tsx": {"path":"/Users/jinu/Documents/Project/JeayBit/client/src/components/crypto-info/CryptoHeader.tsx","statementMap":{"0":{"start":{"line":1,"column":0},"end":{"line":1,"column":50}},"1":{"start":{"line":2,"column":0},"end":{"line":2,"column":74}},"2":{"start":{"line":3,"column":0},"end":{"line":3,"column":58}},"3":{"start":{"line":4,"column":0},"end":{"line":4,"column":52}},"4":{"start":{"line":5,"column":0},"end":{"line":5,"column":51}},"5":{"start":{"line":6,"column":0},"end":{"line":6,"column":75}},"6":{"start":{"line":9,"column":40},"end":{"line":9,"column":55}},"7":{"start":{"line":9,"column":21},"end":{"line":9,"column":23}},"8":{"start":{"line":9,"column":36},"end":{"line":9,"column":40}},"9":{"start":{"line":10,"column":40},"end":{"line":10,"column":51}},"10":{"start":{"line":10,"column":21},"end":{"line":10,"column":23}},"11":{"start":{"line":10,"column":36},"end":{"line":10,"column":40}},"12":{"start":{"line":12,"column":29},"end":{"line":12,"column":57}},"13":{"start":{"line":14,"column":4},"end":{"line":40,"column":21}},"14":{"start":{"line":16,"column":33},"end":{"line":31,"column":9}},"15":{"start":{"line":17,"column":12},"end":{"line":30,"column":null}},"16":{"start":{"line":19,"column":35},"end":{"line":19,"column":83}},"17":{"start":{"line":21,"column":39},"end":{"line":21,"column":57}},"18":{"start":{"line":23,"column":34},"end":{"line":23,"column":48}},"19":{"start":{"line":25,"column":38},"end":{"line":25,"column":40}},"20":{"start":{"line":29,"column":16},"end":{"line":29,"column":74}},"21":{"start":{"line":33,"column":8},"end":{"line":37,"column":null}},"22":{"start":{"line":34,"column":12},"end":{"line":34,"column":31}},"23":{"start":{"line":36,"column":12},"end":{"line":36,"column":64}},"24":{"start":{"line":39,"column":8},"end":{"line":39,"column":76}},"25":{"start":{"line":39,"column":21},"end":{"line":39,"column":76}},"26":{"start":{"line":42,"column":4},"end":{"line":67,"column":6}},"27":{"start":{"line":49,"column":39},"end":{"line":49,"column":null}},"28":{"start":{"line":8,"column":0},"end":{"line":8,"column":24}}},"fnMap":{"0":{"name":"CryptoHeader","decl":{"start":{"line":8,"column":24},"end":{"line":8,"column":36}},"loc":{"start":{"line":8,"column":36},"end":{"line":68,"column":1}}},"1":{"name":"(anonymous_4)","decl":{"start":{"line":14,"column":14},"end":{"line":14,"column":null}},"loc"
[...]
,"/Users/jinu/Documents/Project/JeayBit/client/src/utils/format/formatTradeAmount.ts": {"path":"/Users/jinu/Documents/Project/JeayBit/client/src/utils/format/formatTradeAmount.ts","statementMap":{"0":{"start":{"line":3,"column":22},"end":{"line":3,"column":36}},"1":{"start":{"line":4,"column":4},"end":{"line":6,"column":null}},"2":{"start":{"line":5,"column":8},"end":{"line":5,"column":25}},"3":{"start":{"line":7,"column":4},"end":{"line":7,"column":89}},"4":{"start":{"line":2,"column":0},"end":{"line":2,"column":24}}},"fnMap":{"0":{"name":"formatTradeAmount","decl":{"start":{"line":2,"column":24},"end":{"line":2,"column":41}},"loc":{"start":{"line":2,"column":56},"end":{"line":8,"column":1}}}},"branchMap":{"0":{"loc":{"start":{"line":4,"column":4},"end":{"line":6,"column":null}},"type":"if","locations":[{"start":{"line":4,"column":4},"end":{"line":6,"column":null}}]},"1":{"loc":{"start":{"line":7,"column":11},"end":{"line":7,"column":88}},"type":"cond-expr","locations":[{"start":{"line":7,"column":34},"end":{"line":7,"column":59}},{"start":{"line":7,"column":62},"end":{"line":7,"column":88}}]}},"s":{"0":0,"1":0,"2":0,"3":0,"4":0},"f":{"0":0},"b":{"0":[0],"1":[0,0]}}
,"/Users/jinu/Documents/Project/JeayBit/client/src/utils/format/formatWithComas.ts": {"path":"/Users/jinu/Documents/Project/JeayBit/client/src/utils/format/formatWithComas.ts","statementMap":{"0":{"start":{"line":3,"column":4},"end":{"line":16,"column":null}},"1":{"start":{"line":5,"column":8},"end":{"line":12,"column":null}},"2":{"start":{"line":6,"column":29},"end":{"line":6,"column":42}},"3":{"start":{"line":7,"column":12},"end":{"line":10,"column":null}},"4":{"start":{"line":8,"column":43},"end":{"line":8,"column":62}},"5":{"start":{"line":8,"column":30},"end":{"line":8,"column":32}},"6":{"start":{"line":8,"column":39},"end":{"line":8,"column":43}},"7":{"start":{"line":9,"column":16},"end":{"line":9,"column":63}},"8":{"start":{"line":11,"column":12},"end":{"line":11,"column":28}},"9":{"start":{"line":14,"column":8},"end":{"line":14,"column":44}},"10":{"start":{"line":14,"column":18},"end":{"line":14,"column":44}},"11":{"start":{"line":15,"column":8},"end":{"line":15,"column":30}},"12":{"start":{"line":17,"column":18},"end":{"line":17,"column":34}},"13":{"start":{"line":18,"column":4},"end":{"line":18,"column":62}},"14":{"start":{"line":20,"column":4},"end":{"line":20,"column":27}},"15":{"start":{"line":2,"column":0},"end":{"line":2,"column":24}}},"fnMap":{"0":{"name":"formatWithComas","decl":{"start":{"line":2,"column":24},"end":{"line":2,"column":39}},"loc":{"start":{"line":2,"column":78},"end":{"line":21,"column":1}}}},"branchMap":{"0":{"loc":{"start":{"line":3,"column":4},"end":{"line":16,"column":null}},"type":"if","locations":[{"start":{"line":3,"column":4},"end":{"line":16,"column":null}}]},"1":{"loc":{"start":{"line":5,"column":8},"end":{"line":12,"column":null}},"type":"if","locations":[{"start":{"line":5,"column":8},"end":{"line":12,"column":null}}]},"2":{"loc":{"start":{"line":7,"column":12},"end":{"line":10,"column":null}},"type":"if","locations":[{"start":{"line":7,"column":12},"end":{"line":10,"column":null}}]},"3":{"loc":{"start":{"line":14,"column":8},"end":{"line":14,"column":44}},"type":"if","locations":[{"start":{"line":14,"column":8},"end":{"line":14,"column":44}}]}},"s":{"0":10,"1":8,"2":4,"3":4,"4":2,"5":2,"6":2,"7":2,"8":2,"9":4,"10":1,"11":4,"12":6,"13":6,"14":6,"15":1},"f":{"0":10},"b":{"0":[8],"1":[4],"2":[2],"3":[1]}}
,"/Users/jinu/Documents/Project/JeayBit/client/src/utils/format/limitDecimalPlace.ts": {"path":"/Users/jinu/Documents/Project/JeayBit/client/src/utils/format/limitDecimalPlace.ts","statementMap":{"0":{"start":{"line":3,"column":4},"end":{"line":5,"column":null}},"1":{"start":{"line":4,"column":8},"end":{"line":4,"column":49}},"2":{"start":{"line":6,"column":4},"end":{"line":6,"column":17}},"3":{"start":{"line":2,"column":0},"end":{"line":2,"column":24}}},"fnMap":{"0":{"name":"limitDecimalPlace","decl":{"start":{"line":2,"column":24},"end":{"line":2,"column":41}},"loc":{"start":{"line":2,"column":71},"end":{"line":7,"column":1}}}},"branchMap":{"0":{"loc":{"start":{"line":3,"column":4},"end":{"line":5,"column":null}},"type":"if","locations":[{"start":{"line":3,"column":4},"end":{"line":5,"column":null}}]},"1":{"loc":{"start":{"line":3,"column":9},"end":{"line":3,"column":45}},"type":"binary-expr","locations":[{"start":{"line":3,"column":9},"end":{"line":3,"column":39}},{"start":{"line":3,"column":43},"end":{"line":3,"column":45}}]}},"s":{"0":0,"1":0,"2":0,"3":0},"f":{"0":0},"b":{"0":[0],"1":[0,0]}}
,"/Users/jinu/Documents/Project/JeayBit/client/src/utils/responsive/checkCurrentScreen.ts": {"path":"/Users/jinu/Documents/Project/JeayBit/client/src/utils/responsive/checkCurrentScreen.ts","statementMap":{"0":{"start":{"line":1,"column":0},"end":{"line":1,"column":55}},"1":{"start":{"line":8,"column":31},"end":{"line":23,"column":1}},"2":{"start":{"line":9,"column":22},"end":{"line":9,"column":55}},"3":{"start":{"line":10,"column":22},"end":{"line":10,"column":78}},"4":{"start":{"line":13,"column":22},"end":{"line":15,"column":49}},"5":{"start":{"line":18,"column":22},"end":{"line":20,"column":85}},"6":{"start":{"line":22,"column":4},"end":{"line":22,"column":46}},"7":{"start":{"line":25,"column":27},"end":{"line":44,"column":1}},"8":{"start":{"line":27,"column":27},"end":{"line":27,"column":68}},"9":{"start":{"line":28,"column":27},"end":{"line":28,"column":68}},"10":{"start":{"line":29,"column":27},"end":{"line":29,"column":68}},"11":{"start":{"line":30,"column":28},"end":{"line":30,"column":70}},"12":{"start":{"line":32,"column":4},"end":{"line":40,"column":null}},"13":{"start":{"line":33,"column":8},"end":{"line":33,"column":72}},"14":{"start":{"line":34,"column":11},"end":{"line":40,"column":null}},"15":{"start":{"line":35,"column":8},"end":{"line":35,"column":72}},"16":{"start":{"line":36,"column":11},"end":{"line":40,"column":null}},"17":{"start":{"line":37,"column":8},"end":{"line":37,"column":72}},"18":{"start":{"line":38,"column":11},"end":{"line":40,"column":null}},"19":{"start":{"line":39,"column":8},"end":{"line":39,"column":73}},"20":{"start":{"line":43,"column":4},"end":{"line":43,"column":69}},"21":{"start":{"line":46,"column":0},"end":{"line":46,"column":34}}},"fnMap":{"0":{"name":"(anonymous_0)","decl":{"start":{"line":8,"column":31},"end":{"line":8,"column":null}},"loc":{"start":{"line":8,"column":31},"end":{"line":23,"column":1}}},"1":{"name":"(anonymous_1)","decl":{"start":{"line":25,"column":27},"end":{"line":25,"column":null}},"loc":{"start":{"line":25,"column":27},"end":{"line":44,"column":1}}}},"branchMap":{"0":{"loc":{"start":{"line":10,"column":22},"end":{"line":10,"column":78}},"type":"binary-expr","locations":[{"start":{"line":10,"column":22},"end":{"line":10,"column":46}},{"start":{"line":10,"column":50},"end":{"line":10,"column":78}}]},"1":{"loc":{"start":{"line":13,"column":22},"end":{"line":15,"column":49}},"type":"binary-expr","locations":[{"start":{"line":13,"column":22},"end":{"line":13,"column":50}},{"start":{"line":14,"column":21},"end":{"line":14,"column":50}},{"start":{"line":15,"column":21},"end":{"line":15,"column":49}}]},"2":{"loc":{"start":{"line":18,"column":22},"end":{"line":20,"column":85}},"type":"binary-expr","locations":[{"start":{"line":18,"column":22},"end":{"line":18,"column":48}},{"start":{"line":19,"column":21},"end":{"line":19,"column":49}},{"start":{"line":20,"column":22},"end":{"line":20,"column":51}},{"start":{"line":20,"column":55},"end":{"line":20,"column":84}}]},"3":{"loc":{"start":{"line":22,"column":11},"end":{"line":22,"column":45}},"type":"binary-expr","locations":[{"start":{"line":22,"column":12},"end":{"line":22,"column":20}},{"start":{"line":22,"column":24},"end":{"line":22,"column":32}},{"start":{"line":22,"column":37},"end":{"line":22,"column":45}}]},"4":{"loc":{"start":{"line":32,"column":4},"end":{"line":40,"column":null}},"type":"if","locations":[{"start":{"line":32,"column":4},"end":{"line":40,"column":null}},{"start":{"line":34,"column":11},"end":{"line":40,"column":null}}]},"5":{"loc":{"start":{"line":34,"column":11},"end":{"line":40,"column":null}},"type":"if","locations":[{"start":{"line":34,"column":11},"end":{"line":40,"column":null}},{"start":{"line":36,"column":11},"end":{"line":40,"column":null}}]},"6":{"loc":{"start":{"line":36,"column":11},"end":{"line":40,"column":null}},"type":"if","locations":[{"start":{"line":36,"column":11},"end":{"line":40,"column":null}},{"start":{"line":38,"column":11},"end":{"line":40,"column":null}}]},"7":{"loc":{"start":{"line":38,"column":11},"end":{"line":40,"column":null}},"type":"if","locations":[{"start":{"line":38,"column":11},"end":{"line":40,"column":null}}]}},"s":{"0":0,"1":0,"2":0,"3":0,"4":0,"5":0,"6":0,"7":0,"8":0,"9":0,"10":0,"11":0,"12":0,"13":0,"14":0,"15":0,"16":0,"17":0,"18":0,"19":0,"20":0,"21":0},"f":{"0":0,"1":0},"b":{"0":[0,0],"1":[0,0,0],"2":[0,0,0,0],"3":[0,0,0],"4":[0,0],"5":[0,0],"6":[0,0],"7":[0]}}
,"/Users/jinu/Documents/Project/JeayBit/client/src/utils/sort/sortData.ts": {"path":"/Users/jinu/Documents/Project/JeayBit/client/src/utils/sort/sortData.ts","statementMap":{"0":{"start":{"line":4,"column":26},"end":{"line":14,"column":1}},"1":{"start":{"line":6,"column":4},"end":{"line":13,"column":7}},"2":{"start":{"line":7,"column":8},"end":{"line":11,"column":null}},"3":{"start":{"line":8,"column":12},"end":{"line":8,"column":48}},"4":{"start":{"line":9,"column":15},"end":{"line":11,"column":null}},"5":{"start":{"line":10,"column":12},"end":{"line":10,"column":48}},"6":{"start":{"line":12,"column":8},"end":{"line":12,"column":17}},"7":{"start":{"line":4,"column":13},"end":{"line":4,"column":26}},"8":{"start":{"line":17,"column":27},"end":{"line":26,"column":1}},"9":{"start":{"line":18,"column":4},"end":{"line":25,"column":7}},"10":{"start":{"line":19,"column":8},"end":{"line":23,"column":null}},"11":{"start":{"line":20,"column":12},"end":{"line":20,"column":37}},"12":{"start":{"line":21,"column":15},"end":{"line":23,"column":null}},"13":{"start":{"line":22,"column":12},"end":{"line":22,"column":37}},"14":{"start":{"line":24,"column":8},"end":{"line":24,"column":17}},"15":{"start":{"line":17,"column":13},"end":{"line":17,"column":27}},"16":{"start":{"line":29,"column":32},"end":{"line":49,"column":1}},"17":{"start":{"line":30,"column":22},"end":{"line":30,"column":70}},"18":{"start":{"line":30,"column":47},"end":{"line":30,"column":70}},"19":{"start":{"line":31,"column":22},"end":{"line":31,"column":70}},"20":{"start":{"line":31,"column":47},"end":{"line":31,"column":70}},"21":{"start":{"line":32,"column":22},"end":{"line":32,"column":70}},"22":{"start":{"line":32,"column":47},"end":{"line":32,"column":70}},"23":{"start":{"line":34,"column":4},"end":{"line":46,"column":null}},"24":{"start":{"line":35,"column":8},"end":{"line":35,"column":64}},"25":{"start":{"line":35,"column":35},"end":{"line":35,"column":63}},"26":{"start":{"line":36,"column":8},"end":{"line":36,"column":64}},"27":{"start":{"line":36,"column":35},"end":{"line":36,"column":63}},"28":{"start":{"line":37,"column":8},"end":{"line":37,"column":64}},"29":{"start":{"line":37,"column":35},"end":{"line":37,"column":63}},"30":{"start":{"line":39,"column":8},"end":{"line":39,"column":64}},"31":{"start":{"line":40,"column":11},"end":{"line":46,"column":null}},"32":{"start":{"line":41,"column":8},"end":{"line":41,"column":64}},"33":{"start":{"line":41,"column":35},"end":{"line":41,"column":63}},"34":{"start":{"line":42,"column":8},"end":{"line":42,"column":64}},"35":{"start":{"line":42,"column":35},"end":{"line":42,"column":63}},"36":{"start":{"line":43,"column":8},"end":{"line":43,"column":64}},"37":{"start":{"line":43,"column":35},"end":{"line":43,"column":63}},"38":{"start":{"line":45,"column":8},"end":{"line":45,"column":64}},"39":{"start":{"line":48,"column":4},"end":{"line":48,"column":16}},"40":{"start":{"line":29,"column":13},"end":{"line":29,"column":32}},"41":{"start":{"line":52,"column":33},"end":{"line":61,"column":1}},"42":{"start":{"line":53,"column":4},"end":{"line":60,"column":7}},"43":{"start":{"line":54,"column":8},"end":{"line":58,"column":null}},"44":{"start":{"line":55,"column":12},"end":{"line":55,"column":47}},"45":{"start":{"line":56,"column":15},"end":{"line":58,"column":null}},"46":{"start":{"line":57,"column":12},"end":{"line":57,"column":47}},"47":{"start":{"line":59,"column":8},"end":{"line":59,"column":17}},"48":{"start":{"line":52,"column":13},"end":{"line":52,"column":33}},"49":{"start":{"line":63,"column":24},"end":{"line":74,"column":1}},"50":{"start":{"line":64,"column":4},"end":{"line":72,"column":null}},"51":{"start":{"line":65,"column":8},"end":{"line":65,"column":47}},"52":{"start":{"line":66,"column":11},"end":{"line":72,"column":null}},"53":{"start":{"line":67,"column":8},"end":{"line":67,"column":48}},"54":{"start":{"line":68,"column":11},"end":{"line":72,"column":null}},"55":{"start":{"line":69,"column":8},"end":{"line":69,"column":53}},"56":{"start":{"line":70,"column":11},"end":{"line":72,"column":null}},"57":{"start":{"line":71,"column":8},"end":{"line":71,"column":54}},"58":{"start":{"line":73,"column":4},"end":{"line":73,"column":16}},"59":{"start":{"line":63,"column":13},"end":{"line":63,"column":24}}},"fnMap":{"0":{"name":"(anonymous_1)","decl":{"start":{"line":4,"column":26},"end":{"line":4,"column":27}},"loc":{"start":{"line":4,"column":56},"end":{"line":14,"column":1}}},"1":{"name":"(anonymous_2)","decl":{"start":{"line":6,"column":26},"end":{"line":6,"column":27}},"loc":{"start":{"line":6,"column":31},"end":{"line":13,"column":5}}},"2":{"name":"(anonymous_3)","decl":{"start":{"line":17,"column":27},"end":{"line":17,"column":28}},"loc":{"start":{"line":17,"column":61},"end":{"line":26,"column":1}}},"3":{"name":"(anonymous_4)","decl":{"start":{"line":18,"column":26},"end":{"line":18,"column":27}},"loc":{"start":{"line":18,"column":31},"end":{"line":25,"column":5}}},"4":{"name":"(anonymous_5)","decl":{"start":{"line":29,"column":32},"end":{"line":29,"column":33}},"loc":{"start":{"line":29,"column":62},"end":{"line":49,"column":1}}},"5":{"name":"(anonymous_6)","decl":{"start":{"line":30,"column":39},"end":{"line":30,"column":43}},"loc":{"start":{"line":30,"column":43},"end":{"line":30,"column":51}}},"6":{"name":"(anonymous_7)","decl":{"start":{"line":31,"column":39},"end":{"line":31,"column":43}},"loc":{"start":{"line":31,"column":43},"end":{"line":31,"column":51}}},"7":{"name":"(anonymous_8)","decl":{"start":{"line":32,"column":39},"end":{"line":32,"column":43}},"loc":{"start":{"line":32,"column":43},"end":{"line":32,"column":51}}},"8":{"name":"(anonymous_9)","decl":{"start":{"line":35,"column":25},"end":{"line":35,"column":26}},"loc":{"start":{"line":35,"column":30},"end":{"line":35,"column":36}}},"9":{"name":"(anonymous_10)","decl":{"start":{"line":36,"column":25},"end":{"line":36,"column":26}},"loc":{"start":{"line":36,"column":30},"end":{"line":36,"column":36}}},"10":{"name":"(anonymous_11)","decl":{"start":{"line":37,"column":25},"end":{"line":37,"column":26}},"loc":{"start":{"line":37,"column":30},"end":{"line":37,"column":36}}},"11":{"name":"(anonymous_12)","decl":{"start":{"line":41,"column":25},"end":{"line":41,"column":26}},"loc":{"start":{"line":41,"column":30},"end":{"line":41,"column":36}}},"12":{"name":"(anonymous_13)","decl":{"start":{"line":42,"column":25},"end":{"line":42,"column":26}},"loc":{"start":{"line":42,"column":30},"end":{"line":42,"column":36}}},"13":{"name":"(anonymous_14)","decl":{"start":{"line":43,"column":25},"end":{"line":43,"column":26}},"loc":{"start":{"line":43,"column":30},"end":{"line":43,"column":36}}},"14":{"name":"(anonymous_15)","decl":{"start":{"line":52,"column":33},"end":{"line":52,"column":34}},"loc":{"start":{"line":52,"column":63},"end":{"line":61,"column":1}}},"15":{"name":"(anonymous_16)","decl":{"start":{"line":53,"column":26},"end":{"line":53,"column":27}},"loc":{"start":{"line":53,"column":31},"end":{"line":60,"column":5}}},"16":{"name":"(anonymous_17)","decl":{"start":{"line":63,"column":24},"end":{"line":63,"column":25}},"loc":{"start":{"line":63,"column":61},"end":{"line":74,"column":1}}}},"branchMap":{"0":{"loc":{"start":{"line":7,"column":8},"end":{"line":11,"column":null}},"type":"if","locations":[{"start":{"line":7,"column":8},"end":{"line":11,"column":null}},{"start":{"line":9,"column":15},"end":{"line":11,"column":null}}]},"1":{"loc":{"start":{"line":9,"column":15},"end":{"line":11,"column":null}},"type":"if","locations":[{"start":{"line":9,"column":15},"end":{"line":11,"column":null}}]},"2":{"loc":{"start":{"line":19,"column":8},"end":{"line":23,"column":null}},"type":"if","locations":[{"start":{"line":19,"column":8},"end":{"line":23,"column":null}},{"start":{"line":21,"column":15},"end":{"line":23,"column":null}}]},"3":{"loc":{"start":{"line":21,"column":15},"end":{"line":23,"column":null}},"type":"if","locations":[{"start":{"line":21,"column":15},"end":{"line":23,"column":null}}]},"4":{"loc":{"start":{"line":34,"column":4},"end":{"line":46,"column":null}},"type":"if","locations":[{"start":{"line":34,"column":4},"end":{"line":46,"column":null}},{"start":{"line":40,"column":11},"end":{"line":46,"column":null}}]},"5":{"loc":{"start":{"line":40,"column":11},"end":{"line":46,"column":null}},"type":"if","locations":[{"start":{"line":40,"column":11},"end":{"line":46,"column":null}}]},"6":{"loc":{"start":{"line":54,"column":8},"end":{"line":58,"column":null}},"type":"if","locations":[{"start":{"line":54,"column":8},"end":{"line":58,"column":null}},{"start":{"line":56,"column":15},"end":{"line":58,"column":null}}]},"7":{"loc":{"start":{"line":56,"column":15},"end":{"line":58,"column":null}},"type":"if","locations":[{"start":{"line":56,"column":15},"end":{"line":58,"column":null}}]},"8":{"loc":{"start":{"line":64,"column":4},"end":{"line":72,"column":null}},"type":"if","locations":[{"start":{"line":64,"column":4},"end":{"line":72,"column":null}},{"start":{"line":66,"column":11},"end":{"line":72,"column":null}}]},"9":{"loc":{"start":{"line":66,"column":11},"end":{"line":72,"column":null}},"type":"if","locations":[{"start":{"line":66,"column":11},"end":{"line":72,"column":null}},{"start":{"line":68,"column":11},"end":{"line":72,"column":null}}]},"10":{"loc":{"start":{"line":68,"column":11},"end":{"line":72,"column":null}},"type":"if","locations":[{"start":{"line":68,"column":11},"end":{"line":72,"column":null}},{"start":{"line":70,"column":11},"end":{"line":72,"column":null}}]},"11":{"loc":{"start":{"line":70,"column":11},"end":{"line":72,"column":null}},"type":"if","locations":[{"start":{"line":70,"column":11},"end":{"line":72,"column":null}}]}},"s":{"0":0,"1":0,"2":0,"3":0,"4":0,"5":0,"6":0,"7":0,"8":0,"9":0,"10":0,"11":0,"12":0,"13":0,"14":0,"15":0,"16":0,"17":0,"18":0,"19":0,"20":0,"21":0,"22":0,"23":0,"24":0,"25":0,"26":0,"27":0,"28":0,"29":0,"30":0,"31":0,"32":0,"33":0,"34":0,"35":0,"36":0,"37":0,"38":0,"39":0,"40":0,"41":0,"42":0,"43":0,"44":0,"45":0,"46":0,"47":0,"48":0,"49":0,"50":0,"51":0,"52":0,"53":0,"54":0,"55":0,"56":0,"57":0,"58":0,"59":0},"f":{"0":0,"1":0,"2":0,"3":0,"4":0,"5":0,"6":0,"7":0,"8":0,"9":0,"10":0,"11":0,"12":0,"13":0,"14":0,"15":0,"16":0},"b":{"0":[0,0],"1":[0],"2":[0,0],"3":[0],"4":[0,0],"5":[0],"6":[0,0],"7":[0],"8":[0,0],"9":[0,0],"10":[0,0],"11":[0]}}
}
