TN:
SF:src/api/axios.ts
FNF:0
FNH:0
DA:1,0
DA:2,0
DA:5,0
DA:7,0
LF:4
LH:0
BRF:0
BRH:0
end_of_record
TN:
SF:src/components/App.tsx
FN:8,App
FNF:1
FNH:0
FNDA:0,App
DA:1,0
DA:2,0
DA:3,0
DA:4,0
DA:6,0
DA:8,0
DA:9,0
LF:7
LH:0
BRF:0
BRH:0
end_of_record
TN:
SF:src/components/auth/Login.tsx
FN:20,Login
FN:38,(anonymous_17)
FN:38,(anonymous_18)
FN:109,(anonymous_20)
FN:113,(anonymous_21)
FN:126,(anonymous_22)
FN:130,(anonymous_23)
FN:132,(anonymous_24)
FNF:8
FNH:0
FNDA:0,Login
FNDA:0,(anonymous_17)
FNDA:0,(anonymous_18)
FNDA:0,(anonymous_20)
FNDA:0,(anonymous_21)
FNDA:0,(anonymous_22)
FNDA:0,(anonymous_23)
FNDA:0,(anonymous_24)
DA:1,0
DA:2,0
DA:3,0
DA:4,0
DA:5,0
DA:6,0
DA:7,0
DA:8,0
DA:9,0
DA:10,0
DA:11,0
DA:12,0
DA:13,0
DA:14,0
DA:15,0
DA:16,0
DA:18,0
DA:20,0
DA:21,0
DA:22,0
DA:24,0
DA:25,0
DA:27,0
DA:28,0
DA:30,0
DA:31,0
DA:33,0
DA:34,0
DA:36,0
DA:38,0
DA:39,0
DA:40,0
DA:43,0
DA:44,0
DA:45,0
DA:47,0
DA:48,0
DA:50,0
DA:53,0
DA:56,0
DA:57,0
DA:59,0
DA:60,0
DA:64,0
DA:68,0
DA:69,0
DA:71,0
DA:73,0
DA:74,0
DA:75,0
DA:76,0
DA:78,0
DA:79,0
DA:81,0
DA:82,0
DA:84,0
DA:85,0
DA:89,0
DA:93,0
DA:109,0
DA:113,0
DA:126,0
DA:130,0
DA:132,0
LF:64
LH:0
BRDA:43,0,0,0
BRDA:43,1,0,0
BRDA:43,1,1,0
BRDA:44,2,0,0
BRDA:47,3,0,0
BRDA:53,4,0,0
BRDA:53,4,1,0
BRDA:53,5,0,0
BRDA:53,5,1,0
BRDA:73,6,0,0
BRDA:73,7,0,0
BRDA:73,7,1,0
BRDA:74,8,0,0
BRDA:78,9,0,0
BRDA:81,10,0,0
BRDA:84,11,0,0
BRDA:89,12,0,0
BRDA:89,12,1,0
BRDA:89,13,0,0
BRDA:89,13,1,0
BRF:20
BRH:0
end_of_record
TN:
SF:src/components/auth/SignUp.tsx
FN:22,SignUp
FN:49,(anonymous_17)
FN:49,(anonymous_18)
FN:91,(anonymous_20)
FN:116,(anonymous_21)
FN:188,(anonymous_24)
FN:192,(anonymous_25)
FN:204,(anonymous_26)
FN:211,(anonymous_27)
FN:228,(anonymous_28)
FN:234,(anonymous_29)
FN:236,(anonymous_30)
FNF:12
FNH:0
FNDA:0,SignUp
FNDA:0,(anonymous_17)
FNDA:0,(anonymous_18)
FNDA:0,(anonymous_20)
FNDA:0,(anonymous_21)
FNDA:0,(anonymous_24)
FNDA:0,(anonymous_25)
FNDA:0,(anonymous_26)
FNDA:0,(anonymous_27)
FNDA:0,(anonymous_28)
FNDA:0,(anonymous_29)
FNDA:0,(anonymous_30)
DA:1,0
DA:2,0
DA:3,0
DA:4,0
DA:5,0
DA:6,0
DA:7,0
DA:8,0
DA:9,0
DA:10,0
DA:11,0
DA:12,0
DA:13,0
DA:14,0
DA:15,0
DA:16,0
DA:18,0
DA:19,0
DA:20,0
DA:22,0
DA:23,0
DA:25,0
DA:27,0
DA:29,0
DA:30,0
DA:32,0
DA:33,0
DA:34,0
DA:35,0
DA:37,0
DA:38,0
DA:39,0
DA:40,0
DA:42,0
DA:43,0
DA:44,0
DA:46,0
DA:47,0
DA:49,0
DA:50,0
DA:51,0
DA:54,0
DA:55,0
DA:56,0
DA:58,0
DA:59,0
DA:61,0
DA:62,0
DA:67,0
DA:68,0
DA:71,0
DA:75,0
DA:76,0
DA:79,0
DA:83,0
DA:84,0
DA:87,0
DA:90,0
DA:91,0
DA:92,0
DA:102,0
DA:112,0
DA:116,0
DA:117,0
DA:123,0
DA:124,0
DA:128,0
DA:129,0
DA:130,0
DA:132,0
DA:136,0
DA:137,0
DA:138,0
DA:140,0
DA:146,0
DA:147,0
DA:148,0
DA:149,0
DA:150,0
DA:152,0
DA:153,0
DA:155,0
DA:156,0
DA:158,0
DA:159,0
DA:161,0
DA:162,0
DA:166,0
DA:167,0
DA:172,0
DA:188,0
DA:192,0
DA:204,0
DA:211,0
DA:228,0
DA:234,0
DA:236,0
LF:97
LH:0
BRDA:54,0,0,0
BRDA:54,1,0,0
BRDA:54,1,1,0
BRDA:54,1,2,0
BRDA:55,2,0,0
BRDA:58,3,0,0
BRDA:61,4,0,0
BRDA:67,5,0,0
BRDA:67,5,1,0
BRDA:75,6,0,0
BRDA:75,6,1,0
BRDA:83,7,0,0
BRDA:83,7,1,0
BRDA:102,8,0,0
BRDA:102,9,0,0
BRDA:102,9,1,0
BRDA:102,9,2,0
BRDA:102,9,3,0
BRDA:102,9,4,0
BRDA:102,9,5,0
BRDA:102,9,6,0
BRDA:102,9,7,0
BRDA:102,9,8,0
BRDA:102,9,9,0
BRDA:123,10,0,0
BRDA:146,11,0,0
BRDA:146,12,0,0
BRDA:146,12,1,0
BRDA:147,13,0,0
BRDA:152,14,0,0
BRDA:155,15,0,0
BRDA:158,16,0,0
BRDA:161,17,0,0
BRDA:166,18,0,0
BRDA:216,19,0,0
BRDA:216,19,1,0
BRDA:216,19,2,0
BRDA:217,20,0,0
BRDA:217,20,1,0
BRDA:218,21,0,0
BRDA:218,21,1,0
BRDA:221,22,0,0
BRDA:221,22,1,0
BRF:43
BRH:0
end_of_record
TN:
SF:src/components/auth/child/AuthButton.tsx
FN:3,AuthButton
FNF:1
FNH:0
FNDA:0,AuthButton
DA:1,0
DA:3,0
DA:4,0
LF:3
LH:0
BRF:0
BRH:0
end_of_record
TN:
SF:src/components/auth/child/AuthHeader.tsx
FN:3,AuthHeader
FNF:1
FNH:0
FNDA:0,AuthHeader
DA:1,0
DA:3,0
DA:4,0
LF:3
LH:0
BRF:0
BRH:0
end_of_record
TN:
SF:src/components/auth/child/AuthNavigateLabel.tsx
FN:9,AuthNavigateLabel
FN:17,(anonymous_3)
FNF:2
FNH:0
FNDA:0,AuthNavigateLabel
FNDA:0,(anonymous_3)
DA:1,0
DA:9,0
DA:10,0
DA:12,0
DA:17,0
LF:5
LH:0
BRF:0
BRH:0
end_of_record
TN:
SF:src/components/auth/child/Divider.tsx
FN:3,Divider
FNF:1
FNH:0
FNDA:0,Divider
DA:1,0
DA:3,0
DA:4,0
LF:3
LH:0
BRF:0
BRH:0
end_of_record
TN:
SF:src/components/auth/child/KakaoCallback.tsx
FN:12,KakaoCallback
FN:18,(anonymous_15)
FN:19,(anonymous_16)
FN:55,(anonymous_19)
FNF:4
FNH:0
FNDA:0,KakaoCallback
FNDA:0,(anonymous_15)
FNDA:0,(anonymous_16)
FNDA:0,(anonymous_19)
DA:1,0
DA:2,0
DA:3,0
DA:4,0
DA:5,0
DA:6,0
DA:7,0
DA:9,0
DA:12,0
DA:13,0
DA:14,0
DA:16,0
DA:18,0
DA:19,0
DA:20,0
DA:22,0
DA:24,0
DA:27,0
DA:32,0
DA:37,0
DA:39,0
DA:40,0
DA:45,0
DA:50,0
DA:53,0
DA:55,0
LF:26
LH:0
BRDA:22,0,0,0
BRF:1
BRH:0
end_of_record
TN:
SF:src/components/auth/child/KakaoLoginButton.tsx
FN:5,KakaoLoginButton
FNF:1
FNH:0
FNDA:0,KakaoLoginButton
DA:1,0
DA:2,0
DA:3,0
DA:5,0
DA:6,0
LF:5
LH:0
BRF:0
BRH:0
end_of_record
TN:
SF:src/components/auth/child/PICheckbox.tsx
FN:11,PICheckbox
FN:19,(anonymous_4)
FN:23,(anonymous_5)
FNF:3
FNH:0
FNDA:0,PICheckbox
FNDA:0,(anonymous_4)
FNDA:0,(anonymous_5)
DA:1,0
DA:2,0
DA:11,0
DA:12,0
DA:13,0
DA:19,0
DA:23,0
LF:7
LH:0
BRDA:24,0,0,0
BRDA:24,0,1,0
BRDA:26,1,0,0
BRDA:26,1,1,0
BRDA:26,2,0,0
BRDA:26,2,1,0
BRF:6
BRH:0
end_of_record
TN:
SF:src/components/chart/Chart.tsx
FN:7,Chart
FN:8,(anonymous_4)
FN:9,(anonymous_5)
FN:10,(anonymous_6)
FNF:4
FNH:0
FNDA:0,Chart
FNDA:0,(anonymous_4)
FNDA:0,(anonymous_5)
FNDA:0,(anonymous_6)
DA:1,0
DA:2,0
DA:3,0
DA:4,0
DA:5,0
DA:7,0
DA:8,0
DA:9,0
DA:10,0
DA:12,0
LF:10
LH:0
BRDA:17,0,0,0
BRDA:17,0,1,0
BRDA:17,1,0,0
BRDA:17,1,1,0
BRDA:17,1,2,0
BRF:5
BRH:0
end_of_record
TN:
SF:src/components/chart/child/ApexChart.tsx
FN:14,ApexChart
FN:15,(anonymous_2)
FN:16,(anonymous_3)
FN:17,(anonymous_4)
FN:18,(anonymous_5)
FN:26,(anonymous_6)
FN:67,(anonymous_7)
FN:78,(anonymous_8)
FN:89,(anonymous_9)
FN:102,(anonymous_10)
FN:128,(anonymous_11)
FN:136,(anonymous_12)
FN:143,(anonymous_13)
FN:171,(anonymous_14)
FN:195,(anonymous_15)
FN:217,(anonymous_16)
FN:219,(anonymous_17)
FN:262,(anonymous_18)
FN:264,(anonymous_19)
FN:285,(anonymous_20)
FNF:20
FNH:0
FNDA:0,ApexChart
FNDA:0,(anonymous_2)
FNDA:0,(anonymous_3)
FNDA:0,(anonymous_4)
FNDA:0,(anonymous_5)
FNDA:0,(anonymous_6)
FNDA:0,(anonymous_7)
FNDA:0,(anonymous_8)
FNDA:0,(anonymous_9)
FNDA:0,(anonymous_10)
FNDA:0,(anonymous_11)
FNDA:0,(anonymous_12)
FNDA:0,(anonymous_13)
FNDA:0,(anonymous_14)
FNDA:0,(anonymous_15)
FNDA:0,(anonymous_16)
FNDA:0,(anonymous_17)
FNDA:0,(anonymous_18)
FNDA:0,(anonymous_19)
FNDA:0,(anonymous_20)
DA:1,0
DA:2,0
DA:3,0
DA:4,0
DA:5,0
DA:14,0
DA:15,0
DA:16,0
DA:17,0
DA:18,0
DA:20,0
DA:21,0
DA:22,0
DA:26,0
DA:27,0
DA:31,0
DA:34,0
DA:67,0
DA:68,0
DA:69,0
DA:78,0
DA:79,0
DA:80,0
DA:90,0
DA:91,0
DA:92,0
DA:93,0
DA:103,0
DA:129,0
DA:130,0
DA:137,0
DA:144,0
DA:171,0
DA:172,0
DA:173,0
DA:174,0
DA:175,0
DA:176,0
DA:178,0
DA:195,0
DA:196,0
DA:198,0
DA:201,0
DA:203,0
DA:206,0
DA:211,0
DA:213,0
DA:217,0
DA:219,0
DA:229,0
DA:232,0
DA:233,0
DA:234,0
DA:236,0
DA:237,0
DA:238,0
DA:242,0
DA:243,0
DA:245,0
DA:248,0
DA:249,0
DA:258,0
DA:262,0
DA:264,0
DA:265,0
DA:266,0
DA:268,0
DA:269,0
DA:271,0
DA:272,0
DA:282,0
DA:283,0
DA:285,0
DA:288,0
LF:74
LH:0
BRDA:20,0,0,0
BRDA:20,0,1,0
BRDA:29,1,0,0
BRDA:29,1,1,0
BRDA:29,2,0,0
BRDA:29,2,1,0
BRDA:29,3,0,0
BRDA:29,3,1,0
BRDA:68,4,0,0
BRDA:79,5,0,0
BRDA:92,6,0,0
BRDA:172,7,0,0
BRDA:172,8,0,0
BRDA:172,8,1,0
BRDA:198,9,0,0
BRDA:198,9,1,0
BRDA:198,9,2,0
BRDA:198,9,3,0
BRDA:198,9,4,0
BRDA:198,9,5,0
BRDA:198,9,6,0
BRDA:198,9,7,0
BRDA:198,9,8,0
BRDA:198,9,9,0
BRDA:232,10,0,0
BRDA:232,10,1,0
BRDA:236,11,0,0
BRDA:243,12,0,0
BRDA:243,12,1,0
BRDA:248,13,0,0
BRDA:266,14,0,0
BRDA:268,15,0,0
BRDA:268,15,1,0
BRDA:268,16,0,0
BRDA:268,16,1,0
BRDA:269,17,0,0
BRDA:272,18,0,0
BRDA:272,18,1,0
BRDA:272,19,0,0
BRDA:272,19,1,0
BRF:40
BRH:0
end_of_record
TN:
SF:src/components/chart/child/ChartHeader.tsx
FN:7,ChartHeader
FN:12,(anonymous_17)
FN:13,(anonymous_18)
FN:14,(anonymous_19)
FN:15,(anonymous_20)
FN:16,(anonymous_21)
FN:21,(anonymous_22)
FN:25,(anonymous_23)
FN:31,(anonymous_24)
FN:44,(anonymous_27)
FN:49,(anonymous_28)
FN:50,(anonymous_29)
FN:56,(anonymous_30)
FN:65,(anonymous_31)
FN:68,(anonymous_32)
FN:77,(anonymous_33)
FN:80,(anonymous_34)
FN:88,(anonymous_35)
FN:91,(anonymous_36)
FNF:19
FNH:0
FNDA:0,ChartHeader
FNDA:0,(anonymous_17)
FNDA:0,(anonymous_18)
FNDA:0,(anonymous_19)
FNDA:0,(anonymous_20)
FNDA:0,(anonymous_21)
FNDA:0,(anonymous_22)
FNDA:0,(anonymous_23)
FNDA:0,(anonymous_24)
FNDA:0,(anonymous_27)
FNDA:0,(anonymous_28)
FNDA:0,(anonymous_29)
FNDA:0,(anonymous_30)
FNDA:0,(anonymous_31)
FNDA:0,(anonymous_32)
FNDA:0,(anonymous_33)
FNDA:0,(anonymous_34)
FNDA:0,(anonymous_35)
FNDA:0,(anonymous_36)
DA:1,0
DA:2,0
DA:3,0
DA:4,0
DA:5,0
DA:7,0
DA:8,0
DA:10,0
DA:12,0
DA:13,0
DA:14,0
DA:15,0
DA:16,0
DA:18,0
DA:19,0
DA:21,0
DA:22,0
DA:25,0
DA:26,0
DA:27,0
DA:28,0
DA:31,0
DA:32,0
DA:34,0
DA:35,0
DA:36,0
DA:37,0
DA:40,0
DA:44,0
DA:45,0
DA:49,0
DA:50,0
DA:51,0
DA:52,0
DA:55,0
DA:56,0
DA:57,0
DA:61,0
DA:65,0
DA:68,0
DA:77,0
DA:80,0
DA:88,0
DA:91,0
LF:44
LH:0
BRDA:34,0,0,0
BRDA:34,1,0,0
BRDA:34,1,1,0
BRDA:36,2,0,0
BRDA:36,3,0,0
BRDA:36,3,1,0
BRDA:36,3,2,0
BRDA:51,4,0,0
BRDA:51,5,0,0
BRDA:51,5,1,0
BRDA:69,6,0,0
BRDA:69,6,1,0
BRDA:76,7,0,0
BRDA:76,7,1,0
BRDA:86,8,0,0
BRDA:86,8,1,0
BRF:16
BRH:0
end_of_record
TN:
SF:src/components/common/BackButton.tsx
FN:5,BackButton
FN:10,(anonymous_3)
FNF:2
FNH:0
FNDA:0,BackButton
FNDA:0,(anonymous_3)
DA:1,0
DA:2,0
DA:3,0
DA:5,0
DA:6,0
DA:8,0
DA:10,0
LF:7
LH:0
BRF:0
BRH:0
end_of_record
TN:
SF:src/components/common/CommonButton.tsx
FN:10,CommonButton
FNF:1
FNH:0
FNDA:0,CommonButton
DA:1,0
DA:10,0
DA:11,0
LF:3
LH:0
BRDA:10,0,0,0
BRDA:10,0,1,0
BRF:2
BRH:0
end_of_record
TN:
SF:src/components/common/HomeButton.tsx
FN:5,HomeButton
FN:10,(anonymous_3)
FNF:2
FNH:0
FNDA:0,HomeButton
FNDA:0,(anonymous_3)
DA:1,0
DA:2,0
DA:3,0
DA:5,0
DA:6,0
DA:8,0
DA:10,0
LF:7
LH:0
BRF:0
BRH:0
end_of_record
TN:
SF:src/components/common/NavBar.tsx
FN:15,NavBar
FN:24,(anonymous_3)
FN:29,(anonymous_4)
FNF:3
FNH:0
FNDA:0,NavBar
FNDA:0,(anonymous_3)
FNDA:0,(anonymous_4)
DA:1,0
DA:15,0
DA:16,0
DA:17,0
DA:18,0
DA:19,0
DA:21,0
DA:24,0
DA:29,0
LF:9
LH:0
BRDA:19,0,0,0
BRDA:19,0,1,0
BRDA:28,1,0,0
BRDA:28,1,1,0
BRDA:31,2,0,0
BRDA:31,2,1,0
BRF:6
BRH:0
end_of_record
TN:
SF:src/components/common/ShortcutsButton.tsx
FN:12,ShortcutsButton
FN:17,(anonymous_4)
FNF:2
FNH:0
FNDA:0,ShortcutsButton
FNDA:0,(anonymous_4)
DA:1,0
DA:2,0
DA:3,0
DA:12,0
DA:13,0
DA:15,0
DA:17,0
LF:7
LH:0
BRDA:22,0,0,0
BRDA:22,0,1,0
BRF:2
BRH:0
end_of_record
TN:
SF:src/components/crypto-info/CryptoDetail.tsx
FN:9,CryptoDetail
FN:10,(anonymous_4)
FNF:2
FNH:0
FNDA:0,CryptoDetail
FNDA:0,(anonymous_4)
DA:1,0
DA:2,0
DA:3,0
DA:4,0
DA:5,0
DA:6,0
DA:7,0
DA:9,0
DA:10,0
DA:12,0
DA:16,0
LF:11
LH:0
BRDA:12,0,0,0
BRDA:12,0,1,0
BRDA:13,1,0,0
BRDA:13,1,1,0
BRDA:19,2,0,0
BRDA:19,2,1,0
BRF:6
BRH:0
end_of_record
TN:
SF:src/components/crypto-info/CryptoHeader.tsx
FN:8,CryptoHeader
FN:14,(anonymous_4)
FN:16,(anonymous_5)
FN:39,(anonymous_6)
FN:49,(anonymous_7)
FNF:5
FNH:0
FNDA:0,CryptoHeader
FNDA:0,(anonymous_4)
FNDA:0,(anonymous_5)
FNDA:0,(anonymous_6)
FNDA:0,(anonymous_7)
DA:1,0
DA:2,0
DA:3,0
DA:4,0
DA:5,0
DA:6,0
DA:8,0
DA:9,0
DA:10,0
DA:12,0
DA:14,0
DA:16,0
DA:17,0
DA:19,0
DA:21,0
DA:23,0
DA:25,0
DA:29,0
DA:33,0
DA:34,0
DA:36,0
DA:39,0
DA:42,0
DA:49,0
LF:24
LH:0
BRDA:17,0,0,0
BRDA:33,1,0,0
BRDA:46,2,0,0
BRDA:46,2,1,0
BRDA:56,3,0,0
BRDA:56,3,1,0
BRDA:56,3,2,0
BRF:7
BRH:0
end_of_record
TN:
SF:src/components/crypto-info/child/ChangePrice.tsx
FN:10,ChangePrice
FNF:1
FNH:0
FNDA:0,ChangePrice
DA:1,0
DA:2,0
DA:3,0
DA:10,0
DA:11,0
DA:18,0
DA:24,0
DA:31,0
LF:8
LH:0
BRDA:12,0,0,0
BRDA:12,0,1,0
BRDA:14,1,0,0
BRDA:14,1,1,0
BRDA:18,2,0,0
BRDA:18,2,1,0
BRDA:20,3,0,0
BRDA:20,3,1,0
BRDA:24,4,0,0
BRDA:24,4,1,0
BRDA:27,5,0,0
BRDA:27,5,1,0
BRDA:34,6,0,0
BRDA:34,6,1,0
BRF:14
BRH:0
end_of_record
TN:
SF:src/components/crypto-info/child/ChangeRate.tsx
FN:3,ChangeRate
FN:4,(anonymous_3)
FNF:2
FNH:0
FNDA:0,ChangeRate
FNDA:0,(anonymous_3)
DA:1,0
DA:3,0
DA:4,0
DA:5,0
LF:4
LH:0
BRDA:8,0,0,0
BRDA:8,0,1,0
BRDA:13,1,0,0
BRDA:13,1,1,0
BRF:4
BRH:0
end_of_record
TN:
SF:src/components/crypto-info/child/CryptoIconWrapper.tsx
FN:3,CryptoIconWrapper
FN:4,(anonymous_3)
FNF:2
FNH:0
FNDA:0,CryptoIconWrapper
FNDA:0,(anonymous_3)
DA:1,0
DA:3,0
DA:4,0
DA:6,0
LF:4
LH:0
BRDA:10,0,0,0
BRDA:10,0,1,0
BRDA:12,1,0,0
BRDA:12,1,1,0
BRDA:14,2,0,0
BRDA:14,2,1,0
BRF:6
BRH:0
end_of_record
TN:
SF:src/components/crypto-info/child/Summary.tsx
FN:14,DetailContent
FN:29,Summary
FN:33,(anonymous_5)
FN:34,(anonymous_6)
FN:36,(anonymous_7)
FN:37,(anonymous_8)
FN:41,(anonymous_9)
FN:46,(anonymous_10)
FN:72,(anonymous_11)
FNF:9
FNH:0
FNDA:0,DetailContent
FNDA:0,Summary
FNDA:0,(anonymous_5)
FNDA:0,(anonymous_6)
FNDA:0,(anonymous_7)
FNDA:0,(anonymous_8)
FNDA:0,(anonymous_9)
FNDA:0,(anonymous_10)
FNDA:0,(anonymous_11)
DA:1,0
DA:2,0
DA:3,0
DA:4,0
DA:5,0
DA:14,0
DA:15,0
DA:29,0
DA:30,0
DA:31,0
DA:33,0
DA:34,0
DA:36,0
DA:37,0
DA:38,0
DA:41,0
DA:42,0
DA:43,0
DA:46,0
DA:48,0
DA:50,0
DA:55,0
DA:66,0
DA:69,0
DA:70,0
DA:72,0
DA:75,0
LF:27
LH:0
BRDA:18,0,0,0
BRDA:18,0,1,0
BRDA:19,1,0,0
BRDA:19,1,1,0
BRDA:23,2,0,0
BRDA:23,2,1,0
BRDA:43,3,0,0
BRDA:59,4,0,0
BRDA:59,4,1,0
BRDA:60,5,0,0
BRDA:60,5,1,0
BRDA:78,6,0,0
BRDA:78,6,1,0
BRF:13
BRH:0
end_of_record
TN:
SF:src/components/crypto-list/CryptoList.tsx
FN:19,CryptoList
FN:22,(anonymous_4)
FN:23,(anonymous_5)
FN:24,(anonymous_6)
FN:25,(anonymous_7)
FN:26,(anonymous_8)
FN:28,(anonymous_9)
FN:73,(anonymous_10)
FNF:8
FNH:0
FNDA:0,CryptoList
FNDA:0,(anonymous_4)
FNDA:0,(anonymous_5)
FNDA:0,(anonymous_6)
FNDA:0,(anonymous_7)
FNDA:0,(anonymous_8)
FNDA:0,(anonymous_9)
FNDA:0,(anonymous_10)
DA:1,0
DA:2,0
DA:3,0
DA:4,0
DA:5,0
DA:6,0
DA:7,0
DA:8,0
DA:9,0
DA:13,0
DA:19,0
DA:20,0
DA:22,0
DA:23,0
DA:24,0
DA:25,0
DA:26,0
DA:28,0
DA:29,0
DA:30,0
DA:37,0
DA:38,0
DA:39,0
DA:41,0
DA:42,0
DA:43,0
DA:46,0
DA:49,0
DA:50,0
DA:51,0
DA:54,0
DA:59,0
DA:60,0
DA:62,0
DA:67,0
DA:73,0
LF:36
LH:0
BRDA:29,0,0,0
BRDA:37,1,0,0
BRDA:37,1,1,0
BRDA:37,2,0,0
BRDA:37,2,1,0
BRDA:38,3,0,0
BRDA:38,3,1,0
BRDA:41,4,0,0
BRDA:41,4,1,0
BRDA:42,5,0,0
BRDA:42,5,1,0
BRDA:49,6,0,0
BRDA:50,7,0,0
BRDA:50,7,1,0
BRDA:59,8,0,0
BRDA:59,8,1,0
BRF:16
BRH:0
end_of_record
TN:
SF:src/components/crypto-list/child/ListSearch.tsx
FN:7,ListSearch
FN:10,(anonymous_3)
FN:11,(anonymous_4)
FN:12,(anonymous_5)
FN:13,(anonymous_6)
FN:14,(anonymous_7)
FN:18,(anonymous_8)
FN:23,(anonymous_9)
FN:30,(anonymous_10)
FN:38,(anonymous_11)
FN:44,(anonymous_12)
FNF:11
FNH:0
FNDA:0,ListSearch
FNDA:0,(anonymous_3)
FNDA:0,(anonymous_4)
FNDA:0,(anonymous_5)
FNDA:0,(anonymous_6)
FNDA:0,(anonymous_7)
FNDA:0,(anonymous_8)
FNDA:0,(anonymous_9)
FNDA:0,(anonymous_10)
FNDA:0,(anonymous_11)
FNDA:0,(anonymous_12)
DA:1,0
DA:2,0
DA:3,0
DA:4,0
DA:5,0
DA:7,0
DA:8,0
DA:10,0
DA:11,0
DA:12,0
DA:13,0
DA:14,0
DA:16,0
DA:18,0
DA:19,0
DA:23,0
DA:25,0
DA:26,0
DA:27,0
DA:29,0
DA:30,0
DA:31,0
DA:33,0
DA:34,0
DA:37,0
DA:38,0
DA:39,0
DA:43,0
DA:44,0
DA:45,0
DA:49,0
DA:50,0
DA:53,0
LF:33
LH:0
BRDA:26,0,0,0
BRDA:26,0,1,0
BRDA:29,1,0,0
BRDA:29,1,1,0
BRDA:33,2,0,0
BRDA:37,3,0,0
BRDA:38,4,0,0
BRDA:38,4,1,0
BRDA:43,5,0,0
BRF:9
BRH:0
end_of_record
TN:
SF:src/components/crypto-list/child/table/ListTbody.tsx
FN:20,ListTbody
FN:27,(anonymous_17)
FN:28,(anonymous_18)
FN:29,(anonymous_19)
FN:36,(anonymous_20)
FN:37,(anonymous_21)
FN:40,(anonymous_22)
FN:43,(anonymous_23)
FN:58,(anonymous_24)
FN:78,(anonymous_25)
FN:78,(anonymous_26)
FN:108,(anonymous_28)
FN:110,(anonymous_29)
FN:115,(anonymous_30)
FN:120,(anonymous_31)
FN:149,(anonymous_32)
FNF:16
FNH:0
FNDA:0,ListTbody
FNDA:0,(anonymous_17)
FNDA:0,(anonymous_18)
FNDA:0,(anonymous_19)
FNDA:0,(anonymous_20)
FNDA:0,(anonymous_21)
FNDA:0,(anonymous_22)
FNDA:0,(anonymous_23)
FNDA:0,(anonymous_24)
FNDA:0,(anonymous_25)
FNDA:0,(anonymous_26)
FNDA:0,(anonymous_28)
FNDA:0,(anonymous_29)
FNDA:0,(anonymous_30)
FNDA:0,(anonymous_31)
FNDA:0,(anonymous_32)
DA:1,0
DA:2,0
DA:3,0
DA:4,0
DA:6,0
DA:7,0
DA:8,0
DA:9,0
DA:10,0
DA:11,0
DA:12,0
DA:20,0
DA:21,0
DA:22,0
DA:24,0
DA:25,0
DA:27,0
DA:28,0
DA:29,0
DA:32,0
DA:34,0
DA:36,0
DA:37,0
DA:40,0
DA:41,0
DA:43,0
DA:44,0
DA:45,0
DA:48,0
DA:49,0
DA:50,0
DA:54,0
DA:57,0
DA:58,0
DA:60,0
DA:61,0
DA:70,0
DA:71,0
DA:72,0
DA:78,0
DA:79,0
DA:81,0
DA:82,0
DA:83,0
DA:84,0
DA:86,0
DA:88,0
DA:89,0
DA:93,0
DA:110,0
DA:111,0
DA:115,0
DA:118,0
DA:119,0
DA:120,0
DA:122,0
DA:124,0
DA:125,0
DA:128,0
DA:129,0
DA:133,0
DA:134,0
DA:138,0
DA:142,0
DA:143,0
DA:144,0
DA:146,0
DA:149,0
LF:68
LH:0
BRDA:41,0,0,0
BRDA:48,1,0,0
BRDA:57,2,0,0
BRDA:60,3,0,0
BRDA:71,4,0,0
BRDA:88,5,0,0
BRDA:88,6,0,0
BRDA:88,6,1,0
BRDA:105,7,0,0
BRDA:105,7,1,0
BRDA:105,7,2,0
BRDA:105,7,3,0
BRDA:111,8,0,0
BRDA:111,8,1,0
BRDA:119,9,0,0
BRDA:122,10,0,0
BRDA:133,11,0,0
BRDA:154,12,0,0
BRDA:154,12,1,0
BRDA:165,13,0,0
BRDA:165,13,1,0
BRDA:167,14,0,0
BRDA:167,14,1,0
BRDA:172,15,0,0
BRDA:172,15,1,0
BRDA:174,16,0,0
BRDA:174,16,1,0
BRDA:186,17,0,0
BRDA:186,17,1,0
BRDA:188,18,0,0
BRDA:188,18,1,0
BRDA:194,19,0,0
BRDA:194,19,1,0
BRDA:196,20,0,0
BRDA:196,20,1,0
BRDA:213,21,0,0
BRDA:213,21,1,0
BRF:37
BRH:0
end_of_record
TN:
SF:src/components/crypto-list/child/table/ListThead.tsx
FN:8,ListThead
FN:11,(anonymous_5)
FN:12,(anonymous_6)
FN:16,(anonymous_7)
FN:19,(anonymous_8)
FN:71,(anonymous_9)
FN:80,(anonymous_10)
FN:89,(anonymous_11)
FN:98,(anonymous_12)
FN:109,(anonymous_13)
FN:118,(anonymous_14)
FN:127,(anonymous_15)
FN:136,(anonymous_16)
FNF:13
FNH:0
FNDA:0,ListThead
FNDA:0,(anonymous_5)
FNDA:0,(anonymous_6)
FNDA:0,(anonymous_7)
FNDA:0,(anonymous_8)
FNDA:0,(anonymous_9)
FNDA:0,(anonymous_10)
FNDA:0,(anonymous_11)
FNDA:0,(anonymous_12)
FNDA:0,(anonymous_13)
FNDA:0,(anonymous_14)
FNDA:0,(anonymous_15)
FNDA:0,(anonymous_16)
DA:1,0
DA:2,0
DA:3,0
DA:4,0
DA:5,0
DA:6,0
DA:8,0
DA:9,0
DA:11,0
DA:12,0
DA:15,0
DA:16,0
DA:19,0
DA:20,0
DA:21,0
DA:23,0
DA:25,0
DA:27,0
DA:28,0
DA:30,0
DA:31,0
DA:33,0
DA:34,0
DA:36,0
DA:37,0
DA:39,0
DA:40,0
DA:42,0
DA:43,0
DA:45,0
DA:46,0
DA:48,0
DA:49,0
DA:52,0
DA:53,0
DA:54,0
DA:57,0
DA:71,0
DA:80,0
DA:89,0
DA:98,0
DA:109,0
DA:118,0
DA:127,0
DA:136,0
LF:45
LH:0
BRDA:25,0,0,0
BRDA:25,0,1,0
BRDA:25,0,2,0
BRDA:25,0,3,0
BRDA:27,1,0,0
BRDA:33,2,0,0
BRDA:39,3,0,0
BRDA:45,4,0,0
BRDA:68,5,0,0
BRDA:68,5,1,0
BRF:10
BRH:0
end_of_record
TN:
SF:src/components/header/Header.tsx
FN:17,Header
FN:24,(anonymous_17)
FN:27,(anonymous_18)
FN:59,(anonymous_21)
FN:69,(anonymous_22)
FN:78,(anonymous_23)
FN:85,(anonymous_24)
FN:99,(anonymous_25)
FN:107,(anonymous_26)
FNF:9
FNH:0
FNDA:0,Header
FNDA:0,(anonymous_17)
FNDA:0,(anonymous_18)
FNDA:0,(anonymous_21)
FNDA:0,(anonymous_22)
FNDA:0,(anonymous_23)
FNDA:0,(anonymous_24)
FNDA:0,(anonymous_25)
FNDA:0,(anonymous_26)
DA:1,0
DA:2,0
DA:3,0
DA:4,0
DA:5,0
DA:6,0
DA:7,0
DA:8,0
DA:9,0
DA:10,0
DA:11,0
DA:12,0
DA:13,0
DA:15,0
DA:17,0
DA:18,0
DA:19,0
DA:21,0
DA:22,0
DA:24,0
DA:25,0
DA:27,0
DA:28,0
DA:29,0
DA:33,0
DA:37,0
DA:43,0
DA:44,0
DA:46,0
DA:52,0
DA:53,0
DA:55,0
DA:59,0
DA:60,0
DA:62,0
DA:69,0
DA:79,0
DA:86,0
DA:100,0
DA:107,0
LF:40
LH:0
BRDA:28,0,0,0
BRDA:52,1,0,0
BRDA:75,2,0,0
BRDA:75,2,1,0
BRDA:75,3,0,0
BRDA:75,3,1,0
BRDA:111,4,0,0
BRDA:111,4,1,0
BRF:8
BRH:0
end_of_record
TN:
SF:src/components/header/HeaderNav.tsx
FN:5,HeaderNav
FNF:1
FNH:0
FNDA:0,HeaderNav
DA:1,0
DA:2,0
DA:3,0
DA:5,0
DA:6,0
LF:5
LH:0
BRF:0
BRH:0
end_of_record
TN:
SF:src/components/header/wallet/BalanceSection.tsx
FN:4,BalanceSection
FN:5,(anonymous_3)
FNF:2
FNH:0
FNDA:0,BalanceSection
FNDA:0,(anonymous_3)
DA:1,0
DA:2,0
DA:4,0
DA:5,0
DA:6,0
LF:5
LH:0
BRDA:14,0,0,0
BRDA:14,0,1,0
BRF:2
BRH:0
end_of_record
TN:
SF:src/components/header/wallet/ChangeInput.tsx
FN:6,ChangeInput
FNF:1
FNH:0
FNDA:0,ChangeInput
DA:6,0
DA:7,0
LF:2
LH:0
BRF:0
BRH:0
end_of_record
TN:
SF:src/components/header/wallet/TransferInput.tsx
FN:12,TransferInput
FNF:1
FNH:0
FNDA:0,TransferInput
DA:12,0
DA:13,0
DA:14,0
DA:15,0
DA:16,0
DA:17,0
DA:18,0
LF:7
LH:0
BRDA:20,0,0,0
BRDA:20,0,1,0
BRDA:20,1,0,0
BRDA:20,1,1,0
BRDA:20,1,2,0
BRDA:25,2,0,0
BRDA:25,2,1,0
BRF:7
BRH:0
end_of_record
TN:
SF:src/components/header/wallet/TransferWarning.tsx
FN:7,TransferWarning
FNF:1
FNH:0
FNDA:0,TransferWarning
DA:7,0
DA:9,0
DA:10,0
DA:11,0
DA:13,0
DA:17,0
DA:18,0
DA:20,0
LF:8
LH:0
BRDA:9,0,0,0
BRDA:9,0,1,0
BRDA:10,1,0,0
BRDA:17,2,0,0
BRDA:17,3,0,0
BRDA:17,3,1,0
BRF:6
BRH:0
end_of_record
TN:
SF:src/components/header/wallet/Wallet.tsx
FN:24,Wallet
FN:27,(anonymous_17)
FN:28,(anonymous_18)
FN:29,(anonymous_19)
FN:47,(anonymous_20)
FN:50,(anonymous_21)
FN:94,(anonymous_22)
FN:94,(anonymous_23)
FN:119,(anonymous_25)
FN:119,(anonymous_26)
FN:143,(anonymous_28)
FN:143,(anonymous_29)
FN:166,(anonymous_31)
FN:166,(anonymous_32)
FN:196,(anonymous_34)
FN:203,(anonymous_35)
FN:213,(anonymous_36)
FN:241,(anonymous_37)
FNF:18
FNH:0
FNDA:0,Wallet
FNDA:0,(anonymous_17)
FNDA:0,(anonymous_18)
FNDA:0,(anonymous_19)
FNDA:0,(anonymous_20)
FNDA:0,(anonymous_21)
FNDA:0,(anonymous_22)
FNDA:0,(anonymous_23)
FNDA:0,(anonymous_25)
FNDA:0,(anonymous_26)
FNDA:0,(anonymous_28)
FNDA:0,(anonymous_29)
FNDA:0,(anonymous_31)
FNDA:0,(anonymous_32)
FNDA:0,(anonymous_34)
FNDA:0,(anonymous_35)
FNDA:0,(anonymous_36)
FNDA:0,(anonymous_37)
DA:1,0
DA:2,0
DA:3,0
DA:4,0
DA:5,0
DA:6,0
DA:7,0
DA:8,0
DA:9,0
DA:10,0
DA:11,0
DA:12,0
DA:13,0
DA:14,0
DA:16,0
DA:18,0
DA:24,0
DA:25,0
DA:27,0
DA:28,0
DA:29,0
DA:32,0
DA:33,0
DA:34,0
DA:35,0
DA:38,0
DA:39,0
DA:40,0
DA:41,0
DA:42,0
DA:44,0
DA:45,0
DA:47,0
DA:50,0
DA:58,0
DA:59,0
DA:62,0
DA:63,0
DA:66,0
DA:67,0
DA:68,0
DA:69,0
DA:72,0
DA:73,0
DA:76,0
DA:78,0
DA:79,0
DA:81,0
DA:85,0
DA:86,0
DA:88,0
DA:94,0
DA:95,0
DA:97,0
DA:103,0
DA:104,0
DA:107,0
DA:109,0
DA:110,0
DA:111,0
DA:119,0
DA:120,0
DA:122,0
DA:128,0
DA:129,0
DA:132,0
DA:134,0
DA:135,0
DA:136,0
DA:143,0
DA:144,0
DA:146,0
DA:147,0
DA:148,0
DA:149,0
DA:152,0
DA:153,0
DA:155,0
DA:156,0
DA:158,0
DA:160,0
DA:161,0
DA:162,0
DA:166,0
DA:167,0
DA:169,0
DA:170,0
DA:171,0
DA:172,0
DA:175,0
DA:176,0
DA:177,0
DA:180,0
DA:181,0
DA:183,0
DA:184,0
DA:186,0
DA:188,0
DA:189,0
DA:190,0
DA:194,0
DA:196,0
DA:203,0
DA:214,0
DA:242,0
LF:105
LH:0
BRDA:62,0,0,0
BRDA:66,1,0,0
BRDA:66,1,1,0
BRDA:76,2,0,0
BRDA:78,3,0,0
BRDA:78,3,1,0
BRDA:85,4,0,0
BRDA:85,4,1,0
BRDA:95,5,0,0
BRDA:95,6,0,0
BRDA:95,6,1,0
BRDA:120,7,0,0
BRDA:120,8,0,0
BRDA:120,8,1,0
BRDA:147,9,0,0
BRDA:152,10,0,0
BRDA:152,11,0,0
BRDA:152,11,1,0
BRDA:170,12,0,0
BRDA:175,13,0,0
BRDA:180,14,0,0
BRDA:180,15,0,0
BRDA:180,15,1,0
BRDA:180,15,2,0
BRDA:197,16,0,0
BRDA:197,16,1,0
BRDA:199,17,0,0
BRDA:199,17,1,0
BRDA:207,18,0,0
BRDA:207,18,1,0
BRDA:234,19,0,0
BRDA:234,19,1,0
BRF:32
BRH:0
end_of_record
TN:
SF:src/components/hooks/useAddTradeHistory.ts
FN:10,useAddTradeHistory
FN:12,(anonymous_17)
FN:15,(anonymous_18)
FN:24,(anonymous_19)
FNF:4
FNH:0
FNDA:0,useAddTradeHistory
FNDA:0,(anonymous_17)
FNDA:0,(anonymous_18)
FNDA:0,(anonymous_19)
DA:1,0
DA:2,0
DA:3,0
DA:4,0
DA:5,0
DA:8,0
DA:10,0
DA:11,0
DA:12,0
DA:15,0
DA:24,0
DA:26,0
DA:43,0
DA:44,0
DA:50,0
DA:51,0
DA:52,0
DA:56,0
DA:59,0
DA:61,0
DA:62,0
DA:65,0
DA:70,0
LF:23
LH:0
BRDA:43,0,0,0
BRDA:43,0,1,0
BRDA:61,1,0,0
BRDA:61,1,1,0
BRDA:62,2,0,0
BRDA:62,2,1,0
BRF:6
BRH:0
end_of_record
TN:
SF:src/components/hooks/useClickOutside.ts
FN:4,useClickOutside
FN:9,(anonymous_1)
FN:10,(anonymous_2)
FN:21,(anonymous_3)
FNF:4
FNH:0
FNDA:0,useClickOutside
FNDA:0,(anonymous_1)
FNDA:0,(anonymous_2)
FNDA:0,(anonymous_3)
DA:1,0
DA:4,0
DA:9,0
DA:10,0
DA:12,0
DA:15,0
DA:19,0
DA:21,0
DA:22,0
LF:9
LH:0
BRDA:12,0,0,0
BRDA:12,1,0,0
BRDA:12,1,1,0
BRDA:12,1,2,0
BRDA:14,2,0,0
BRDA:14,2,1,0
BRDA:14,3,0,0
BRDA:14,3,1,0
BRDA:14,4,0,0
BRDA:14,4,1,0
BRF:10
BRH:0
end_of_record
TN:
SF:src/components/hooks/useGetAllCryptoInterval.ts
FN:13,useGetAllCryptoInterval
FN:20,(anonymous_15)
FN:21,(anonymous_16)
FN:22,(anonymous_17)
FN:23,(anonymous_18)
FN:24,(anonymous_19)
FN:26,(anonymous_20)
FN:42,(anonymous_23)
FN:46,(anonymous_26)
FN:47,(anonymous_27)
FN:54,(anonymous_28)
FN:59,(anonymous_29)
FN:61,(anonymous_30)
FN:86,(anonymous_31)
FNF:14
FNH:0
FNDA:0,useGetAllCryptoInterval
FNDA:0,(anonymous_15)
FNDA:0,(anonymous_16)
FNDA:0,(anonymous_17)
FNDA:0,(anonymous_18)
FNDA:0,(anonymous_19)
FNDA:0,(anonymous_20)
FNDA:0,(anonymous_23)
FNDA:0,(anonymous_26)
FNDA:0,(anonymous_27)
FNDA:0,(anonymous_28)
FNDA:0,(anonymous_29)
FNDA:0,(anonymous_30)
FNDA:0,(anonymous_31)
DA:1,0
DA:2,0
DA:3,0
DA:4,0
DA:5,0
DA:6,0
DA:7,0
DA:8,0
DA:9,0
DA:11,0
DA:13,0
DA:14,0
DA:16,0
DA:17,0
DA:18,0
DA:20,0
DA:21,0
DA:22,0
DA:23,0
DA:24,0
DA:26,0
DA:28,0
DA:32,0
DA:33,0
DA:35,0
DA:36,0
DA:42,0
DA:43,0
DA:44,0
DA:45,0
DA:46,0
DA:47,0
DA:49,0
DA:50,0
DA:51,0
DA:54,0
DA:55,0
DA:59,0
DA:61,0
DA:62,0
DA:66,0
DA:67,0
DA:68,0
DA:73,0
DA:74,0
DA:75,0
DA:77,0
DA:78,0
DA:84,0
DA:86,0
DA:89,0
LF:51
LH:0
BRDA:43,0,0,0
BRDA:44,1,0,0
BRDA:44,1,1,0
BRDA:45,2,0,0
BRDA:45,2,1,0
BRDA:47,3,0,0
BRDA:47,3,1,0
BRDA:66,4,0,0
BRDA:67,5,0,0
BRDA:67,5,1,0
BRDA:68,6,0,0
BRDA:68,6,1,0
BRDA:73,7,0,0
BRDA:74,8,0,0
BRDA:74,8,1,0
BRDA:75,9,0,0
BRDA:75,9,1,0
BRDA:77,10,0,0
BRDA:77,11,0,0
BRDA:77,11,1,0
BRDA:78,12,0,0
BRDA:78,12,1,0
BRF:22
BRH:0
end_of_record
TN:
SF:src/components/hooks/useGetBalance.ts
FN:9,useGetBalance
FN:12,(anonymous_15)
FN:15,(anonymous_16)
FN:29,(anonymous_19)
FNF:4
FNH:0
FNDA:0,useGetBalance
FNDA:0,(anonymous_15)
FNDA:0,(anonymous_16)
FNDA:0,(anonymous_19)
DA:1,0
DA:2,0
DA:3,0
DA:4,0
DA:5,0
DA:7,0
DA:9,0
DA:10,0
DA:12,0
DA:15,0
DA:17,0
DA:21,0
DA:23,0
DA:29,0
DA:30,0
DA:31,0
DA:35,0
LF:17
LH:0
BRDA:30,0,0,0
BRF:1
BRH:0
end_of_record
TN:
SF:src/components/hooks/useGetOwnedCrypto.ts
FN:9,useGetOwnedCrypto
FN:12,(anonymous_17)
FN:13,(anonymous_18)
FN:16,(anonymous_19)
FN:16,(anonymous_20)
FN:25,(anonymous_22)
FN:33,(anonymous_23)
FN:33,(anonymous_24)
FN:34,(anonymous_25)
FN:35,(anonymous_26)
FNF:10
FNH:0
FNDA:0,useGetOwnedCrypto
FNDA:0,(anonymous_17)
FNDA:0,(anonymous_18)
FNDA:0,(anonymous_19)
FNDA:0,(anonymous_20)
FNDA:0,(anonymous_22)
FNDA:0,(anonymous_23)
FNDA:0,(anonymous_24)
FNDA:0,(anonymous_25)
FNDA:0,(anonymous_26)
DA:1,0
DA:2,0
DA:3,0
DA:4,0
DA:5,0
DA:7,0
DA:9,0
DA:10,0
DA:12,0
DA:13,0
DA:16,0
DA:18,0
DA:22,0
DA:25,0
DA:26,0
DA:32,0
DA:33,0
DA:35,0
DA:36,0
DA:39,0
DA:40,0
DA:42,0
DA:48,0
LF:23
LH:0
BRDA:28,0,0,0
BRDA:28,0,1,0
BRDA:28,1,0,0
BRDA:28,1,1,0
BRDA:29,2,0,0
BRDA:29,2,1,0
BRDA:29,3,0,0
BRDA:29,3,1,0
BRDA:36,4,0,0
BRDA:36,4,1,0
BRF:10
BRH:0
end_of_record
TN:
SF:src/components/hooks/useGetTradeHistory.ts
FN:20,useTradeHistory
FN:22,(anonymous_17)
FN:25,(anonymous_18)
FN:38,(anonymous_21)
FN:60,(anonymous_22)
FNF:5
FNH:0
FNDA:0,useTradeHistory
FNDA:0,(anonymous_17)
FNDA:0,(anonymous_18)
FNDA:0,(anonymous_21)
FNDA:0,(anonymous_22)
DA:1,0
DA:2,0
DA:3,0
DA:4,0
DA:5,0
DA:6,0
DA:8,0
DA:20,0
DA:21,0
DA:22,0
DA:25,0
DA:27,0
DA:32,0
DA:33,0
DA:35,0
DA:38,0
DA:39,0
DA:40,0
DA:43,0
DA:44,0
DA:47,0
DA:51,0
DA:52,0
DA:54,0
DA:60,0
DA:61,0
DA:62,0
DA:66,0
LF:28
LH:0
BRDA:43,0,0,0
BRDA:43,0,1,0
BRDA:61,1,0,0
BRF:3
BRH:0
end_of_record
TN:
SF:src/components/hooks/useInitialWork.ts
FN:10,useInitialWork
FN:13,(anonymous_15)
FN:28,(anonymous_18)
FN:47,(anonymous_21)
FN:50,(anonymous_22)
FNF:5
FNH:0
FNDA:0,useInitialWork
FNDA:0,(anonymous_15)
FNDA:0,(anonymous_18)
FNDA:0,(anonymous_21)
FNDA:0,(anonymous_22)
DA:1,0
DA:2,0
DA:3,0
DA:4,0
DA:5,0
DA:6,0
DA:8,0
DA:10,0
DA:11,0
DA:13,0
DA:15,0
DA:19,0
DA:21,0
DA:28,0
DA:30,0
DA:34,0
DA:39,0
DA:47,0
DA:48,0
DA:50,0
DA:51,0
DA:52,0
DA:53,0
DA:59,0
LF:24
LH:0
BRDA:51,0,0,0
BRDA:52,1,0,0
BRDA:52,1,1,0
BRDA:52,2,0,0
BRDA:52,2,1,0
BRF:5
BRH:0
end_of_record
TN:
SF:src/components/hooks/useRequestCandle.ts
FN:20,useRequestCandle
FN:24,(anonymous_15)
FN:24,(anonymous_16)
FN:46,(anonymous_18)
FN:46,(anonymous_19)
FNF:5
FNH:0
FNDA:0,useRequestCandle
FNDA:0,(anonymous_15)
FNDA:0,(anonymous_16)
FNDA:0,(anonymous_18)
FNDA:0,(anonymous_19)
DA:1,0
DA:2,0
DA:3,0
DA:4,0
DA:6,0
DA:8,0
DA:20,0
DA:21,0
DA:24,0
DA:25,0
DA:28,0
DA:37,0
DA:39,0
DA:46,0
DA:47,0
DA:50,0
DA:58,0
DA:60,0
DA:66,0
LF:19
LH:0
BRDA:25,0,0,0
BRDA:25,1,0,0
BRDA:25,1,1,0
BRDA:47,2,0,0
BRDA:47,3,0,0
BRDA:47,3,1,0
BRF:6
BRH:0
end_of_record
TN:
SF:src/components/hooks/useSelectAskingPrice.ts
FN:8,useSelectAskingPrice
FN:11,(anonymous_17)
FN:11,(anonymous_18)
FN:18,(anonymous_20)
FNF:4
FNH:0
FNDA:0,useSelectAskingPrice
FNDA:0,(anonymous_17)
FNDA:0,(anonymous_18)
FNDA:0,(anonymous_20)
DA:1,0
DA:2,0
DA:3,0
DA:4,0
DA:6,0
DA:8,0
DA:9,0
DA:11,0
DA:13,0
DA:15,0
DA:16,0
DA:18,0
DA:24,0
DA:25,0
DA:26,0
DA:28,0
DA:34,0
LF:17
LH:0
BRF:0
BRH:0
end_of_record
TN:
SF:src/components/hooks/useSelectClosedPrice.ts
FN:8,useSelectClosedPrice
FN:12,(anonymous_15)
FN:12,(anonymous_16)
FNF:3
FNH:0
FNDA:0,useSelectClosedPrice
FNDA:0,(anonymous_15)
FNDA:0,(anonymous_16)
DA:1,0
DA:2,0
DA:3,0
DA:4,0
DA:6,0
DA:8,0
DA:9,0
DA:12,0
DA:14,0
DA:15,0
DA:17,0
DA:23,0
LF:12
LH:0
BRF:0
BRH:0
end_of_record
TN:
SF:src/components/hooks/useToggleShortcuts.ts
FN:9,useToggleShortcuts
FN:12,(anonymous_16)
FN:13,(anonymous_17)
FN:16,(anonymous_18)
FN:16,(anonymous_19)
FN:34,(anonymous_21)
FN:46,(anonymous_22)
FN:47,(anonymous_23)
FNF:8
FNH:0
FNDA:0,useToggleShortcuts
FNDA:0,(anonymous_16)
FNDA:0,(anonymous_17)
FNDA:0,(anonymous_18)
FNDA:0,(anonymous_19)
FNDA:0,(anonymous_21)
FNDA:0,(anonymous_22)
FNDA:0,(anonymous_23)
DA:1,0
DA:2,0
DA:3,0
DA:4,0
DA:7,0
DA:9,0
DA:10,0
DA:12,0
DA:13,0
DA:16,0
DA:17,0
DA:19,0
DA:27,0
DA:29,0
DA:34,0
DA:35,0
DA:37,0
DA:38,0
DA:43,0
DA:46,0
DA:47,0
DA:50,0
DA:51,0
DA:54,0
LF:24
LH:0
BRDA:17,0,0,0
BRDA:37,1,0,0
BRDA:46,2,0,0
BRDA:46,2,1,0
BRF:4
BRH:0
end_of_record
TN:
SF:src/components/input/FormInput.tsx
FN:19,FormInput
FNF:1
FNH:0
FNDA:0,FormInput
DA:2,0
DA:19,0
DA:20,0
DA:21,0
DA:22,0
DA:23,0
DA:24,0
DA:25,0
DA:26,0
DA:27,0
DA:28,0
DA:29,0
DA:30,0
DA:32,0
LF:14
LH:0
BRDA:35,0,0,0
BRDA:35,0,1,0
BRDA:36,1,0,0
BRDA:36,1,1,0
BRDA:36,2,0,0
BRDA:36,2,1,0
BRDA:36,2,2,0
BRDA:39,3,0,0
BRDA:39,3,1,0
BRDA:46,4,0,0
BRDA:46,4,1,0
BRDA:46,5,0,0
BRDA:46,5,1,0
BRDA:46,6,0,0
BRDA:46,6,1,0
BRDA:53,7,0,0
BRDA:53,7,1,0
BRDA:54,8,0,0
BRDA:54,8,1,0
BRF:19
BRH:0
end_of_record
TN:
SF:src/components/input/InputWarning.tsx
FN:8,InputWarning
FNF:1
FNH:0
FNDA:0,InputWarning
DA:8,0
DA:9,0
LF:2
LH:0
BRDA:10,0,0,0
BRDA:10,0,1,0
BRDA:10,1,0,0
BRDA:10,1,1,0
BRDA:10,1,2,0
BRF:5
BRH:0
end_of_record
TN:
SF:src/components/input/PriceRange.tsx
FN:9,PriceRange
FN:18,(anonymous_1)
FNF:2
FNH:0
FNDA:0,PriceRange
FNDA:0,(anonymous_1)
DA:1,0
DA:9,0
DA:10,0
DA:18,0
LF:4
LH:0
BRDA:12,0,0,0
BRDA:12,0,1,0
BRF:2
BRH:0
end_of_record
TN:
SF:src/components/input/RadioInput.tsx
FN:10,RadioInput
FNF:1
FNH:0
FNDA:0,RadioInput
DA:1,0
DA:10,0
DA:11,0
LF:3
LH:0
BRF:0
BRH:0
end_of_record
TN:
SF:src/components/input/TradeInput.tsx
FN:7,TradeInput
FNF:1
FNH:0
FNDA:0,TradeInput
DA:7,0
DA:8,0
LF:2
LH:0
BRF:0
BRH:0
end_of_record
TN:
SF:src/components/modal/auth/PINoticeModal.tsx
FN:12,PINoticeModal
FN:39,(anonymous_4)
FN:85,(anonymous_5)
FN:92,(anonymous_6)
FNF:4
FNH:0
FNDA:0,PINoticeModal
FNDA:0,(anonymous_4)
FNDA:0,(anonymous_5)
FNDA:0,(anonymous_6)
DA:1,0
DA:2,0
DA:3,0
DA:4,0
DA:12,0
DA:13,0
DA:32,0
DA:39,0
DA:86,0
DA:87,0
DA:93,0
DA:94,0
LF:12
LH:0
BRF:0
BRH:0
end_of_record
TN:
SF:src/components/modal/auth/SignUpModal.tsx
FN:6,SignUpModal
FN:36,(anonymous_4)
FNF:2
FNH:0
FNDA:0,SignUpModal
FNDA:0,(anonymous_4)
DA:1,0
DA:2,0
DA:3,0
DA:6,0
DA:7,0
DA:9,0
DA:37,0
DA:38,0
LF:8
LH:0
BRF:0
BRH:0
end_of_record
TN:
SF:src/components/modal/common/NoticeModal.tsx
FN:7,NoticeModal
FN:8,(anonymous_4)
FN:10,(anonymous_5)
FN:24,(anonymous_6)
FN:32,(anonymous_7)
FN:36,(anonymous_8)
FN:44,(anonymous_9)
FNF:7
FNH:0
FNDA:0,NoticeModal
FNDA:0,(anonymous_4)
FNDA:0,(anonymous_5)
FNDA:0,(anonymous_6)
FNDA:0,(anonymous_7)
FNDA:0,(anonymous_8)
FNDA:0,(anonymous_9)
DA:1,0
DA:2,0
DA:4,0
DA:5,0
DA:7,0
DA:8,0
DA:10,0
DA:11,0
DA:13,0
DA:14,0
DA:16,0
DA:17,0
DA:19,0
DA:20,0
DA:24,0
DA:25,0
DA:26,0
DA:27,0
DA:28,0
DA:32,0
DA:33,0
DA:34,0
DA:36,0
DA:37,0
DA:41,0
DA:44,0
LF:26
LH:0
BRDA:13,0,0,0
BRDA:13,0,1,0
BRDA:16,1,0,0
BRDA:16,1,1,0
BRDA:19,2,0,0
BRDA:25,3,0,0
BRDA:33,4,0,0
BRDA:71,5,0,0
BRDA:71,5,1,0
BRF:9
BRH:0
end_of_record
TN:
SF:src/components/modal/trade/CeleryCompleteModal.tsx
FN:12,CeleryCompleteModal
FN:57,(anonymous_4)
FNF:2
FNH:0
FNDA:0,CeleryCompleteModal
FNDA:0,(anonymous_4)
DA:1,0
DA:2,0
DA:3,0
DA:4,0
DA:12,0
DA:13,0
DA:57,0
LF:7
LH:0
BRDA:40,0,0,0
BRDA:40,0,1,0
BRDA:48,1,0,0
BRDA:48,1,1,0
BRF:4
BRH:0
end_of_record
TN:
SF:src/components/modal/trade/TradeFailedModal.tsx
FN:5,TradeFailedModal
FN:40,(anonymous_4)
FNF:2
FNH:0
FNDA:0,TradeFailedModal
FNDA:0,(anonymous_4)
DA:1,0
DA:2,0
DA:5,0
DA:6,0
DA:40,0
LF:5
LH:0
BRDA:30,0,0,0
BRDA:30,0,1,0
BRF:2
BRH:0
end_of_record
TN:
SF:src/components/modal/trade/TradeModal.tsx
FN:5,TradeModal
FN:40,(anonymous_4)
FNF:2
FNH:0
FNDA:0,TradeModal
FNDA:0,(anonymous_4)
DA:1,0
DA:2,0
DA:5,0
DA:6,0
DA:40,0
LF:5
LH:0
BRDA:30,0,0,0
BRDA:30,0,1,0
BRF:2
BRH:0
end_of_record
TN:
SF:src/components/modal/trade/WatingModal.tsx
FN:5,WaitingModal
FN:42,(anonymous_4)
FNF:2
FNH:0
FNDA:0,WaitingModal
FNDA:0,(anonymous_4)
DA:1,0
DA:2,0
DA:5,0
DA:6,0
DA:42,0
LF:5
LH:0
BRDA:30,0,0,0
BRDA:30,0,1,0
BRF:2
BRH:0
end_of_record
TN:
SF:src/components/modal/trade/WorkingSpinnerModal.tsx
FN:9,(anonymous_3)
FN:21,WorkingSpinner
FN:24,(anonymous_5)
FN:25,(anonymous_6)
FN:38,(anonymous_7)
FNF:5
FNH:0
FNDA:0,(anonymous_3)
FNDA:0,WorkingSpinner
FNDA:0,(anonymous_5)
FNDA:0,(anonymous_6)
FNDA:0,(anonymous_7)
DA:1,0
DA:2,0
DA:4,0
DA:5,0
DA:6,0
DA:9,0
DA:10,0
DA:11,0
DA:13,0
DA:15,0
DA:17,0
DA:21,0
DA:22,0
DA:24,0
DA:25,0
DA:26,0
DA:27,0
DA:29,0
DA:31,0
DA:33,0
DA:37,0
DA:38,0
DA:41,0
LF:23
LH:0
BRDA:11,0,0,0
BRDA:11,0,1,0
BRDA:11,0,2,0
BRDA:27,1,0,0
BRDA:27,1,1,0
BRDA:27,1,2,0
BRF:6
BRH:0
end_of_record
TN:
SF:src/components/order-book/OrderBook.tsx
FN:14,OrderBook
FN:21,(anonymous_4)
FNF:2
FNH:0
FNDA:0,OrderBook
FNDA:0,(anonymous_4)
DA:1,0
DA:2,0
DA:3,0
DA:4,0
DA:5,0
DA:9,0
DA:14,0
DA:15,0
DA:16,0
DA:21,0
LF:10
LH:0
BRDA:24,0,0,0
BRDA:24,0,1,0
BRF:2
BRH:0
end_of_record
TN:
SF:src/components/order-book/child/asking/AskingPrice.tsx
FN:21,AskingPrice
FN:22,(anonymous_4)
FN:23,(anonymous_5)
FN:24,(anonymous_6)
FN:25,(anonymous_7)
FN:26,(anonymous_8)
FN:33,(anonymous_9)
FN:42,(anonymous_10)
FNF:8
FNH:0
FNDA:0,AskingPrice
FNDA:0,(anonymous_4)
FNDA:0,(anonymous_5)
FNDA:0,(anonymous_6)
FNDA:0,(anonymous_7)
FNDA:0,(anonymous_8)
FNDA:0,(anonymous_9)
FNDA:0,(anonymous_10)
DA:1,0
DA:2,0
DA:3,0
DA:4,0
DA:6,0
DA:7,0
DA:8,0
DA:21,0
DA:22,0
DA:23,0
DA:24,0
DA:25,0
DA:26,0
DA:28,0
DA:29,0
DA:30,0
DA:33,0
DA:36,0
DA:38,0
DA:39,0
DA:41,0
DA:42,0
DA:43,0
DA:44,0
DA:46,0
DA:47,0
DA:52,0
DA:53,0
DA:56,0
LF:29
LH:0
BRDA:41,0,0,0
BRDA:43,1,0,0
BRDA:46,2,0,0
BRDA:67,3,0,0
BRDA:67,3,1,0
BRDA:67,3,2,0
BRDA:76,4,0,0
BRDA:76,4,1,0
BRDA:81,5,0,0
BRDA:81,5,1,0
BRF:10
BRH:0
end_of_record
TN:
SF:src/components/order-book/child/asking/AskingTable.tsx
FN:17,AskingTable
FN:18,(anonymous_4)
FN:21,(anonymous_5)
FN:23,(anonymous_6)
FN:25,(anonymous_7)
FN:28,(anonymous_8)
FN:35,(anonymous_9)
FN:42,(anonymous_10)
FN:52,(anonymous_11)
FNF:9
FNH:0
FNDA:0,AskingTable
FNDA:0,(anonymous_4)
FNDA:0,(anonymous_5)
FNDA:0,(anonymous_6)
FNDA:0,(anonymous_7)
FNDA:0,(anonymous_8)
FNDA:0,(anonymous_9)
FNDA:0,(anonymous_10)
FNDA:0,(anonymous_11)
DA:1,0
DA:2,0
DA:3,0
DA:17,0
DA:18,0
DA:21,0
DA:22,0
DA:23,0
DA:25,0
DA:28,0
DA:29,0
DA:30,0
DA:32,0
DA:35,0
DA:36,0
DA:37,0
DA:39,0
DA:42,0
DA:43,0
DA:44,0
DA:46,0
DA:49,0
DA:53,0
DA:54,0
DA:55,0
DA:56,0
DA:57,0
DA:58,0
LF:28
LH:0
BRDA:22,0,0,0
BRDA:29,1,0,0
BRDA:30,2,0,0
BRDA:30,2,1,0
BRDA:32,3,0,0
BRDA:32,3,1,0
BRDA:36,4,0,0
BRDA:43,5,0,0
BRDA:62,6,0,0
BRDA:62,6,1,0
BRDA:69,7,0,0
BRDA:69,7,1,0
BRF:12
BRH:0
end_of_record
TN:
SF:src/components/order-book/child/asking/AskingTitle.tsx
FN:7,AskingTitle
FN:11,(anonymous_3)
FNF:2
FNH:0
FNDA:0,AskingTitle
FNDA:0,(anonymous_3)
DA:7,0
DA:8,0
DA:11,0
LF:3
LH:0
BRDA:19,0,0,0
BRDA:19,0,1,0
BRF:2
BRH:0
end_of_record
TN:
SF:src/components/order-book/child/closed/ClosedPrice.tsx
FN:10,ClosedPrice
FN:11,(anonymous_4)
FN:12,(anonymous_5)
FN:13,(anonymous_6)
FN:14,(anonymous_7)
FN:53,(anonymous_8)
FNF:6
FNH:0
FNDA:0,ClosedPrice
FNDA:0,(anonymous_4)
FNDA:0,(anonymous_5)
FNDA:0,(anonymous_6)
FNDA:0,(anonymous_7)
FNDA:0,(anonymous_8)
DA:1,0
DA:2,0
DA:3,0
DA:4,0
DA:5,0
DA:6,0
DA:7,0
DA:8,0
DA:10,0
DA:11,0
DA:12,0
DA:13,0
DA:14,0
DA:15,0
DA:17,0
DA:54,0
DA:55,0
DA:57,0
LF:18
LH:0
BRDA:21,0,0,0
BRDA:21,0,1,0
BRDA:32,1,0,0
BRDA:32,1,1,0
BRDA:32,1,2,0
BRDA:42,2,0,0
BRDA:42,2,1,0
BRDA:48,3,0,0
BRDA:48,3,1,0
BRDA:62,4,0,0
BRDA:62,4,1,0
BRF:11
BRH:0
end_of_record
TN:
SF:src/components/placeholder/LoadingSpinner.tsx
FN:13,LoadingSpinner
FNF:1
FNH:0
FNDA:0,LoadingSpinner
DA:1,0
DA:2,0
DA:4,0
DA:13,0
DA:14,0
LF:5
LH:0
BRF:0
BRH:0
end_of_record
TN:
SF:src/components/placeholder/PlaceholderDisplay.tsx
FN:3,PlaceholderDisplay
FNF:1
FNH:0
FNDA:0,PlaceholderDisplay
DA:1,0
DA:3,0
DA:4,0
LF:3
LH:0
BRF:0
BRH:0
end_of_record
TN:
SF:src/components/placeholder/SkeletonUI.tsx
FN:12,SkeletonUI
FN:17,(anonymous_4)
FN:18,(anonymous_5)
FN:30,(anonymous_6)
FN:41,(anonymous_7)
FNF:5
FNH:0
FNDA:0,SkeletonUI
FNDA:0,(anonymous_4)
FNDA:0,(anonymous_5)
FNDA:0,(anonymous_6)
FNDA:0,(anonymous_7)
DA:1,0
DA:2,0
DA:3,0
DA:4,0
DA:12,0
DA:13,0
DA:14,0
DA:15,0
DA:17,0
DA:18,0
DA:19,0
DA:20,0
DA:21,0
DA:22,0
DA:27,0
DA:28,0
DA:30,0
DA:31,0
DA:35,0
DA:41,0
LF:20
LH:0
BRDA:19,0,0,0
BRDA:41,1,0,0
BRDA:41,1,1,0
BRF:3
BRH:0
end_of_record
TN:
SF:src/components/scrollbar/CustomScorllbars.tsx
FN:11,(anonymous_3)
FN:14,(anonymous_4)
FN:29,(anonymous_5)
FN:30,(anonymous_6)
FNF:4
FNH:0
FNDA:0,(anonymous_3)
FNDA:0,(anonymous_4)
FNDA:0,(anonymous_5)
FNDA:0,(anonymous_6)
DA:1,0
DA:2,0
DA:11,0
DA:12,0
DA:14,0
DA:15,0
DA:24,0
DA:27,0
DA:29,0
DA:30,0
DA:39,0
LF:11
LH:0
BRDA:11,0,0,0
BRDA:11,0,1,0
BRDA:21,1,0,0
BRDA:21,1,1,0
BRF:4
BRH:0
end_of_record
TN:
SF:src/components/trading/TradeSection.tsx
FN:30,TradeSection
FN:32,(anonymous_4)
FN:39,(anonymous_5)
FNF:3
FNH:0
FNDA:0,TradeSection
FNDA:0,(anonymous_4)
FNDA:0,(anonymous_5)
DA:1,0
DA:2,0
DA:3,0
DA:4,0
DA:5,0
DA:6,0
DA:7,0
DA:8,0
DA:17,0
DA:22,0
DA:30,0
DA:31,0
DA:32,0
DA:34,0
DA:39,0
LF:15
LH:0
BRDA:42,0,0,0
BRDA:42,0,1,0
BRDA:45,1,0,0
BRDA:45,1,1,0
BRDA:48,2,0,0
BRDA:48,2,1,0
BRDA:48,3,0,0
BRDA:48,3,1,0
BRF:8
BRH:0
end_of_record
TN:
SF:src/components/trading/child/LoginNavigator.tsx
FN:3,LoginNavigator
FN:11,(anonymous_3)
FN:14,(anonymous_4)
FNF:3
FNH:0
FNDA:0,LoginNavigator
FNDA:0,(anonymous_3)
FNDA:0,(anonymous_4)
DA:1,0
DA:3,0
DA:4,0
DA:5,0
DA:7,0
DA:11,0
DA:14,0
LF:7
LH:0
BRDA:5,0,0,0
BRDA:5,0,1,0
BRF:2
BRH:0
end_of_record
TN:
SF:src/components/trading/child/SelectPercentage.tsx
FN:7,SelectPercentage
FN:14,(anonymous_3)
FN:19,(anonymous_4)
FN:24,(anonymous_5)
FN:29,(anonymous_6)
FN:34,(anonymous_7)
FNF:6
FNH:0
FNDA:0,SelectPercentage
FNDA:0,(anonymous_3)
FNDA:0,(anonymous_4)
FNDA:0,(anonymous_5)
FNDA:0,(anonymous_6)
FNDA:0,(anonymous_7)
DA:7,0
DA:8,0
DA:14,0
DA:19,0
DA:24,0
DA:29,0
DA:34,0
LF:7
LH:0
BRDA:11,0,0,0
BRDA:11,0,1,0
BRDA:16,1,0,0
BRDA:16,1,1,0
BRDA:21,2,0,0
BRDA:21,2,1,0
BRDA:26,3,0,0
BRDA:26,3,1,0
BRDA:31,4,0,0
BRDA:31,4,1,0
BRF:10
BRH:0
end_of_record
TN:
SF:src/components/trading/child/TradingFooter.tsx
FN:12,TradingFooter
FN:14,(anonymous_4)
FN:21,(anonymous_5)
FN:32,(anonymous_6)
FN:36,(anonymous_7)
FNF:5
FNH:0
FNDA:0,TradingFooter
FNDA:0,(anonymous_4)
FNDA:0,(anonymous_5)
FNDA:0,(anonymous_6)
FNDA:0,(anonymous_7)
DA:1,0
DA:2,0
DA:3,0
DA:12,0
DA:13,0
DA:14,0
DA:15,0
DA:22,0
DA:23,0
DA:25,0
DA:32,0
DA:36,0
LF:12
LH:0
BRDA:18,0,0,0
BRDA:18,0,1,0
BRDA:20,1,0,0
BRDA:20,1,1,0
BRDA:22,2,0,0
BRDA:22,2,1,0
BRF:6
BRH:0
end_of_record
TN:
SF:src/components/trading/child/TradingThead.tsx
FN:16,TradingThead
FN:27,(anonymous_4)
FN:32,(anonymous_5)
FNF:3
FNH:0
FNDA:0,TradingThead
FNDA:0,(anonymous_4)
FNDA:0,(anonymous_5)
DA:1,0
DA:16,0
DA:17,0
DA:18,0
DA:27,0
DA:32,0
LF:6
LH:0
BRDA:17,0,0,0
BRDA:17,0,1,0
BRF:2
BRH:0
end_of_record
TN:
SF:src/components/trading/child/history/SignedHistory.tsx
FN:5,SignedHistory
FN:6,(anonymous_4)
FN:10,(anonymous_5)
FNF:3
FNH:0
FNDA:0,SignedHistory
FNDA:0,(anonymous_4)
FNDA:0,(anonymous_5)
DA:1,0
DA:2,0
DA:3,0
DA:5,0
DA:6,0
DA:7,0
DA:11,0
DA:12,0
LF:8
LH:0
BRDA:13,0,0,0
BRDA:13,0,1,0
BRDA:20,1,0,0
BRDA:20,1,1,0
BRDA:21,2,0,0
BRDA:21,2,1,0
BRF:6
BRH:0
end_of_record
TN:
SF:src/components/trading/child/history/TradeHistory.tsx
FN:16,TradeHistory
FN:19,(anonymous_17)
FN:20,(anonymous_18)
FN:21,(anonymous_19)
FN:22,(anonymous_20)
FN:32,(anonymous_21)
FN:33,(anonymous_24)
FN:46,(anonymous_25)
FN:46,(anonymous_26)
FNF:9
FNH:0
FNDA:0,TradeHistory
FNDA:0,(anonymous_17)
FNDA:0,(anonymous_18)
FNDA:0,(anonymous_19)
FNDA:0,(anonymous_20)
FNDA:0,(anonymous_21)
FNDA:0,(anonymous_24)
FNDA:0,(anonymous_25)
FNDA:0,(anonymous_26)
DA:1,0
DA:2,0
DA:3,0
DA:4,0
DA:5,0
DA:6,0
DA:7,0
DA:8,0
DA:9,0
DA:10,0
DA:11,0
DA:12,0
DA:14,0
DA:16,0
DA:17,0
DA:19,0
DA:20,0
DA:21,0
DA:22,0
DA:24,0
DA:26,0
DA:27,0
DA:32,0
DA:33,0
DA:34,0
DA:35,0
DA:37,0
DA:38,0
DA:40,0
DA:41,0
DA:46,0
DA:48,0
DA:54,0
DA:56,0
DA:60,0
LF:35
LH:0
BRDA:34,0,0,0
BRDA:70,1,0,0
BRDA:70,1,1,0
BRDA:75,2,0,0
BRDA:75,2,1,0
BRDA:92,3,0,0
BRDA:92,3,1,0
BRDA:92,4,0,0
BRDA:92,4,1,0
BRDA:92,4,2,0
BRDA:92,4,3,0
BRDA:102,5,0,0
BRDA:102,5,1,0
BRF:13
BRH:0
end_of_record
TN:
SF:src/components/trading/child/history/UnSignedHistory.tsx
FN:6,UnSignedHistory
FN:9,(anonymous_5)
FN:10,(anonymous_6)
FN:12,(anonymous_7)
FN:14,(anonymous_8)
FN:16,(anonymous_9)
FN:28,(anonymous_10)
FN:30,(anonymous_11)
FN:36,(anonymous_12)
FNF:9
FNH:0
FNDA:0,UnSignedHistory
FNDA:0,(anonymous_5)
FNDA:0,(anonymous_6)
FNDA:0,(anonymous_7)
FNDA:0,(anonymous_8)
FNDA:0,(anonymous_9)
FNDA:0,(anonymous_10)
FNDA:0,(anonymous_11)
FNDA:0,(anonymous_12)
DA:1,0
DA:2,0
DA:3,0
DA:4,0
DA:6,0
DA:7,0
DA:9,0
DA:10,0
DA:12,0
DA:14,0
DA:16,0
DA:20,0
DA:24,0
DA:29,0
DA:30,0
DA:31,0
DA:36,0
LF:17
LH:0
BRDA:14,0,0,0
BRDA:14,0,1,0
BRDA:27,1,0,0
BRDA:27,1,1,0
BRDA:27,2,0,0
BRDA:27,2,1,0
BRDA:34,3,0,0
BRDA:34,3,1,0
BRDA:35,4,0,0
BRDA:35,4,1,0
BRDA:44,5,0,0
BRDA:44,5,1,0
BRDA:45,6,0,0
BRDA:45,6,1,0
BRDA:45,7,0,0
BRDA:45,7,1,0
BRF:16
BRH:0
end_of_record
TN:
SF:src/components/trading/child/section/BuyingSection.tsx
FN:19,BuyingSection
FN:24,(anonymous_17)
FN:25,(anonymous_18)
FN:26,(anonymous_19)
FN:44,(anonymous_20)
FN:53,(anonymous_21)
FN:68,(anonymous_22)
FN:90,(anonymous_23)
FN:100,(anonymous_24)
FN:105,(anonymous_25)
FN:115,(anonymous_26)
FN:130,(anonymous_27)
FN:154,(anonymous_28)
FN:154,(anonymous_29)
FN:202,(anonymous_31)
FN:207,(anonymous_32)
FN:236,(anonymous_33)
FN:254,(anonymous_34)
FN:273,(anonymous_35)
FN:301,(anonymous_36)
FNF:20
FNH:0
FNDA:0,BuyingSection
FNDA:0,(anonymous_17)
FNDA:0,(anonymous_18)
FNDA:0,(anonymous_19)
FNDA:0,(anonymous_20)
FNDA:0,(anonymous_21)
FNDA:0,(anonymous_22)
FNDA:0,(anonymous_23)
FNDA:0,(anonymous_24)
FNDA:0,(anonymous_25)
FNDA:0,(anonymous_26)
FNDA:0,(anonymous_27)
FNDA:0,(anonymous_28)
FNDA:0,(anonymous_29)
FNDA:0,(anonymous_31)
FNDA:0,(anonymous_32)
FNDA:0,(anonymous_33)
FNDA:0,(anonymous_34)
FNDA:0,(anonymous_35)
FNDA:0,(anonymous_36)
DA:1,0
DA:2,0
DA:3,0
DA:4,0
DA:5,0
DA:6,0
DA:7,0
DA:8,0
DA:9,0
DA:10,0
DA:11,0
DA:12,0
DA:13,0
DA:14,0
DA:15,0
DA:16,0
DA:17,0
DA:19,0
DA:20,0
DA:22,0
DA:24,0
DA:25,0
DA:26,0
DA:28,0
DA:29,0
DA:31,0
DA:32,0
DA:34,0
DA:35,0
DA:36,0
DA:39,0
DA:42,0
DA:44,0
DA:45,0
DA:46,0
DA:47,0
DA:48,0
DA:49,0
DA:53,0
DA:55,0
DA:56,0
DA:59,0
DA:60,0
DA:62,0
DA:63,0
DA:64,0
DA:68,0
DA:69,0
DA:72,0
DA:73,0
DA:75,0
DA:77,0
DA:78,0
DA:79,0
DA:81,0
DA:82,0
DA:84,0
DA:85,0
DA:90,0
DA:91,0
DA:93,0
DA:94,0
DA:95,0
DA:96,0
DA:100,0
DA:101,0
DA:105,0
DA:106,0
DA:108,0
DA:110,0
DA:111,0
DA:115,0
DA:116,0
DA:118,0
DA:121,0
DA:122,0
DA:123,0
DA:125,0
DA:126,0
DA:130,0
DA:131,0
DA:134,0
DA:136,0
DA:137,0
DA:138,0
DA:139,0
DA:141,0
DA:144,0
DA:145,0
DA:148,0
DA:149,0
DA:154,0
DA:156,0
DA:157,0
DA:158,0
DA:161,0
DA:163,0
DA:176,0
DA:179,0
DA:180,0
DA:181,0
DA:186,0
DA:187,0
DA:188,0
DA:195,0
DA:202,0
DA:203,0
DA:207,0
DA:208,0
DA:211,0
DA:236,0
DA:254,0
DA:273,0
DA:301,0
LF:114
LH:0
BRDA:62,0,0,0
BRDA:62,1,0,0
BRDA:62,1,1,0
BRDA:72,2,0,0
BRDA:75,3,0,0
BRDA:118,4,0,0
BRDA:118,4,1,0
BRDA:121,5,0,0
BRDA:136,6,0,0
BRDA:137,7,0,0
BRDA:144,8,0,0
BRDA:144,9,0,0
BRDA:144,9,1,0
BRDA:156,10,0,0
BRDA:179,11,0,0
BRDA:179,11,1,0
BRDA:186,12,0,0
BRDA:186,12,1,0
BRDA:186,13,0,0
BRDA:186,13,1,0
BRDA:215,14,0,0
BRDA:215,14,1,0
BRDA:255,15,0,0
BRDA:255,15,1,0
BRF:24
BRH:0
end_of_record
TN:
SF:src/components/trading/child/section/SellingSection.tsx
FN:19,SellingSectioin
FN:24,(anonymous_17)
FN:25,(anonymous_18)
FN:26,(anonymous_19)
FN:31,(anonymous_20)
FN:45,(anonymous_21)
FN:46,(anonymous_22)
FN:54,(anonymous_23)
FN:63,(anonymous_24)
FN:78,(anonymous_25)
FN:119,(anonymous_26)
FN:129,(anonymous_27)
FN:134,(anonymous_28)
FN:144,(anonymous_29)
FN:159,(anonymous_30)
FN:183,(anonymous_31)
FN:183,(anonymous_32)
FN:235,(anonymous_34)
FN:240,(anonymous_35)
FN:278,(anonymous_36)
FN:296,(anonymous_37)
FN:315,(anonymous_38)
FN:352,(anonymous_39)
FNF:23
FNH:0
FNDA:0,SellingSectioin
FNDA:0,(anonymous_17)
FNDA:0,(anonymous_18)
FNDA:0,(anonymous_19)
FNDA:0,(anonymous_20)
FNDA:0,(anonymous_21)
FNDA:0,(anonymous_22)
FNDA:0,(anonymous_23)
FNDA:0,(anonymous_24)
FNDA:0,(anonymous_25)
FNDA:0,(anonymous_26)
FNDA:0,(anonymous_27)
FNDA:0,(anonymous_28)
FNDA:0,(anonymous_29)
FNDA:0,(anonymous_30)
FNDA:0,(anonymous_31)
FNDA:0,(anonymous_32)
FNDA:0,(anonymous_34)
FNDA:0,(anonymous_35)
FNDA:0,(anonymous_36)
FNDA:0,(anonymous_37)
FNDA:0,(anonymous_38)
FNDA:0,(anonymous_39)
DA:1,0
DA:2,0
DA:3,0
DA:4,0
DA:5,0
DA:6,0
DA:7,0
DA:8,0
DA:9,0
DA:10,0
DA:11,0
DA:12,0
DA:13,0
DA:14,0
DA:15,0
DA:16,0
DA:17,0
DA:19,0
DA:20,0
DA:22,0
DA:24,0
DA:25,0
DA:26,0
DA:28,0
DA:29,0
DA:31,0
DA:32,0
DA:33,0
DA:34,0
DA:35,0
DA:36,0
DA:39,0
DA:42,0
DA:45,0
DA:46,0
DA:54,0
DA:55,0
DA:56,0
DA:57,0
DA:58,0
DA:59,0
DA:63,0
DA:65,0
DA:66,0
DA:69,0
DA:70,0
DA:72,0
DA:73,0
DA:74,0
DA:78,0
DA:79,0
DA:82,0
DA:87,0
DA:88,0
DA:91,0
DA:93,0
DA:94,0
DA:96,0
DA:97,0
DA:100,0
DA:101,0
DA:104,0
DA:105,0
DA:106,0
DA:108,0
DA:109,0
DA:112,0
DA:113,0
DA:119,0
DA:120,0
DA:122,0
DA:123,0
DA:124,0
DA:125,0
DA:129,0
DA:130,0
DA:134,0
DA:135,0
DA:137,0
DA:139,0
DA:140,0
DA:144,0
DA:145,0
DA:147,0
DA:150,0
DA:151,0
DA:152,0
DA:154,0
DA:155,0
DA:159,0
DA:160,0
DA:163,0
DA:165,0
DA:166,0
DA:167,0
DA:168,0
DA:170,0
DA:173,0
DA:174,0
DA:177,0
DA:178,0
DA:183,0
DA:185,0
DA:186,0
DA:187,0
DA:189,0
DA:190,0
DA:191,0
DA:194,0
DA:196,0
DA:209,0
DA:212,0
DA:213,0
DA:214,0
DA:219,0
DA:220,0
DA:221,0
DA:228,0
DA:235,0
DA:236,0
DA:240,0
DA:241,0
DA:244,0
DA:278,0
DA:296,0
DA:315,0
DA:352,0
LF:127
LH:0
BRDA:46,0,0,0
BRDA:46,0,1,0
BRDA:72,1,0,0
BRDA:72,2,0,0
BRDA:72,2,1,0
BRDA:82,3,0,0
BRDA:82,3,1,0
BRDA:82,4,0,0
BRDA:82,4,1,0
BRDA:82,5,0,0
BRDA:82,5,1,0
BRDA:87,6,0,0
BRDA:87,6,1,0
BRDA:87,7,0,0
BRDA:87,7,1,0
BRDA:91,8,0,0
BRDA:106,9,0,0
BRDA:147,10,0,0
BRDA:147,10,1,0
BRDA:150,11,0,0
BRDA:165,12,0,0
BRDA:166,13,0,0
BRDA:173,14,0,0
BRDA:173,15,0,0
BRDA:173,15,1,0
BRDA:185,16,0,0
BRDA:189,17,0,0
BRDA:189,18,0,0
BRDA:189,18,1,0
BRDA:204,19,0,0
BRDA:204,19,1,0
BRDA:212,20,0,0
BRDA:212,20,1,0
BRDA:219,21,0,0
BRDA:219,21,1,0
BRDA:219,22,0,0
BRDA:219,22,1,0
BRDA:248,23,0,0
BRDA:248,23,1,0
BRDA:261,24,0,0
BRDA:261,24,1,0
BRDA:261,25,0,0
BRDA:261,25,1,0
BRDA:261,26,0,0
BRDA:261,26,1,0
BRDA:267,27,0,0
BRDA:267,27,1,0
BRDA:297,28,0,0
BRDA:297,28,1,0
BRDA:335,29,0,0
BRDA:335,29,1,0
BRDA:335,30,0,0
BRDA:335,30,1,0
BRDA:335,31,0,0
BRDA:335,31,1,0
BRDA:341,32,0,0
BRDA:341,32,1,0
BRDA:353,33,0,0
BRDA:353,33,1,0
BRF:59
BRH:0
end_of_record
TN:
SF:src/pages/Home.tsx
FN:25,Home
FN:28,(anonymous_4)
FN:29,(anonymous_5)
FN:31,(anonymous_6)
FN:33,(anonymous_7)
FN:47,(anonymous_8)
FN:61,(anonymous_9)
FN:64,(anonymous_10)
FNF:8
FNH:0
FNDA:0,Home
FNDA:0,(anonymous_4)
FNDA:0,(anonymous_5)
FNDA:0,(anonymous_6)
FNDA:0,(anonymous_7)
FNDA:0,(anonymous_8)
FNDA:0,(anonymous_9)
FNDA:0,(anonymous_10)
DA:1,0
DA:2,0
DA:3,0
DA:4,0
DA:5,0
DA:6,0
DA:7,0
DA:8,0
DA:9,0
DA:10,0
DA:11,0
DA:12,0
DA:13,0
DA:14,0
DA:15,0
DA:16,0
DA:17,0
DA:18,0
DA:19,0
DA:20,0
DA:21,0
DA:22,0
DA:23,0
DA:25,0
DA:26,0
DA:28,0
DA:29,0
DA:31,0
DA:33,0
DA:34,0
DA:35,0
DA:39,0
DA:42,0
DA:45,0
DA:47,0
DA:48,0
DA:49,0
DA:53,0
DA:54,0
DA:55,0
DA:57,0
DA:61,0
DA:64,0
LF:43
LH:0
BRDA:73,0,0,0
BRDA:73,0,1,0
BRDA:73,1,0,0
BRDA:73,1,1,0
BRDA:100,2,0,0
BRDA:100,2,1,0
BRF:6
BRH:0
end_of_record
TN:
SF:src/redux/hooks.ts
FNF:0
FNH:0
DA:1,0
DA:5,0
DA:7,0
DA:9,0
LF:4
LH:0
BRF:0
BRH:0
end_of_record
TN:
SF:src/redux/store.ts
FN:54,(anonymous_1)
FNF:1
FNH:0
FNDA:0,(anonymous_1)
DA:1,0
DA:2,0
DA:3,0
DA:4,0
DA:5,0
DA:6,0
DA:7,0
DA:8,0
DA:9,0
DA:10,0
DA:11,0
DA:13,0
DA:54,0
DA:55,0
DA:60,0
DA:67,0
LF:16
LH:0
BRF:0
BRH:0
end_of_record
TN:
SF:src/redux/features/askingSlice.ts
FN:27,(anonymous_0)
FN:37,(anonymous_1)
FN:47,(anonymous_2)
FN:57,(anonymous_3)
FNF:4
FNH:0
FNDA:0,(anonymous_0)
FNDA:0,(anonymous_1)
FNDA:0,(anonymous_2)
FNDA:0,(anonymous_3)
DA:1,0
DA:20,0
DA:21,0
DA:23,0
DA:28,0
DA:33,0
DA:38,0
DA:43,0
DA:48,0
DA:53,0
DA:58,0
DA:63,0
DA:64,0
DA:65,0
DA:66,0
DA:68,0
DA:75,0
LF:17
LH:0
BRF:0
BRH:0
end_of_record
TN:
SF:src/redux/features/chartSlice.ts
FN:27,(anonymous_0)
FN:37,(anonymous_1)
FN:47,(anonymous_2)
FN:57,(anonymous_3)
FN:67,(anonymous_4)
FN:77,(anonymous_5)
FNF:6
FNH:0
FNDA:0,(anonymous_0)
FNDA:0,(anonymous_1)
FNDA:0,(anonymous_2)
FNDA:0,(anonymous_3)
FNDA:0,(anonymous_4)
FNDA:0,(anonymous_5)
DA:1,0
DA:17,0
DA:18,0
DA:20,0
DA:21,0
DA:23,0
DA:28,0
DA:33,0
DA:38,0
DA:43,0
DA:48,0
DA:53,0
DA:58,0
DA:63,0
DA:68,0
DA:73,0
DA:78,0
DA:83,0
DA:84,0
DA:85,0
DA:86,0
DA:87,0
DA:88,0
DA:90,0
DA:99,0
LF:25
LH:0
BRF:0
BRH:0
end_of_record
TN:
SF:src/redux/features/cryptoListSlice.ts
FN:28,(anonymous_0)
FN:38,(anonymous_1)
FN:48,(anonymous_2)
FN:58,(anonymous_3)
FN:68,(anonymous_4)
FN:78,(anonymous_5)
FNF:6
FNH:0
FNDA:0,(anonymous_0)
FNDA:0,(anonymous_1)
FNDA:0,(anonymous_2)
FNDA:0,(anonymous_3)
FNDA:0,(anonymous_4)
FNDA:0,(anonymous_5)
DA:1,0
DA:22,0
DA:24,0
DA:29,0
DA:34,0
DA:39,0
DA:44,0
DA:49,0
DA:54,0
DA:59,0
DA:64,0
DA:69,0
DA:74,0
DA:79,0
DA:84,0
DA:85,0
DA:86,0
DA:87,0
DA:88,0
DA:89,0
DA:91,0
DA:100,0
LF:22
LH:0
BRF:0
BRH:0
end_of_record
TN:
SF:src/redux/features/modalSlice.ts
FN:21,(anonymous_0)
FN:27,(anonymous_1)
FNF:2
FNH:0
FNDA:0,(anonymous_0)
FNDA:0,(anonymous_1)
DA:1,0
DA:10,0
DA:17,0
DA:22,0
DA:23,0
DA:24,0
DA:25,0
DA:28,0
DA:29,0
DA:30,0
DA:31,0
DA:36,0
DA:38,0
DA:42,0
LF:14
LH:0
BRF:0
BRH:0
end_of_record
TN:
SF:src/redux/features/placeholderSlice.ts
FN:7,(anonymous_0)
FN:17,(anonymous_1)
FN:27,(anonymous_2)
FNF:3
FNH:0
FNDA:0,(anonymous_0)
FNDA:0,(anonymous_1)
FNDA:0,(anonymous_2)
DA:1,0
DA:3,0
DA:8,0
DA:13,0
DA:18,0
DA:23,0
DA:28,0
DA:33,0
DA:34,0
DA:35,0
DA:37,0
DA:43,0
LF:12
LH:0
BRF:0
BRH:0
end_of_record
TN:
SF:src/redux/features/selectedCryptoSlice.ts
FN:30,(anonymous_0)
FN:40,(anonymous_1)
FNF:2
FNH:0
FNDA:0,(anonymous_0)
FNDA:0,(anonymous_1)
DA:1,0
DA:9,0
DA:26,0
DA:31,0
DA:36,0
DA:41,0
DA:46,0
DA:47,0
DA:49,0
DA:54,0
LF:10
LH:0
BRF:0
BRH:0
end_of_record
TN:
SF:src/redux/features/tradeSlice.ts
FN:30,(anonymous_4)
FN:40,(anonymous_5)
FN:50,(anonymous_6)
FN:53,(anonymous_7)
FN:66,(anonymous_8)
FN:69,(anonymous_9)
FN:75,(anonymous_10)
FN:76,(anonymous_11)
FN:85,(anonymous_12)
FNF:9
FNH:0
FNDA:0,(anonymous_4)
FNDA:0,(anonymous_5)
FNDA:0,(anonymous_6)
FNDA:0,(anonymous_7)
FNDA:0,(anonymous_8)
FNDA:0,(anonymous_9)
FNDA:0,(anonymous_10)
FNDA:0,(anonymous_11)
FNDA:0,(anonymous_12)
DA:1,0
DA:2,0
DA:22,0
DA:23,0
DA:24,0
DA:26,0
DA:31,0
DA:36,0
DA:41,0
DA:46,0
DA:51,0
DA:54,0
DA:55,0
DA:57,0
DA:62,0
DA:67,0
DA:70,0
DA:71,0
DA:73,0
DA:76,0
DA:81,0
DA:86,0
DA:91,0
DA:92,0
DA:93,0
DA:94,0
DA:95,0
DA:97,0
DA:106,0
LF:29
LH:0
BRF:0
BRH:0
end_of_record
TN:
SF:src/redux/features/userCryptoSlice.ts
FN:22,(anonymous_0)
FN:32,(anonymous_1)
FN:35,(anonymous_2)
FN:36,(anonymous_3)
FN:41,(anonymous_4)
FNF:5
FNH:0
FNDA:0,(anonymous_0)
FNDA:0,(anonymous_1)
FNDA:0,(anonymous_2)
FNDA:0,(anonymous_3)
FNDA:0,(anonymous_4)
DA:1,0
DA:15,0
DA:16,0
DA:18,0
DA:23,0
DA:28,0
DA:33,0
DA:36,0
DA:39,0
DA:40,0
DA:41,0
DA:43,0
DA:44,0
DA:48,0
DA:54,0
DA:55,0
DA:57,0
DA:62,0
LF:18
LH:0
BRDA:39,0,0,0
BRDA:39,0,1,0
BRDA:40,1,0,0
BRF:3
BRH:0
end_of_record
TN:
SF:src/redux/features/userSlice.ts
FN:19,(anonymous_2)
FN:22,(anonymous_3)
FN:25,(anonymous_4)
FN:28,(anonymous_5)
FN:31,(anonymous_6)
FNF:5
FNH:0
FNDA:0,(anonymous_2)
FNDA:0,(anonymous_3)
FNDA:0,(anonymous_4)
FNDA:0,(anonymous_5)
FNDA:0,(anonymous_6)
DA:1,0
DA:9,0
DA:15,0
DA:20,0
DA:23,0
DA:26,0
DA:29,0
DA:32,0
DA:37,0
DA:39,0
DA:43,0
LF:11
LH:0
BRF:0
BRH:0
end_of_record
TN:
SF:src/redux/features/walletSlice.ts
FN:9,(anonymous_0)
FN:19,(anonymous_1)
FN:29,(anonymous_2)
FN:39,(anonymous_3)
FN:49,(anonymous_4)
FN:59,(anonymous_5)
FNF:6
FNH:0
FNDA:0,(anonymous_0)
FNDA:0,(anonymous_1)
FNDA:0,(anonymous_2)
FNDA:0,(anonymous_3)
FNDA:0,(anonymous_4)
FNDA:0,(anonymous_5)
DA:1,0
DA:5,0
DA:10,0
DA:15,0
DA:20,0
DA:25,0
DA:30,0
DA:35,0
DA:40,0
DA:45,0
DA:50,0
DA:55,0
DA:60,0
DA:65,0
DA:66,0
DA:67,0
DA:68,0
DA:69,0
DA:70,0
DA:73,0
DA:82,0
LF:21
LH:0
BRF:0
BRH:0
end_of_record
TN:
SF:src/responsive/breakpoints.ts
FNF:0
FNH:0
DA:1,0
DA:9,0
LF:2
LH:0
BRF:0
BRH:0
end_of_record
TN:
SF:src/responsive/components/MobileCryptoHeader.tsx
FN:8,CryptoHeader
FN:9,(anonymous_4)
FN:10,(anonymous_5)
FN:11,(anonymous_6)
FN:25,(anonymous_7)
FNF:5
FNH:0
FNDA:0,CryptoHeader
FNDA:0,(anonymous_4)
FNDA:0,(anonymous_5)
FNDA:0,(anonymous_6)
FNDA:0,(anonymous_7)
DA:1,0
DA:2,0
DA:3,0
DA:4,0
DA:5,0
DA:6,0
DA:8,0
DA:9,0
DA:10,0
DA:11,0
DA:13,0
DA:25,0
LF:12
LH:0
BRDA:16,0,0,0
BRDA:16,0,1,0
BRDA:25,1,0,0
BRDA:25,1,1,0
BRF:4
BRH:0
end_of_record
TN:
SF:src/responsive/components/MobileDetail.tsx
FN:20,MobileDetail
FN:23,(anonymous_4)
FN:47,(anonymous_5)
FNF:3
FNH:0
FNDA:0,MobileDetail
FNDA:0,(anonymous_4)
FNDA:0,(anonymous_5)
DA:1,0
DA:2,0
DA:3,0
DA:4,0
DA:5,0
DA:6,0
DA:7,0
DA:8,0
DA:9,0
DA:13,0
DA:20,0
DA:21,0
DA:23,0
DA:24,0
DA:26,0
DA:28,0
DA:30,0
DA:32,0
DA:34,0
DA:38,0
DA:47,0
LF:21
LH:0
BRDA:24,0,0,0
BRDA:24,0,1,0
BRDA:24,0,2,0
BRDA:24,0,3,0
BRDA:24,0,4,0
BRF:5
BRH:0
end_of_record
TN:
SF:src/responsive/components/MobileNavBar.tsx
FN:16,MobileNavBar
FN:22,(anonymous_3)
FN:26,(anonymous_4)
FNF:3
FNH:0
FNDA:0,MobileNavBar
FNDA:0,(anonymous_3)
FNDA:0,(anonymous_4)
DA:1,0
DA:9,0
DA:16,0
DA:17,0
DA:18,0
DA:20,0
DA:22,0
DA:26,0
LF:8
LH:0
BRDA:25,0,0,0
BRDA:25,0,1,0
BRF:2
BRH:0
end_of_record
TN:
SF:src/utils/auth/kakaoLogin.ts
FN:4,(anonymous_0)
FNF:1
FNH:0
FNDA:0,(anonymous_0)
DA:1,0
DA:2,0
DA:4,0
DA:5,0
DA:6,0
DA:9,0
LF:6
LH:0
BRF:0
BRH:0
end_of_record
TN:
SF:src/utils/form/calculatePercentage.ts
FN:2,calculatePercentage
FNF:1
FNH:0
FNDA:0,calculatePercentage
DA:2,0
DA:3,0
DA:5,0
DA:7,0
DA:9,0
DA:11,0
DA:13,0
DA:15,0
LF:8
LH:0
BRDA:3,0,0,0
BRDA:3,0,1,0
BRDA:3,0,2,0
BRDA:3,0,3,0
BRDA:3,0,4,0
BRDA:3,0,5,0
BRF:6
BRH:0
end_of_record
TN:
SF:src/utils/form/formValueChange.ts
FN:1,formValueChange
FNF:1
FNH:0
FNDA:0,formValueChange
DA:1,0
DA:10,0
DA:12,0
DA:14,0
DA:15,0
DA:17,0
DA:19,0
DA:21,0
DA:22,0
DA:24,0
DA:29,0
DA:30,0
LF:12
LH:0
BRDA:12,0,0,0
BRDA:14,1,0,0
BRDA:14,1,1,0
BRDA:19,2,0,0
BRDA:19,3,0,0
BRDA:19,3,1,0
BRDA:21,4,0,0
BRDA:21,4,1,0
BRDA:29,5,0,0
BRF:9
BRH:0
end_of_record
TN:
SF:src/utils/format/adjustInputValue.ts
FN:2,adjustInputValue
FNF:1
FNH:0
FNDA:0,adjustInputValue
DA:2,0
DA:4,0
DA:5,0
DA:6,0
DA:11,0
DA:14,0
DA:17,0
DA:18,0
DA:22,0
DA:23,0
DA:26,0
LF:11
LH:0
BRDA:4,0,0,0
BRDA:4,1,0,0
BRDA:4,1,1,0
BRDA:5,2,0,0
BRDA:5,3,0,0
BRDA:5,3,1,0
BRDA:5,3,2,0
BRDA:17,4,0,0
BRDA:22,5,0,0
BRF:9
BRH:0
end_of_record
TN:
SF:src/utils/format/adjustSize.ts
FN:2,adjustSize
FNF:1
FNH:0
FNDA:0,adjustSize
DA:2,0
DA:6,0
DA:7,0
DA:11,0
DA:12,0
DA:16,0
DA:17,0
DA:20,0
DA:21,0
DA:22,0
DA:25,0
LF:11
LH:0
BRDA:6,0,0,0
BRDA:6,0,1,0
BRDA:16,1,0,0
BRDA:20,2,0,0
BRF:4
BRH:0
end_of_record
TN:
SF:src/utils/format/covertToDate.ts
FN:2,convertToDate
FNF:1
FNH:0
FNDA:0,convertToDate
DA:2,0
DA:3,0
DA:5,0
DA:12,0
DA:14,0
LF:5
LH:0
BRF:0
BRH:0
end_of_record
TN:
SF:src/utils/format/formatDateString.ts
FN:2,formatDateString
FNF:1
FNH:0
FNDA:0,formatDateString
DA:2,0
DA:3,0
DA:4,0
DA:10,0
LF:4
LH:0
BRF:0
BRH:0
end_of_record
TN:
SF:src/utils/format/formatTradeAmount.ts
FN:2,formatTradeAmount
FNF:1
FNH:0
FNDA:0,formatTradeAmount
DA:2,0
DA:3,0
DA:4,0
DA:5,0
DA:7,0
LF:5
LH:0
BRDA:4,0,0,0
BRDA:7,1,0,0
BRDA:7,1,1,0
BRF:3
BRH:0
end_of_record
TN:
SF:src/utils/format/formatWithComas.ts
FN:2,formatWithComas
FNF:1
FNH:1
FNDA:10,formatWithComas
DA:2,1
DA:3,10
DA:5,8
DA:6,4
DA:7,4
DA:8,2
DA:9,2
DA:11,2
DA:14,4
DA:15,4
DA:17,6
DA:18,6
DA:20,6
LF:13
LH:13
BRDA:3,0,0,8
BRDA:5,1,0,4
BRDA:7,2,0,2
BRDA:14,3,0,1
BRF:4
BRH:4
end_of_record
TN:
SF:src/utils/format/limitDecimalPlace.ts
FN:2,limitDecimalPlace
FNF:1
FNH:0
FNDA:0,limitDecimalPlace
DA:2,0
DA:3,0
DA:4,0
DA:6,0
LF:4
LH:0
BRDA:3,0,0,0
BRDA:3,1,0,0
BRDA:3,1,1,0
BRF:3
BRH:0
end_of_record
TN:
SF:src/utils/responsive/checkCurrentScreen.ts
FN:8,(anonymous_0)
FN:25,(anonymous_1)
FNF:2
FNH:0
FNDA:0,(anonymous_0)
FNDA:0,(anonymous_1)
DA:1,0
DA:8,0
DA:9,0
DA:10,0
DA:13,0
DA:18,0
DA:22,0
DA:25,0
DA:27,0
DA:28,0
DA:29,0
DA:30,0
DA:32,0
DA:33,0
DA:34,0
DA:35,0
DA:36,0
DA:37,0
DA:38,0
DA:39,0
DA:43,0
DA:46,0
LF:22
LH:0
BRDA:10,0,0,0
BRDA:10,0,1,0
BRDA:13,1,0,0
BRDA:13,1,1,0
BRDA:13,1,2,0
BRDA:18,2,0,0
BRDA:18,2,1,0
BRDA:18,2,2,0
BRDA:18,2,3,0
BRDA:22,3,0,0
BRDA:22,3,1,0
BRDA:22,3,2,0
BRDA:32,4,0,0
BRDA:32,4,1,0
BRDA:34,5,0,0
BRDA:34,5,1,0
BRDA:36,6,0,0
BRDA:36,6,1,0
BRDA:38,7,0,0
BRF:19
BRH:0
end_of_record
TN:
SF:src/utils/sort/sortData.ts
FN:4,(anonymous_1)
FN:6,(anonymous_2)
FN:17,(anonymous_3)
FN:18,(anonymous_4)
FN:29,(anonymous_5)
FN:30,(anonymous_6)
FN:31,(anonymous_7)
FN:32,(anonymous_8)
FN:35,(anonymous_9)
FN:36,(anonymous_10)
FN:37,(anonymous_11)
FN:41,(anonymous_12)
FN:42,(anonymous_13)
FN:43,(anonymous_14)
FN:52,(anonymous_15)
FN:53,(anonymous_16)
FN:63,(anonymous_17)
FNF:17
FNH:0
FNDA:0,(anonymous_1)
FNDA:0,(anonymous_2)
FNDA:0,(anonymous_3)
FNDA:0,(anonymous_4)
FNDA:0,(anonymous_5)
FNDA:0,(anonymous_6)
FNDA:0,(anonymous_7)
FNDA:0,(anonymous_8)
FNDA:0,(anonymous_9)
FNDA:0,(anonymous_10)
FNDA:0,(anonymous_11)
FNDA:0,(anonymous_12)
FNDA:0,(anonymous_13)
FNDA:0,(anonymous_14)
FNDA:0,(anonymous_15)
FNDA:0,(anonymous_16)
FNDA:0,(anonymous_17)
DA:4,0
DA:6,0
DA:7,0
DA:8,0
DA:9,0
DA:10,0
DA:12,0
DA:17,0
DA:18,0
DA:19,0
DA:20,0
DA:21,0
DA:22,0
DA:24,0
DA:29,0
DA:30,0
DA:31,0
DA:32,0
DA:34,0
DA:35,0
DA:36,0
DA:37,0
DA:39,0
DA:40,0
DA:41,0
DA:42,0
DA:43,0
DA:45,0
DA:48,0
DA:52,0
DA:53,0
DA:54,0
DA:55,0
DA:56,0
DA:57,0
DA:59,0
DA:63,0
DA:64,0
DA:65,0
DA:66,0
DA:67,0
DA:68,0
DA:69,0
DA:70,0
DA:71,0
DA:73,0
LF:46
LH:0
BRDA:7,0,0,0
BRDA:7,0,1,0
BRDA:9,1,0,0
BRDA:19,2,0,0
BRDA:19,2,1,0
BRDA:21,3,0,0
BRDA:34,4,0,0
BRDA:34,4,1,0
BRDA:40,5,0,0
BRDA:54,6,0,0
BRDA:54,6,1,0
BRDA:56,7,0,0
BRDA:64,8,0,0
BRDA:64,8,1,0
BRDA:66,9,0,0
BRDA:66,9,1,0
BRDA:68,10,0,0
BRDA:68,10,1,0
BRDA:70,11,0,0
BRF:19
BRH:0
end_of_record
