TN:
SF:src/hooks/useAddTradeHistory.ts
FN:10,useAddTradeHistory
FN:12,(anonymous_17)
FN:15,(anonymous_18)
FN:24,(anonymous_19)
FNF:4
FNH:4
FNDA:6,useAddTradeHistory
FNDA:6,(anonymous_17)
FNDA:6,(anonymous_18)
FNDA:6,(anonymous_19)
DA:1,1
DA:2,1
DA:3,1
DA:4,1
DA:5,1
DA:8,1
DA:10,7
DA:11,6
DA:12,6
DA:15,6
DA:24,6
DA:26,6
DA:43,2
DA:44,1
DA:50,1
DA:51,1
DA:52,1
DA:56,1
DA:59,2
DA:61,4
DA:62,1
DA:65,3
DA:70,6
LF:23
LH:23
BRDA:43,0,0,1
BRDA:43,0,1,1
BRDA:61,1,0,1
BRDA:61,1,1,3
BRDA:62,2,0,0
BRDA:62,2,1,1
BRF:6
BRH:5
end_of_record
TN:
SF:src/hooks/useGetTradeHistory.ts
FN:20,useTradeHistory
FN:22,(anonymous_17)
FN:25,(anonymous_18)
FN:38,(anonymous_21)
FN:60,(anonymous_22)
FNF:5
FNH:5
FNDA:4,useTradeHistory
FNDA:4,(anonymous_17)
FNDA:12,(anonymous_18)
FNDA:2,(anonymous_21)
FNDA:4,(anonymous_22)
DA:1,1
DA:2,1
DA:3,1
DA:4,1
DA:5,1
DA:6,1
DA:8,1
DA:20,5
DA:21,4
DA:22,4
DA:25,10
DA:27,6
DA:32,5
DA:33,5
DA:35,5
DA:38,2
DA:39,2
DA:40,2
DA:43,2
DA:44,1
DA:47,1
DA:51,2
DA:52,2
DA:54,4
DA:60,4
DA:61,4
DA:62,3
DA:66,4
LF:28
LH:28
BRDA:43,0,0,1
BRDA:43,0,1,1
BRDA:61,1,0,3
BRF:3
BRH:3
end_of_record
TN:
SF:src/hooks/useTradeSection.ts
FN:16,(anonymous_14)
FN:20,(anonymous_15)
FN:21,(anonymous_16)
FN:22,(anonymous_17)
FN:34,(anonymous_18)
FN:43,(anonymous_19)
FN:52,(anonymous_20)
FN:65,(anonymous_21)
FN:92,(anonymous_22)
FN:117,(anonymous_23)
FN:138,(anonymous_24)
FN:138,(anonymous_25)
FN:146,(anonymous_27)
FN:178,(anonymous_28)
FN:196,(anonymous_29)
FNF:15
FNH:15
FNDA:64,(anonymous_14)
FNDA:64,(anonymous_15)
FNDA:64,(anonymous_16)
FNDA:64,(anonymous_17)
FNDA:3,(anonymous_18)
FNDA:1,(anonymous_19)
FNDA:9,(anonymous_20)
FNDA:11,(anonymous_21)
FNDA:4,(anonymous_22)
FNDA:4,(anonymous_23)
FNDA:6,(anonymous_24)
FNDA:6,(anonymous_25)
FNDA:1,(anonymous_27)
FNDA:3,(anonymous_28)
FNDA:20,(anonymous_29)
DA:1,1
DA:2,1
DA:3,1
DA:4,1
DA:5,1
DA:6,1
DA:7,1
DA:8,1
DA:16,64
DA:17,64
DA:18,64
DA:20,64
DA:21,64
DA:22,64
DA:24,64
DA:25,64
DA:26,64
DA:27,64
DA:28,64
DA:29,64
DA:30,64
DA:31,64
DA:34,64
DA:35,3
DA:36,3
DA:37,3
DA:38,3
DA:39,3
DA:43,64
DA:44,1
DA:45,1
DA:46,1
DA:47,1
DA:48,1
DA:52,64
DA:53,9
DA:54,9
DA:56,9
DA:57,8
DA:58,8
DA:59,8
DA:60,8
DA:65,64
DA:66,11
DA:68,11
DA:69,11
DA:72,11
DA:74,6
DA:77,6
DA:78,6
DA:81,6
DA:83,6
DA:86,6
DA:87,6
DA:90,5
DA:92,5
DA:94,5
DA:97,5
DA:99,4
DA:101,4
DA:104,4
DA:105,4
DA:108,4
DA:110,4
DA:111,4
DA:117,64
DA:118,4
DA:119,4
DA:121,4
DA:122,3
DA:123,3
DA:125,3
DA:128,3
DA:129,0
DA:132,3
DA:133,3
DA:138,64
DA:140,6
DA:142,1
DA:143,1
DA:144,5
DA:146,2
DA:148,2
DA:149,1
DA:150,1
DA:153,1
DA:154,1
DA:155,1
DA:159,3
DA:161,3
DA:174,3
DA:175,3
DA:178,64
DA:179,3
DA:180,1
DA:181,1
DA:184,2
DA:185,1
DA:186,1
DA:190,1
DA:196,64
DA:198,20
DA:199,20
DA:202,20
DA:203,20
DA:205,20
DA:206,20
DA:207,20
DA:211,64
LF:109
LH:108
BRDA:54,0,0,9
BRDA:54,0,1,5
BRDA:56,1,0,8
BRDA:69,2,0,0
BRDA:72,3,0,6
BRDA:72,3,1,5
BRDA:90,4,0,5
BRDA:94,5,0,5
BRDA:94,5,1,1
BRDA:94,6,0,1
BRDA:94,6,1,4
BRDA:94,7,0,5
BRDA:94,7,1,5
BRDA:97,8,0,4
BRDA:97,9,0,5
BRDA:97,9,1,5
BRDA:121,10,0,3
BRDA:121,11,0,4
BRDA:121,11,1,3
BRDA:128,12,0,0
BRDA:128,13,0,3
BRDA:128,13,1,2
BRDA:140,14,0,1
BRDA:140,14,1,5
BRDA:140,15,0,6
BRDA:140,15,1,4
BRDA:144,16,0,2
BRDA:148,17,0,1
BRDA:148,18,0,2
BRDA:148,18,1,1
BRDA:148,19,0,1
BRDA:148,19,1,1
BRDA:148,20,0,2
BRDA:148,20,1,2
BRDA:153,21,0,1
BRDA:164,22,0,3
BRDA:164,22,1,0
BRDA:169,23,0,0
BRDA:169,23,1,3
BRDA:169,24,0,3
BRDA:169,24,1,0
BRDA:179,25,0,1
BRDA:179,25,1,2
BRDA:182,26,0,1
BRDA:182,26,1,0
BRDA:184,27,0,1
BRDA:184,27,1,1
BRDA:184,28,0,2
BRDA:184,28,1,1
BRDA:187,29,0,1
BRDA:187,29,1,0
BRDA:187,30,0,1
BRDA:187,30,1,0
BRDA:191,31,0,1
BRDA:191,31,1,0
BRDA:205,32,0,20
BRDA:205,33,0,20
BRDA:205,33,1,20
BRF:58
BRH:49
end_of_record
TN:
SF:src/utils/format/adjustInputValue.ts
FN:2,adjustInputValue
FNF:1
FNH:1
FNDA:45,adjustInputValue
DA:2,2
DA:3,45
DA:4,3
DA:8,42
DA:11,42
DA:12,42
DA:13,15
DA:17,42
DA:19,12
DA:20,5
DA:25,42
DA:26,3
DA:30,42
DA:31,4
DA:34,42
LF:15
LH:15
BRDA:3,0,0,3
BRDA:12,1,0,15
BRDA:17,2,0,12
BRDA:17,3,0,42
BRDA:17,3,1,16
BRDA:19,4,0,5
BRDA:25,5,0,3
BRDA:30,6,0,4
BRF:8
BRH:8
end_of_record
TN:
SF:src/utils/format/adjustSize.ts
FN:2,adjustSize
FNF:1
FNH:1
FNDA:12,adjustSize
DA:2,1
DA:3,12
DA:6,12
DA:9,12
DA:10,2
DA:15,10
DA:16,0
DA:20,10
DA:21,2
DA:24,8
DA:25,4
DA:26,4
DA:30,12
LF:13
LH:12
BRDA:9,0,0,2
BRDA:9,0,1,10
BRDA:15,1,0,0
BRDA:20,2,0,2
BRDA:20,2,1,8
BRDA:24,3,0,4
BRF:6
BRH:5
end_of_record
TN:
SF:src/utils/format/formatWithComas.ts
FN:2,formatWithComas
FNF:1
FNH:1
FNDA:10,formatWithComas
DA:2,1
DA:3,10
DA:5,8
DA:6,4
DA:7,4
DA:8,2
DA:9,2
DA:11,2
DA:14,4
DA:15,4
DA:17,6
DA:18,6
DA:20,6
LF:13
LH:13
BRDA:3,0,0,8
BRDA:5,1,0,4
BRDA:7,2,0,2
BRDA:14,3,0,1
BRF:4
BRH:4
end_of_record
TN:
SF:src/utils/format/limitDecimalPlace.ts
FN:2,limitDecimalPlace
FNF:1
FNH:1
FNDA:26,limitDecimalPlace
DA:2,2
DA:4,26
DA:5,2
DA:9,24
DA:10,2
DA:14,22
DA:15,22
DA:16,4
DA:19,18
DA:20,18
DA:22,3
DA:23,3
DA:25,15
LF:13
LH:13
BRDA:4,0,0,2
BRDA:9,1,0,2
BRDA:15,2,0,4
BRDA:19,3,0,18
BRDA:19,3,1,3
BRDA:20,4,0,3
BRF:6
BRH:6
end_of_record
